2017/11/16 10:54:54 にビルドを開始しました。
     1>ノード 2 上のプロジェクト "C:\Users\Administrator\Documents\GitHub\urg_library\current\vs2010\cpp\urg_cpp\urg_cpp.vcxproj" (Build ターゲット)。
     1>ツール バージョン "15.0" でビルドしています。
     1>ファイル "C:\Program Files (x86)\Microsoft Visual Studio\2017\Community\MSBuild\15.0\Bin\Microsoft.Common.CurrentVersion.targets" 内にある、プロジェクト "C:\Users\Administrator\Documents\GitHub\urg_library\current\vs2010\cpp\urg_cpp\urg_cpp.vcxproj" からのターゲット "_CheckForInvalidConfigurationAndPlatform" (ターゲット "_PrepareForBuild" は依存):
       false 条件のため、タスク "Error" を省略しました。( '$(_InvalidConfigurationError)' == 'true' ) は ( '' == 'true' ) として評価されました。
       false 条件のため、タスク "Warning" を省略しました。( '$(_InvalidConfigurationWarning)' == 'true' ) は ( '' == 'true' ) として評価されました。
       タスク "Message"
         Configuration=Debug
       タスク "Message" の実行が終了しました。
       タスク "Message"
         Platform=Win32
       タスク "Message" の実行が終了しました。
       false 条件のため、タスク "Error" を省略しました。('$(OutDir)' != '' and !HasTrailingSlash('$(OutDir)')) は ('C:\Users\Administrator\Documents\GitHub\urg_library\current\vs2010\cpp\Debug\' != '' and !HasTrailingSlash('C:\Users\Administrator\Documents\GitHub\urg_library\current\vs2010\cpp\Debug\')) として評価されました。
       false 条件のため、タスク "Error" を省略しました。('$(BaseIntermediateOutputPath)' != '' and !HasTrailingSlash('$(BaseIntermediateOutputPath)')) は ('obj\' != '' and !HasTrailingSlash('obj\')) として評価されました。
       false 条件のため、タスク "Error" を省略しました。('$(IntermediateOutputPath)' != '' and !HasTrailingSlash('$(IntermediateOutputPath)')) は ('Debug\' != '' and !HasTrailingSlash('Debug\')) として評価されました。
     1>プロジェクト "urg_cpp.vcxproj" 内のターゲット "_CheckForInvalidConfigurationAndPlatform" のビルドが終了しました。
     1>ファイル "C:\Program Files (x86)\Microsoft Visual Studio\2017\Community\Common7\IDE\VC\VCTargets\Microsoft.BuildSteps.Targets" 内にある、プロジェクト "C:\Users\Administrator\Documents\GitHub\urg_library\current\vs2010\cpp\urg_cpp\urg_cpp.vcxproj" からのターゲット "_PrepareForBuild" (ターゲット "Build" は依存):
       false 条件のため、タスク "CreateItem" を省略しました。('%(CustomBuild.IncludeFileToTool)'!='') は (''!='') として評価されました。
     1>プロジェクト "urg_cpp.vcxproj" 内のターゲット "_PrepareForBuild" のビルドが終了しました。
     1>ファイル "C:\Program Files (x86)\Microsoft Visual Studio\2017\Community\Common7\IDE\VC\VCTargets\Microsoft.CppBuild.targets" 内にある、プロジェクト "C:\Users\Administrator\Documents\GitHub\urg_library\current\vs2010\cpp\urg_cpp\urg_cpp.vcxproj" からのターゲット "_PrepareForReferenceResolution" (ターゲット "ResolveReferences" は依存):
       false 条件のため、タスク "Message" を省略しました。('$(_REFERENCE_DEBUG)'=='true') は (''=='true') として評価されました。
     1>プロジェクト "urg_cpp.vcxproj" 内のターゲット "_PrepareForReferenceResolution" のビルドが終了しました。
       false 条件により、ターゲット "ComputeCrtSDKReference" を省略しました。('@(ClCompile)'!='' and '$(WindowsAppContainer)'=='true' and '$(UseCrtSDKReference)' != 'false') は ('..\..\..\src\ticks.cpp;..\..\..\src\Urg_driver.cpp'!='' and 'false'=='true' and '' != 'false') として評価されました。
     1>ファイル "C:\Program Files (x86)\Microsoft Visual Studio\2017\Community\MSBuild\15.0\Bin\Microsoft.Common.CurrentVersion.targets" 内にある、プロジェクト "C:\Users\Administrator\Documents\GitHub\urg_library\current\vs2010\cpp\urg_cpp\urg_cpp.vcxproj" からのターゲット "BeforeResolveReferences" (ターゲット "ResolveReferences" は依存):
     1>プロジェクト "urg_cpp.vcxproj" 内のターゲット "BeforeResolveReferences" のビルドが終了しました。
     1>ファイル "C:\Program Files (x86)\Microsoft Visual Studio\2017\Community\MSBuild\15.0\Bin\Microsoft.Common.CurrentVersion.targets" 内にある、プロジェクト "C:\Users\Administrator\Documents\GitHub\urg_library\current\vs2010\cpp\urg_cpp\urg_cpp.vcxproj" からのターゲット "AssignProjectConfiguration" (ターゲット "ResolveReferences" は依存):
       タスク "AssignProjectConfiguration"
       タスク "AssignProjectConfiguration" の実行が終了しました。
     1>プロジェクト "urg_cpp.vcxproj" 内のターゲット "AssignProjectConfiguration" のビルドが終了しました。
       ターゲット "AssignProjectConfiguration" を省略しました。以前に正しくビルドされていました。
     1>ファイル "C:\Program Files (x86)\Microsoft Visual Studio\2017\Community\MSBuild\15.0\Bin\Microsoft.Common.CurrentVersion.targets" 内にある、プロジェクト "C:\Users\Administrator\Documents\GitHub\urg_library\current\vs2010\cpp\urg_cpp\urg_cpp.vcxproj" からのターゲット "_SplitProjectReferencesByFileExistence" (ターゲット "PrepareProjectReferences" は依存):
       false 条件のため、タスク "ResolveNonMSBuildProjectOutput" を省略しました。('$(BuildingInsideVisualStudio)'=='true' and '@(ProjectReferenceWithConfiguration)'!='') は ('true'=='true' and ''!='') として評価されました。
     1>プロジェクト "urg_cpp.vcxproj" 内のターゲット "_SplitProjectReferencesByFileExistence" のビルドが終了しました。
     1>ファイル "C:\Program Files (x86)\Microsoft Visual Studio\2017\Community\MSBuild\15.0\Bin\Microsoft.Common.CurrentVersion.targets" 内にある、プロジェクト "C:\Users\Administrator\Documents\GitHub\urg_library\current\vs2010\cpp\urg_cpp\urg_cpp.vcxproj" からのターゲット "_GetProjectReferenceTargetFrameworkProperties" (ターゲット "PrepareProjectReferences" は依存):
       タスク "MSBuild"
       タスク "MSBuild" の実行が終了しました。
     1>プロジェクト "urg_cpp.vcxproj" 内のターゲット "_GetProjectReferenceTargetFrameworkProperties" のビルドが終了しました。
     1>ファイル "C:\Program Files (x86)\Microsoft Visual Studio\2017\Community\MSBuild\15.0\Bin\Microsoft.Common.CurrentVersion.targets" 内にある、プロジェクト "C:\Users\Administrator\Documents\GitHub\urg_library\current\vs2010\cpp\urg_cpp\urg_cpp.vcxproj" からのターゲット "PrepareProjectReferences" (ターゲット "ResolveProjectReferences" は依存):
     1>プロジェクト "urg_cpp.vcxproj" 内のターゲット "PrepareProjectReferences" のビルドが終了しました。
       false 条件により、ターゲット "_RemoveNameMetadataFromProjectReferenceItems" を省略しました。('@(ProjectReference)'!='') は (''!='') として評価されました。
     1>ファイル "C:\Program Files (x86)\Microsoft Visual Studio\2017\Community\MSBuild\15.0\Bin\Microsoft.Common.CurrentVersion.targets" 内にある、プロジェクト "C:\Users\Administrator\Documents\GitHub\urg_library\current\vs2010\cpp\urg_cpp\urg_cpp.vcxproj" からのターゲット "ResolveProjectReferences" (ターゲット "ResolveReferences" は依存):
       false 条件のため、タスク "MSBuild" を省略しました。('%(_MSBuildProjectReferenceExistent.BuildReference)' == 'true' and '@(ProjectReferenceWithConfiguration)' != '' and ('$(BuildingInsideVisualStudio)' == 'true' or '$(BuildProjectReferences)' != 'true') and '$(VisualStudioVersion)' != '10.0' and '@(_MSBuildProjectReferenceExistent)' != '') は ('' == 'true' and '' != '' and ('true' == 'true' or 'true' != 'true') and '15.0' != '10.0' and '' != '') として評価されました。
       false 条件のため、タスク "MSBuild" を省略しました。('%(_MSBuildProjectReferenceExistent.BuildReference)' == 'true' and '@(ProjectReferenceWithConfiguration)' != '' and ('$(BuildingInsideVisualStudio)' == 'true' or '$(BuildProjectReferences)' != 'true') and '$(VisualStudioVersion)' == '10.0' and '@(_MSBuildProjectReferenceExistent)' != '') は ('' == 'true' and '' != '' and ('true' == 'true' or 'true' != 'true') and '15.0' == '10.0' and '' != '') として評価されました。
       false 条件のため、タスク "MSBuild" を省略しました。('%(_MSBuildProjectReferenceExistent.BuildReference)' == 'true' and '@(ProjectReferenceWithConfiguration)' != '' and '$(BuildingInsideVisualStudio)' != 'true' and '$(BuildProjectReferences)' == 'true' and '@(_MSBuildProjectReferenceExistent)' != '') は ('' == 'true' and '' != '' and 'true' != 'true' and 'true' == 'true' and '' != '') として評価されました。
       false 条件のため、タスク "MSBuild" を省略しました。('%(_MSBuildProjectReferenceExistent.BuildReference)' == 'true' and '@(ProjectReferenceWithConfiguration)' != '' and '$(BuildingProject)' == 'true' and '@(_MSBuildProjectReferenceExistent)' != '') は ('' == 'true' and '' != '' and 'true' == 'true' and '' != '') として評価されました。
       false 条件のため、タスク "Warning" を省略しました。('@(ProjectReferenceWithConfiguration)' != '' and '@(_MSBuildProjectReferenceNonexistent)' != '') は ('' != '' and '' != '') として評価されました。
     1>プロジェクト "urg_cpp.vcxproj" 内のターゲット "ResolveProjectReferences" のビルドが終了しました。
       false 条件により、ターゲット "FindInvalidProjectReferences" を省略しました。('$(FindInvalidProjectReferences)' == 'true') は ('' == 'true') として評価されました。
       false 条件により、ターゲット "ResolveNativeReferences" を省略しました。('@(NativeReference)'!='') は (''!='') として評価されました。
       ターゲット "_PrepareForReferenceResolution" を省略しました。以前に正しくビルドされていました。
     1>ファイル "C:\Program Files (x86)\Microsoft Visual Studio\2017\Community\MSBuild\15.0\Bin\Microsoft.NETFramework.CurrentVersion.targets" 内にある、プロジェクト "C:\Users\Administrator\Documents\GitHub\urg_library\current\vs2010\cpp\urg_cpp\urg_cpp.vcxproj" からのターゲット "GetFrameworkPaths" (ターゲット "ResolveAssemblyReferences" は依存):
     1>プロジェクト "urg_cpp.vcxproj" 内のターゲット "GetFrameworkPaths" のビルドが終了しました。
       false 条件により、ターゲット "GetWinFXPath" を省略しました。(('@(Page)' != '' or '@(ApplicationDefinition)' != '' or '@(Resource)' != '') and ('$(GetWinFXNativePath)' != '' or '$(GetWinFXWoWPath)' != '' )) は (('' != '' or '' != '' or '' != '') and ('' != '' or '' != '' )) として評価されました。
     1>ファイル "C:\Program Files (x86)\Microsoft Visual Studio\2017\Community\MSBuild\15.0\Bin\Microsoft.Common.CurrentVersion.targets" 内にある、プロジェクト "C:\Users\Administrator\Documents\GitHub\urg_library\current\vs2010\cpp\urg_cpp\urg_cpp.vcxproj" からのターゲット "GetReferenceAssemblyPaths" (ターゲット "ResolveAssemblyReferences" は依存):
       false 条件のため、タスク "GetReferenceAssemblyPaths" を省略しました。('$(TargetFrameworkMoniker)' != '' and ('$(_TargetFrameworkDirectories)' == '' or '$(_FullFrameworkReferenceAssemblyPaths)' == '')) は ('' != '' and ('C:\Program Files (x86)\Reference Assemblies\Microsoft\Framework\.NETFramework\v4.0' == '' or 'C:\Program Files (x86)\Reference Assemblies\Microsoft\Framework\.NETFramework\v4.0' == '')) として評価されました。
     1>プロジェクト "urg_cpp.vcxproj" 内のターゲット "GetReferenceAssemblyPaths" のビルドが終了しました。
     1>ファイル "C:\Program Files (x86)\Microsoft Visual Studio\2017\Community\Common7\IDE\VC\VCTargets\Microsoft.Cpp.Current.targets" 内にある、プロジェクト "C:\Users\Administrator\Documents\GitHub\urg_library\current\vs2010\cpp\urg_cpp\urg_cpp.vcxproj" からのターゲット "SetBuildDefaultEnvironmentVariables" (ターゲット "PrepareForBuild" は依存):
       "SetEnv" タスクをアセンブリ "C:\Program Files (x86)\Microsoft Visual Studio\2017\Community\Common7\IDE\VC\VCTargets\Microsoft.Build.CppTasks.Common.dll" から使用しています。
       タスク "SetEnv"
         PATH=C:\Program Files (x86)\Microsoft Visual Studio\2017\Community\VC\Tools\MSVC\14.11.25503\bin\HostX86\x86;C:\Program Files (x86)\Windows Kits\10\bin\10.0.16299.0\x86;;C:\Program Files (x86)\Microsoft SDKs\Windows\v10.0A\bin\NETFX 4.6.1 Tools;C:\Program Files (x86)\Microsoft Visual Studio\2017\Community\Common7\tools;C:\Program Files (x86)\Microsoft Visual Studio\2017\Community\Common7\ide;C:\Program Files (x86)\HTML Help Workshop;;C:\Program Files (x86)\Microsoft Visual Studio\2017\Community\MSBuild\15.0\Bin;C:\windows\Microsoft.NET\Framework\v4.0.30319\;C:\windows\SysWow64;;C:\Program Files (x86)\Microsoft Visual Studio\2017\Community\Common7\IDE\Extensions\GitHub\GitHub\lib\win32\x86;C:\app\Administrator\product\11.2.0\client_1\bin;C:\Program Files (x86)\Intel\iCLS Client\;C:\Program Files\Intel\iCLS Client\;C:\windows\system32;C:\windows;C:\windows\System32\Wbem;C:\windows\System32\WindowsPowerShell\v1.0\;C:\Program Files (x86)\Intel\Intel(R) Management Engine Components\DAL;C:\Program Files\Intel\Intel(R) Management Engine Components\DAL;C:\Program Files (x86)\Intel\Intel(R) Management Engine Components\IPT;C:\Program Files\Intel\Intel(R) Management Engine Components\IPT;C:\Program Files (x86)\Toshiba\Bluetooth Toshiba Stack\sys\;C:\Program Files (x86)\Toshiba\Bluetooth Toshiba Stack\sys\x64\;C:\Program Files\Intel\WiFi\bin\;C:\Program Files\Common Files\Intel\WirelessCommon\;C:\Program Files\dotnet\;C:\Program Files\Microsoft SQL Server\130\Tools\Binn\;C:\Program Files\TortoiseHg\;C:\Program Files\Git\cmd;C:\Program Files\EmEditor;;C:\Program Files\UrgBenriPlus;
       タスク "SetEnv" の実行が終了しました。
       タスク "SetEnv"
         LIB=C:\Program Files (x86)\Microsoft Visual Studio\2017\Community\VC\Tools\MSVC\14.11.25503\lib\x86;;C:\Program Files (x86)\Microsoft Visual Studio\2017\Community\VC\Tools\MSVC\14.11.25503\atlmfc\lib\x86;;C:\Program Files (x86)\Microsoft Visual Studio\2017\Community\VC\Auxiliary\VS\lib\x86;;C:\Program Files (x86)\Windows Kits\10\lib\10.0.16299.0\ucrt\x86;;;C:\Program Files (x86)\Microsoft Visual Studio\2017\Community\VC\Auxiliary\VS\UnitTest\lib;C:\Program Files (x86)\Windows Kits\10\lib\10.0.16299.0\um\x86;lib\um\x86;;C:\Program Files (x86)\Windows Kits\NETFXSDK\4.6.1\Lib\um\x86
       タスク "SetEnv" の実行が終了しました。
       タスク "SetEnv"
         LIBPATH=C:\Program Files (x86)\Microsoft Visual Studio\2017\Community\VC\Tools\MSVC\14.11.25503\atlmfc\lib\x86;;C:\Program Files (x86)\Microsoft Visual Studio\2017\Community\VC\Tools\MSVC\14.11.25503\lib\x86;
       タスク "SetEnv" の実行が終了しました。
       タスク "SetEnv"
         INCLUDE=C:\Program Files (x86)\Microsoft Visual Studio\2017\Community\VC\Tools\MSVC\14.11.25503\include;;C:\Program Files (x86)\Microsoft Visual Studio\2017\Community\VC\Tools\MSVC\14.11.25503\atlmfc\include;;C:\Program Files (x86)\Microsoft Visual Studio\2017\Community\VC\Auxiliary\VS\include;;C:\Program Files (x86)\Windows Kits\10\Include\10.0.16299.0\ucrt;;;C:\Program Files (x86)\Microsoft Visual Studio\2017\Community\VC\Auxiliary\VS\UnitTest\include;C:\Program Files (x86)\Windows Kits\10\Include\10.0.16299.0\um;C:\Program Files (x86)\Windows Kits\10\Include\10.0.16299.0\shared;C:\Program Files (x86)\Windows Kits\10\Include\10.0.16299.0\winrt;Include\um;
       タスク "SetEnv" の実行が終了しました。
     1>プロジェクト "urg_cpp.vcxproj" 内のターゲット "SetBuildDefaultEnvironmentVariables" のビルドが終了しました。
       false 条件により、ターゲット "SetUserMacroEnvironmentVariables" を省略しました。('@(BuildMacro)' != '' and '$(DesignTimeBuild)' != 'true') は ('' != '' and '' != 'true') として評価されました。
     1>ファイル "C:\Program Files (x86)\Microsoft Visual Studio\2017\Community\Common7\IDE\VC\VCTargets\Microsoft.CppBuild.targets" 内にある、プロジェクト "C:\Users\Administrator\Documents\GitHub\urg_library\current\vs2010\cpp\urg_cpp\urg_cpp.vcxproj" からのターゲット "GetResolvedWinMD" (ターゲット "PrepareForBuild" は依存):
     1>プロジェクト "urg_cpp.vcxproj" 内のターゲット "GetResolvedWinMD" のビルドが終了しました。
     1>ファイル "C:\Program Files (x86)\Microsoft Visual Studio\2017\Community\Common7\IDE\VC\VCTargets\Microsoft.Cpp.Platform.targets" 内にある、プロジェクト "C:\Users\Administrator\Documents\GitHub\urg_library\current\vs2010\cpp\urg_cpp\urg_cpp.vcxproj" からのターゲット "PlatformPrepareForBuild" (ターゲット "PrepareForBuild" は依存):
       false 条件のため、タスク "VCMessage" を省略しました。('$(_Error64bitToolsNotInstalled)' == 'true') は ('' == 'true') として評価されました。
       false 条件のため、タスク "VCMessage" を省略しました。('$(DesignTimeBuild)'!='true' and '$(_ToolsetFound)' != 'true' and '$(PlatformToolset)' == 'v110') は (''!='true' and 'true' != 'true' and 'v141' == 'v110') として評価されました。
       false 条件のため、タスク "VCMessage" を省略しました。('$(DesignTimeBuild)'!='true' and '$(_ToolsetFound)' != 'true' and '$(PlatformToolset)' == 'v100') は (''!='true' and 'true' != 'true' and 'v141' == 'v100') として評価されました。
       false 条件のため、タスク "VCMessage" を省略しました。('$(DesignTimeBuild)'!='true' and '$(_ToolsetFound)' != 'true' and '$(PlatformToolset)' == 'v90') は (''!='true' and 'true' != 'true' and 'v141' == 'v90') として評価されました。
       false 条件のため、タスク "VCMessage" を省略しました。('$(DesignTimeBuild)'!='true' and '$(_ToolsetFound)' != 'true' and '$(PlatformToolset)' != 'v90' and '$(PlatformToolset)' != 'v100' and '$(PlatformToolset)' != 'v110') は (''!='true' and 'true' != 'true' and 'v141' != 'v90' and 'v141' != 'v100' and 'v141' != 'v110') として評価されました。
     1>プロジェクト "urg_cpp.vcxproj" 内のターゲット "PlatformPrepareForBuild" のビルドが終了しました。
     1>ファイル "C:\Program Files (x86)\Microsoft Visual Studio\2017\Community\Common7\IDE\VC\VCTargets\Platforms\Win32\PlatformToolsets\v141\Toolset.targets" 内にある、プロジェクト "C:\Users\Administrator\Documents\GitHub\urg_library\current\vs2010\cpp\urg_cpp\urg_cpp.vcxproj" からのターゲット "Desktop_PlatformPrepareForBuild" (ターゲット "PrepareForBuild" は依存):
       false 条件のため、タスク "VCMessage" を省略しました。($(MissingSDKProps) == 'true') は ( == 'true') として評価されました。
     1>プロジェクト "urg_cpp.vcxproj" 内のターゲット "Desktop_PlatformPrepareForBuild" のビルドが終了しました。
       ターゲット "GetFrameworkPaths" を省略しました。以前に正しくビルドされていました。
       ターゲット "GetReferenceAssemblyPaths" を省略しました。以前に正しくビルドされていました。
       false 条件により、ターゲット "AssignLinkMetadata" を省略しました。( '$(SynthesizeLinkMetadata)' == 'true' ) は ( '' == 'true' ) として評価されました。
     1>ファイル "C:\Program Files (x86)\Microsoft Visual Studio\2017\Community\MSBuild\Microsoft\VisualStudio\v15.0\CodeAnalysis\Microsoft.CodeAnalysis.targets" 内にある、プロジェクト "C:\Users\Administrator\Documents\GitHub\urg_library\current\vs2010\cpp\urg_cpp\urg_cpp.vcxproj" からのターゲット "SetCABuildNativeEnvironmentVariables" (ターゲット "PrepareForBuild" は依存):
       タスク ファクトリ "CodeTaskFactory" をアセンブリ "C:\Program Files (x86)\Microsoft Visual Studio\2017\Community\MSBuild\15.0\Bin\Microsoft.Build.Tasks.Core.dll" から初期化しています。
       タスク ファクトリ "Code Task Factory" の "SetEnvironmentVariable" タスクを使用しています。
       タスク "SetEnvironmentVariable"
       タスク "SetEnvironmentVariable" の実行が終了しました。
     1>プロジェクト "urg_cpp.vcxproj" 内のターゲット "SetCABuildNativeEnvironmentVariables" のビルドが終了しました。
     1>ファイル "C:\Program Files (x86)\Microsoft Visual Studio\2017\Community\Common7\IDE\VC\VCTargets\Microsoft.CppBuild.targets" 内にある、プロジェクト "C:\Users\Administrator\Documents\GitHub\urg_library\current\vs2010\cpp\urg_cpp\urg_cpp.vcxproj" からのターゲット "PrepareForBuild" (ターゲット "ResolveAssemblyReferences" は依存):
       false 条件のため、タスク "VCMessage" を省略しました。('$(DesignTimeBuild)' != 'true' and '$(ConfigurationPlatformExists)' != 'true') は ('' != 'true' and 'true' != 'true') として評価されました。
       タスク "MakeDir"
       タスク "MakeDir" の実行が終了しました。
       false 条件のため、タスク "VCMessage" を省略しました。('$(DesignTimeBuild)'!='true' and '$(WindowsAppContainer)'=='true' and '$(ConfigurationType)'!='Application' and '$(ConfigurationType)'!='DynamicLibrary' and '$(ConfigurationType)'!='StaticLibrary') は (''!='true' and 'false'=='true' and 'StaticLibrary'!='Application' and 'StaticLibrary'!='DynamicLibrary' and 'StaticLibrary'!='StaticLibrary') として評価されました。
       false 条件のため、タスク "VCMessage" を省略しました。('$(DesignTimeBuild)'!='true' and '$(VCToolsInstallDir)'=='' and '$(UseEnv)' != 'true' and ('$(TargetFrameworkVersion)'=='v3.5' or '$(TargetFrameworkVersion)'=='v3.0' or '$(TargetFrameworkVersion)'=='v2.0' )) は (''!='true' and 'C:\Program Files (x86)\Microsoft Visual Studio\2017\Community\VC\Tools\MSVC\14.11.25503\'=='' and '' != 'true' and ('v4.0'=='v3.5' or 'v4.0'=='v3.0' or 'v4.0'=='v2.0' )) として評価されました。
       false 条件のため、タスク "VCMessage" を省略しました。('$(DesignTimeBuild)'!='true' and '$(VCToolsInstallDir)'=='' and '$(UseEnv)' != 'true' and '$(PlatformToolset)'=='v90') は (''!='true' and 'C:\Program Files (x86)\Microsoft Visual Studio\2017\Community\VC\Tools\MSVC\14.11.25503\'=='' and '' != 'true' and 'v141'=='v90') として評価されました。
       false 条件のため、タスク "VCMessage" を省略しました。('$(DesignTimeBuild)'!='true' and '$(VCToolsInstallDir)'=='' and '$(UseEnv)' != 'true') は (''!='true' and 'C:\Program Files (x86)\Microsoft Visual Studio\2017\Community\VC\Tools\MSVC\14.11.25503\'=='' and '' != 'true') として評価されました。
       false 条件のため、タスク "VCMessage" を省略しました。('$(DesignTimeBuild)'!='true' and '$(WindowsSDKDir)'=='' and '$(UseEnv)' != 'true') は (''!='true' and 'C:\Program Files (x86)\Windows Kits\10\'=='' and '' != 'true') として評価されました。
       false 条件のため、タスク "VCMessage" を省略しました。('$(DesignTimeBuild)'!='true' and '$(IntDirTrailingSlashWarning)'=='true') は (''!='true' and ''=='true') として評価されました。
       false 条件のため、タスク "VCMessage" を省略しました。('$(DesignTimeBuild)'!='true' and '$(OutDirTrailingSlashWarning)'=='true') は (''!='true' and ''=='true') として評価されました。
       false 条件のため、タスク "VCMessage" を省略しました。('%(CompatibilityIssues.Identity)' != '' and '$(DesignTimeBuild)'!='true') は ('' != '' and ''!='true') として評価されました。
       false 条件のため、タスク "VCMessage" を省略しました。('$(IgnoreWarnIntDirSharingDetected)' != 'true' and '$(IntDirSharingDetected)' == 'true') は ('' != 'true' and '' == 'true') として評価されました。
       false 条件のため、タスク "VCMessage" を省略しました。('$(DesignTimeBuild)'!='true' and '$(IgnoreWarnIntDirInTempDetected)' != 'true' and ('$(_IntDirFullpath.StartsWith($(Tmp), true, null))' == 'true' or '$(_IntDirFullpath.StartsWith($(Temp), true, null))' == 'true' or '$(_OutDirFullpath.StartsWith($(Tmp), true, null))' == 'true' or '$(_OutDirFullpath.StartsWith($(Temp), true, null))' == 'true')) は (''!='true' and '' != 'true' and ('False' == 'true' or 'False' == 'true' or 'False' == 'true' or 'False' == 'true')) として評価されました。
       タスク "MakeDir"
       タスク "MakeDir" の実行が終了しました。
     1>プロジェクト "urg_cpp.vcxproj" 内のターゲット "PrepareForBuild" のビルドが終了しました。
       ターゲット "_PrepareForReferenceResolution" を省略しました。以前に正しくビルドされていました。
       false 条件により、ターゲット "ComputeCrtSDKReference" を省略しました。('@(ClCompile)'!='' and '$(WindowsAppContainer)'=='true' and '$(UseCrtSDKReference)' != 'false') は ('..\..\..\src\ticks.cpp;..\..\..\src\Urg_driver.cpp'!='' and 'false'=='true' and '' != 'false') として評価されました。
     1>ファイル "C:\Program Files (x86)\Microsoft Visual Studio\2017\Community\MSBuild\15.0\Bin\Microsoft.Common.CurrentVersion.targets" 内にある、プロジェクト "C:\Users\Administrator\Documents\GitHub\urg_library\current\vs2010\cpp\urg_cpp\urg_cpp.vcxproj" からのターゲット "GetInstalledSDKLocations" (ターゲット "ResolveSDKReferences" は依存):
       false 条件のため、タスク "GetInstalledSDKLocations" を省略しました。('@(SDKReference)' != '') は ('' != '') として評価されました。
       false 条件のため、タスク "GetInstalledSDKLocations" を省略しました。('@(SDKReference)' != '' and '$(SupportWindows81SDKs)' == 'true' and '$(TargetPlatformIdentifierWindows81)' != '' and '$(TargetPlatformVersionWindows81)' != '') は ('' != '' and '' == 'true' and '' != '' and '' != '') として評価されました。
       false 条件のため、タスク "GetInstalledSDKLocations" を省略しました。('@(SDKReference)' != '' and '$(SupportWindowsPhone81SDKs)' == 'true' and '$(TargetPlatformIdentifierWindowsPhone81)' != '' and '$(TargetPlatformVersionWindowsPhone81)' != '') は ('' != '' and '' == 'true' and '' != '' and '' != '') として評価されました。
     1>プロジェクト "urg_cpp.vcxproj" 内のターゲット "GetInstalledSDKLocations" のビルドが終了しました。
     1>ファイル "C:\Program Files (x86)\Microsoft Visual Studio\2017\Community\MSBuild\15.0\Bin\Microsoft.Common.CurrentVersion.targets" 内にある、プロジェクト "C:\Users\Administrator\Documents\GitHub\urg_library\current\vs2010\cpp\urg_cpp\urg_cpp.vcxproj" からのターゲット "ResolveSDKReferences" (ターゲット "ResolveAssemblyReferences" は依存):
       false 条件のため、タスク "ResolveSDKReference" を省略しました。('@(SDKReference)'!='') は (''!='') として評価されました。
     1>プロジェクト "urg_cpp.vcxproj" 内のターゲット "ResolveSDKReferences" のビルドが終了しました。
       ターゲット "ResolveSDKReferences" を省略しました。以前に正しくビルドされていました。
     1>ファイル "C:\Program Files (x86)\Microsoft Visual Studio\2017\Community\MSBuild\15.0\Bin\Microsoft.Common.CurrentVersion.targets" 内にある、プロジェクト "C:\Users\Administrator\Documents\GitHub\urg_library\current\vs2010\cpp\urg_cpp\urg_cpp.vcxproj" からのターゲット "ExpandSDKReferences" (ターゲット "ResolveAssemblyReferences" は依存):
       false 条件のため、タスク "GetSDKReferenceFiles" を省略しました。('@(ResolvedSDKReference)'!='') は (''!='') として評価されました。
     1>プロジェクト "urg_cpp.vcxproj" 内のターゲット "ExpandSDKReferences" のビルドが終了しました。
       false 条件により、ターゲット "ResolveNuGetPackageAssets" を省略しました。('$(ResolveNuGetPackages)' == 'true' and exists('$(ProjectLockFile)')) は ('true' == 'true' and exists('obj\project.assets.json')) として評価されました。
       false 条件により、ターゲット "ImplicitlyExpandNETStandardFacades" を省略しました。('$(ImplicitlyExpandNETStandardFacades)' == 'true') は ('' == 'true') として評価されました。
       false 条件により、ターゲット "ImplicitlyExpandNETStandardFacades" を省略しました。('$(ImplicitlyExpandNETStandardFacades)' == 'true') は ('' == 'true') として評価されました。
     1>ファイル "C:\Program Files (x86)\Microsoft Visual Studio\2017\Community\MSBuild\Microsoft\Microsoft.NET.Build.Extensions\Microsoft.NET.Build.Extensions.ConflictResolution.targets" 内にある、プロジェクト "C:\Users\Administrator\Documents\GitHub\urg_library\current\vs2010\cpp\urg_cpp\urg_cpp.vcxproj" からのターゲット "_HandlePackageFileConflicts" (ターゲット "ResolveAssemblyReferences" は依存):
       "ResolvePackageFileConflicts" タスクをアセンブリ "C:\Program Files (x86)\Microsoft Visual Studio\2017\Community\MSBuild\Microsoft\Microsoft.NET.Build.Extensions\\tools\net46\Microsoft.NET.Build.Extensions.Tasks.dll" から使用しています。
       タスク "ResolvePackageFileConflicts"
       タスク "ResolvePackageFileConflicts" の実行が終了しました。
     1>プロジェクト "urg_cpp.vcxproj" 内のターゲット "_HandlePackageFileConflicts" のビルドが終了しました。
     1>ファイル "C:\Program Files (x86)\Microsoft Visual Studio\2017\Community\MSBuild\15.0\Bin\Microsoft.Common.CurrentVersion.targets" 内にある、プロジェクト "C:\Users\Administrator\Documents\GitHub\urg_library\current\vs2010\cpp\urg_cpp\urg_cpp.vcxproj" からのターゲット "ResolveAssemblyReferences" (ターゲット "ResolveReferences" は依存):
       false 条件のため、タスク "ResolveAssemblyReference" を省略しました。('@(Reference)'!='' or '@(_ResolvedProjectReferencePaths)'!='' or '@(_ExplicitReference)' != '') は (''!='' or ''!='' or '' != '') として評価されました。
     1>プロジェクト "urg_cpp.vcxproj" 内のターゲット "ResolveAssemblyReferences" のビルドが終了しました。
       false 条件により、ターゲット "GenerateBindingRedirects" を省略しました。('$(AutoGenerateBindingRedirects)' == 'true' and '$(GenerateBindingRedirectsOutputType)' == 'true') は ('' == 'true' and '' == 'true') として評価されました。
       false 条件により、ターゲット "GenerateBindingRedirectsUpdateAppConfig" を省略しました。('$(AutoGenerateBindingRedirects)' == 'true' and '$(GenerateBindingRedirectsOutputType)' == 'true' and Exists('$(_GenerateBindingRedirectsIntermediateAppConfig)')) は ('' == 'true' and '' == 'true' and Exists('Debug\urg_cpp.vcxproj.urg_cpp.lib.config')) として評価されました。
       false 条件により、ターゲット "ResolveComReferences" を省略しました。('@(COMReference)'!='' or '@(COMFileReference)'!='') は (''!='' or ''!='') として評価されました。
     1>ファイル "C:\Program Files (x86)\Microsoft Visual Studio\2017\Community\MSBuild\15.0\Bin\Microsoft.Common.CurrentVersion.targets" 内にある、プロジェクト "C:\Users\Administrator\Documents\GitHub\urg_library\current\vs2010\cpp\urg_cpp\urg_cpp.vcxproj" からのターゲット "AfterResolveReferences" (ターゲット "ResolveReferences" は依存):
     1>プロジェクト "urg_cpp.vcxproj" 内のターゲット "AfterResolveReferences" のビルドが終了しました。
       false 条件により、ターゲット "ImplicitlyExpandDesignTimeFacades" を省略しました。('$(ImplicitlyExpandDesignTimeFacades)' == 'true') は ('' == 'true') として評価されました。
       false 条件により、ターゲット "ResolveTestReferences" を省略しました。('@(Shadow)'!='') は (''!='') として評価されました。
     1>ファイル "C:\Program Files (x86)\Microsoft Visual Studio\2017\Community\MSBuild\15.0\Bin\Microsoft.Common.CurrentVersion.targets" 内にある、プロジェクト "C:\Users\Administrator\Documents\GitHub\urg_library\current\vs2010\cpp\urg_cpp\urg_cpp.vcxproj" からのターゲット "ResolveReferences" (ターゲット "Build" は依存):
     1>プロジェクト "urg_cpp.vcxproj" 内のターゲット "ResolveReferences" のビルドが終了しました。
       false 条件により、ターゲット "ResolveAdditionalReferenceCopyLocalPathsForIIS" を省略しました。('$(BuildForIIS)' == 'true') は ('' == 'true') として評価されました。
       ターゲット "PrepareForBuild" を省略しました。以前に正しくビルドされていました。
       ターゲット "PrepareForBuild" を省略しました。以前に正しくビルドされていました。
     1>ファイル "C:\Program Files (x86)\Microsoft Visual Studio\2017\Community\Common7\IDE\VC\VCTargets\Microsoft.CppBuild.targets" 内にある、プロジェクト "C:\Users\Administrator\Documents\GitHub\urg_library\current\vs2010\cpp\urg_cpp\urg_cpp.vcxproj" からのターゲット "InitializeBuildStatus" (ターゲット "Build" は依存):
       タスク "ReadLinesFromFile"
       タスク "ReadLinesFromFile" の実行が終了しました。
       タスク "WriteLinesToFile"
       タスク "WriteLinesToFile" の実行が終了しました。
       タスク "Touch"
         "AlwaysCreate" が指定されたため "Debug\urg_cpp.tlog\unsuccessfulbuild" を作成しています。
       タスク "Touch" の実行が終了しました。
     1>プロジェクト "urg_cpp.vcxproj" 内のターゲット "InitializeBuildStatus" のビルドが終了しました。
       ターゲット "PrepareProjectReferences" を省略しました。以前に正しくビルドされていました。
     1>ファイル "C:\Program Files (x86)\Microsoft Visual Studio\2017\Community\MSBuild\15.0\Bin\Microsoft.Common.CurrentVersion.targets" 内にある、プロジェクト "C:\Users\Administrator\Documents\GitHub\urg_library\current\vs2010\cpp\urg_cpp\urg_cpp.vcxproj" からのターゲット "BuildGenerateSourcesTraverse" (ターゲット "BuildGenerateSources" は依存):
       false 条件のため、タスク "MSBuild" を省略しました。('$(BuildPassReferences)' == 'true' and '@(ProjectReferenceWithConfiguration)' != '' and '@(_MSBuildProjectReferenceExistent)' != '' and '%(_MSBuildProjectReferenceExistent.BuildReference)' == 'true') は ('' == 'true' and '' != '' and '' != '' and '' == 'true') として評価されました。
     1>プロジェクト "urg_cpp.vcxproj" 内のターゲット "BuildGenerateSourcesTraverse" のビルドが終了しました。
       ターゲット "PrepareForBuild" を省略しました。以前に正しくビルドされていました。
       ターゲット "ResolveReferences" を省略しました。以前に正しくビルドされていました。
     1>ファイル "C:\Program Files (x86)\Microsoft Visual Studio\2017\Community\Common7\IDE\VC\VCTargets\Microsoft.BuildSteps.Targets" 内にある、プロジェクト "C:\Users\Administrator\Documents\GitHub\urg_library\current\vs2010\cpp\urg_cpp\urg_cpp.vcxproj" からのターゲット "BeforeBuildGenerateSources" (ターゲット "_BuildGenerateSourcesAction" は依存):
     1>プロジェクト "urg_cpp.vcxproj" 内のターゲット "BeforeBuildGenerateSources" のビルドが終了しました。
     1>ファイル "C:\Program Files (x86)\Microsoft Visual Studio\2017\Community\Common7\IDE\VC\VCTargets\Microsoft.CppCommon.targets" 内にある、プロジェクト "C:\Users\Administrator\Documents\GitHub\urg_library\current\vs2010\cpp\urg_cpp\urg_cpp.vcxproj" からのターゲット "PreBuildEvent" (ターゲット "_BuildGenerateSourcesAction" は依存):
       false 条件のため、タスク "Message" を省略しました。('%(PreBuildEvent.Message)' != '' and '%(PreBuildEvent.Command)' != '') は ('' != '' and '' != '') として評価されました。
       false 条件のため、タスク "Exec" を省略しました。('%(PreBuildEvent.Command)' != '') は ('' != '') として評価されました。
     1>プロジェクト "urg_cpp.vcxproj" 内のターゲット "PreBuildEvent" のビルドが終了しました。
       false 条件により、ターゲット "CustomBuild" を省略しました。('@(CustomBuild)' != '') は ('' != '') として評価されました。
       false 条件により、ターゲット "FxExport" を省略しました。('@(FxCompile)' != '') は ('' != '') として評価されました。
       false 条件により、ターゲット "FxCompile" を省略しました。('@(FxCompile)' != '') は ('' != '') として評価されました。
       false 条件により、ターゲット "Xsd" を省略しました。('@(Xsd)' != '') は ('' != '') として評価されました。
     1>ファイル "C:\Program Files (x86)\Microsoft Visual Studio\2017\Community\Common7\IDE\VC\VCTargets\Microsoft.CppBuild.targets" 内にある、プロジェクト "C:\Users\Administrator\Documents\GitHub\urg_library\current\vs2010\cpp\urg_cpp\urg_cpp.vcxproj" からのターゲット "_Xsd" (ターゲット "_BuildGenerateSourcesAction" は依存):
     1>プロジェクト "urg_cpp.vcxproj" 内のターゲット "_Xsd" のビルドが終了しました。
     1>ファイル "C:\Program Files (x86)\Microsoft Visual Studio\2017\Community\Common7\IDE\VC\VCTargets\Microsoft.CppBuild.targets" 内にある、プロジェクト "C:\Users\Administrator\Documents\GitHub\urg_library\current\vs2010\cpp\urg_cpp\urg_cpp.vcxproj" からのターゲット "MakeDirsForMidl" (ターゲット "_Midl" は依存):
       タスク "Makedir"
       タスク "Makedir" の実行が終了しました。
     1>プロジェクト "urg_cpp.vcxproj" 内のターゲット "MakeDirsForMidl" のビルドが終了しました。
       false 条件により、ターゲット "Midl" を省略しました。('@(Midl)' != '') は ('' != '') として評価されました。
       false 条件により、ターゲット "CustomBuild" を省略しました。('@(CustomBuild)' != '') は ('' != '') として評価されました。
       false 条件により、ターゲット "FxExport" を省略しました。('@(FxCompile)' != '') は ('' != '') として評価されました。
       false 条件により、ターゲット "FxCompile" を省略しました。('@(FxCompile)' != '') は ('' != '') として評価されました。
     1>ファイル "C:\Program Files (x86)\Microsoft Visual Studio\2017\Community\Common7\IDE\VC\VCTargets\Microsoft.CppBuild.targets" 内にある、プロジェクト "C:\Users\Administrator\Documents\GitHub\urg_library\current\vs2010\cpp\urg_cpp\urg_cpp.vcxproj" からのターゲット "ComputeMIDLGeneratedCompileInputs" (ターゲット "_Midl" は依存):
     1>プロジェクト "urg_cpp.vcxproj" 内のターゲット "ComputeMIDLGeneratedCompileInputs" のビルドが終了しました。
     1>ファイル "C:\Program Files (x86)\Microsoft Visual Studio\2017\Community\Common7\IDE\VC\VCTargets\Microsoft.CppBuild.targets" 内にある、プロジェクト "C:\Users\Administrator\Documents\GitHub\urg_library\current\vs2010\cpp\urg_cpp\urg_cpp.vcxproj" からのターゲット "AfterMidl" (ターゲット "_Midl" は依存):
     1>プロジェクト "urg_cpp.vcxproj" 内のターゲット "AfterMidl" のビルドが終了しました。
     1>ファイル "C:\Program Files (x86)\Microsoft Visual Studio\2017\Community\Common7\IDE\VC\VCTargets\Microsoft.CppBuild.targets" 内にある、プロジェクト "C:\Users\Administrator\Documents\GitHub\urg_library\current\vs2010\cpp\urg_cpp\urg_cpp.vcxproj" からのターゲット "_Midl" (ターゲット "_BuildGenerateSourcesAction" は依存):
     1>プロジェクト "urg_cpp.vcxproj" 内のターゲット "_Midl" のビルドが終了しました。
     1>ファイル "C:\Program Files (x86)\Microsoft Visual Studio\2017\Community\Common7\IDE\VC\VCTargets\Microsoft.BuildSteps.Targets" 内にある、プロジェクト "C:\Users\Administrator\Documents\GitHub\urg_library\current\vs2010\cpp\urg_cpp\urg_cpp.vcxproj" からのターゲット "AfterBuildGenerateSources" (ターゲット "_BuildGenerateSourcesAction" は依存):
     1>プロジェクト "urg_cpp.vcxproj" 内のターゲット "AfterBuildGenerateSources" のビルドが終了しました。
     1>ファイル "C:\Program Files (x86)\Microsoft Visual Studio\2017\Community\Common7\IDE\VC\VCTargets\Microsoft.CppBuild.targets" 内にある、プロジェクト "C:\Users\Administrator\Documents\GitHub\urg_library\current\vs2010\cpp\urg_cpp\urg_cpp.vcxproj" からのターゲット "AfterBuildGenerateSourcesEvent" (ターゲット "_BuildGenerateSourcesAction" は依存):
     1>プロジェクト "urg_cpp.vcxproj" 内のターゲット "AfterBuildGenerateSourcesEvent" のビルドが終了しました。
     1>ファイル "C:\Program Files (x86)\Microsoft Visual Studio\2017\Community\Common7\IDE\VC\VCTargets\Microsoft.CppBuild.targets" 内にある、プロジェクト "C:\Users\Administrator\Documents\GitHub\urg_library\current\vs2010\cpp\urg_cpp\urg_cpp.vcxproj" からのターゲット "_BuildGenerateSourcesAction" (ターゲット "BuildGenerateSources" は依存):
     1>プロジェクト "urg_cpp.vcxproj" 内のターゲット "_BuildGenerateSourcesAction" のビルドが終了しました。
     1>ファイル "C:\Program Files (x86)\Microsoft Visual Studio\2017\Community\MSBuild\15.0\Bin\Microsoft.Common.CurrentVersion.targets" 内にある、プロジェクト "C:\Users\Administrator\Documents\GitHub\urg_library\current\vs2010\cpp\urg_cpp\urg_cpp.vcxproj" からのターゲット "BuildGenerateSources" (ターゲット "Build" は依存):
     1>プロジェクト "urg_cpp.vcxproj" 内のターゲット "BuildGenerateSources" のビルドが終了しました。
       ターゲット "PrepareProjectReferences" を省略しました。以前に正しくビルドされていました。
     1>ファイル "C:\Program Files (x86)\Microsoft Visual Studio\2017\Community\MSBuild\15.0\Bin\Microsoft.Common.CurrentVersion.targets" 内にある、プロジェクト "C:\Users\Administrator\Documents\GitHub\urg_library\current\vs2010\cpp\urg_cpp\urg_cpp.vcxproj" からのターゲット "BuildCompileTraverse" (ターゲット "BuildCompile" は依存):
       false 条件のため、タスク "MSBuild" を省略しました。('$(BuildPassReferences)' == 'true' and '@(ProjectReferenceWithConfiguration)' != '' and '@(_MSBuildProjectReferenceExistent)' != ''  and '%(_MSBuildProjectReferenceExistent.BuildReference)' == 'true') は ('' == 'true' and '' != '' and '' != ''  and '' == 'true') として評価されました。
     1>プロジェクト "urg_cpp.vcxproj" 内のターゲット "BuildCompileTraverse" のビルドが終了しました。
       ターゲット "PrepareForBuild" を省略しました。以前に正しくビルドされていました。
       ターゲット "ResolveReferences" を省略しました。以前に正しくビルドされていました。
     1>ファイル "C:\Program Files (x86)\Microsoft Visual Studio\2017\Community\Common7\IDE\VC\VCTargets\Microsoft.CppBuild.targets" 内にある、プロジェクト "C:\Users\Administrator\Documents\GitHub\urg_library\current\vs2010\cpp\urg_cpp\urg_cpp.vcxproj" からのターゲット "BeforeClCompile" (ターゲット "_ClCompile" は依存):
     1>プロジェクト "urg_cpp.vcxproj" 内のターゲット "BeforeClCompile" のビルドが終了しました。
       ターゲット "ComputeMIDLGeneratedCompileInputs" を省略しました。以前に正しくビルドされていました。
     1>ファイル "C:\Program Files (x86)\Microsoft Visual Studio\2017\Community\Common7\IDE\VC\VCTargets\Microsoft.CppBuild.targets" 内にある、プロジェクト "C:\Users\Administrator\Documents\GitHub\urg_library\current\vs2010\cpp\urg_cpp\urg_cpp.vcxproj" からのターゲット "ComputeCLInputPDBName" (ターゲット "_ClCompile" は依存):
     1>プロジェクト "urg_cpp.vcxproj" 内のターゲット "ComputeCLInputPDBName" のビルドが終了しました。
       ターゲット "ResolveReferences" を省略しました。以前に正しくビルドされていました。
     1>ファイル "C:\Program Files (x86)\Microsoft Visual Studio\2017\Community\Common7\IDE\VC\VCTargets\Microsoft.CppBuild.targets" 内にある、プロジェクト "C:\Users\Administrator\Documents\GitHub\urg_library\current\vs2010\cpp\urg_cpp\urg_cpp.vcxproj" からのターゲット "ComputeReferenceCLInput" (ターゲット "_ClCompile" は依存):
       false 条件のため、タスク "WriteLinesToFile" を省略しました。(('@(_ReferenceCopyLocalPaths)'!='') and '$(DesignTimeBuild)' != 'true') は ((''!='') and '' != 'true') として評価されました。
       false 条件のため、タスク "Message" を省略しました。('$(_REFERENCE_DEBUG)'=='true') は (''=='true') として評価されました。
     1>プロジェクト "urg_cpp.vcxproj" 内のターゲット "ComputeReferenceCLInput" のビルドが終了しました。
     1>ファイル "C:\Program Files (x86)\Microsoft Visual Studio\2017\Community\Common7\IDE\VC\VCTargets\Microsoft.CppBuild.targets" 内にある、プロジェクト "C:\Users\Administrator\Documents\GitHub\urg_library\current\vs2010\cpp\urg_cpp\urg_cpp.vcxproj" からのターゲット "WarnCompileDuplicatedFilename" (ターゲット "_ClCompile" は依存):
       false 条件のため、タスク "VCMessage" を省略しました。('%(ClCompile.ExcludedFromBuild)' != 'true' and '%(Filename)%(Extension)' != '@(ClCompile->'%(Filename)%(Extension)')' and '%(ObjectFileName)' == '@(ClCompile->Metadata(ObjectFileName)->Distinct())') は ('' != 'true' and 'ticks.cpp' != 'ticks.cpp' and 'Debug\' == 'Debug\') として評価されました。
       false 条件のため、タスク "VCMessage" を省略しました。('%(ClCompile.ExcludedFromBuild)' != 'true' and '%(Filename)%(Extension)' != '@(ClCompile->'%(Filename)%(Extension)')' and '%(ObjectFileName)' == '@(ClCompile->Metadata(ObjectFileName)->Distinct())') は ('' != 'true' and 'Urg_driver.cpp' != 'Urg_driver.cpp' and 'Debug\' == 'Debug\') として評価されました。
     1>プロジェクト "urg_cpp.vcxproj" 内のターゲット "WarnCompileDuplicatedFilename" のビルドが終了しました。
     1>ファイル "C:\Program Files (x86)\Microsoft Visual Studio\2017\Community\Common7\IDE\VC\VCTargets\Microsoft.CppCommon.targets" 内にある、プロジェクト "C:\Users\Administrator\Documents\GitHub\urg_library\current\vs2010\cpp\urg_cpp\urg_cpp.vcxproj" からのターゲット "FixupCLCompileOptions" (ターゲット "_ClCompile" は依存):
     1>プロジェクト "urg_cpp.vcxproj" 内のターゲット "FixupCLCompileOptions" のビルドが終了しました。
     1>ファイル "C:\Program Files (x86)\Microsoft Visual Studio\2017\Community\Common7\IDE\VC\VCTargets\Microsoft.CppBuild.targets" 内にある、プロジェクト "C:\Users\Administrator\Documents\GitHub\urg_library\current\vs2010\cpp\urg_cpp\urg_cpp.vcxproj" からのターゲット "MakeDirsForCl" (ターゲット "_ClCompile" は依存):
       タスク "MakeDir"
       タスク "MakeDir" の実行が終了しました。
     1>プロジェクト "urg_cpp.vcxproj" 内のターゲット "MakeDirsForCl" のビルドが終了しました。
       ターゲット "PrepareForBuild" を省略しました。以前に正しくビルドされていました。
       ターゲット "SetBuildDefaultEnvironmentVariables" を省略しました。以前に正しくビルドされていました。
       false 条件により、ターゲット "SetUserMacroEnvironmentVariables" を省略しました。('@(BuildMacro)' != '' and '$(DesignTimeBuild)' != 'true') は ('' != '' and '' != 'true') として評価されました。
     1>ファイル "C:\Program Files (x86)\Microsoft Visual Studio\2017\Community\Common7\IDE\VC\VCTargets\Microsoft.CppBuild.targets" 内にある、プロジェクト "C:\Users\Administrator\Documents\GitHub\urg_library\current\vs2010\cpp\urg_cpp\urg_cpp.vcxproj" からのターゲット "_SelectedFiles" (ターゲット "SelectClCompile" は依存):
     1>プロジェクト "urg_cpp.vcxproj" 内のターゲット "_SelectedFiles" のビルドが終了しました。
       ターゲット "ComputeMIDLGeneratedCompileInputs" を省略しました。以前に正しくビルドされていました。
       ターゲット "ComputeCLInputPDBName" を省略しました。以前に正しくビルドされていました。
       ターゲット "ComputeReferenceCLInput" を省略しました。以前に正しくビルドされていました。
       ターゲット "WarnCompileDuplicatedFilename" を省略しました。以前に正しくビルドされていました。
       ターゲット "FixupCLCompileOptions" を省略しました。以前に正しくビルドされていました。
       ターゲット "_SelectedFiles" を省略しました。以前に正しくビルドされていました。
     1>ファイル "C:\Program Files (x86)\Microsoft Visual Studio\2017\Community\Common7\IDE\VC\VCTargets\Microsoft.CppBuild.targets" 内にある、プロジェクト "C:\Users\Administrator\Documents\GitHub\urg_library\current\vs2010\cpp\urg_cpp\urg_cpp.vcxproj" からのターゲット "SelectCustomBuild" (ターゲット "SelectClCompile" は依存):
     1>プロジェクト "urg_cpp.vcxproj" 内のターゲット "SelectCustomBuild" のビルドが終了しました。
     1>ファイル "C:\Program Files (x86)\Microsoft Visual Studio\2017\Community\Common7\IDE\VC\VCTargets\Microsoft.CppBuild.targets" 内にある、プロジェクト "C:\Users\Administrator\Documents\GitHub\urg_library\current\vs2010\cpp\urg_cpp\urg_cpp.vcxproj" からのターゲット "SelectClCompile" (ターゲット "ClCompile" は依存):
     1>プロジェクト "urg_cpp.vcxproj" 内のターゲット "SelectClCompile" のビルドが終了しました。
       false 条件により、ターゲット "GenerateTargetFrameworkMonikerAttribute" を省略しました。('$(GenerateTargetFrameworkAttribute)' == 'true') は ('false' == 'true') として評価されました。
       false 条件により、ターゲット "ManagedIncrementalBuildPreProcessDependencyGraph" を省略しました。('@(ClCompile)' != '' and '$(EnableManagedIncrementalBuild)' == 'True') は ('..\..\..\src\ticks.cpp;..\..\..\src\Urg_driver.cpp' != '' and 'false' == 'True') として評価されました。
     1>ファイル "C:\Program Files (x86)\Microsoft Visual Studio\2017\Community\Common7\IDE\VC\VCTargets\Microsoft.CppCommon.targets" 内にある、プロジェクト "C:\Users\Administrator\Documents\GitHub\urg_library\current\vs2010\cpp\urg_cpp\urg_cpp.vcxproj" からのターゲット "ClCompile" (ターゲット "_ClCompile" は依存):
       タスク "Delete"
       タスク "Delete" の実行が終了しました。
       false 条件のため、タスク "CL" を省略しました。('%(ClCompile.PrecompiledHeader)' == 'Create' and '%(ClCompile.ExcludedFromBuild)'!='true' and '%(ClCompile.CompilerIteration)' == '') は ('' == 'Create' and ''!='true' and '' == '') として評価されました。
       "CL" タスクをアセンブリ "C:\Program Files (x86)\Microsoft Visual Studio\2017\Community\Common7\IDE\VC\VCTargets\Microsoft.Build.CppTasks.Common.dll" から使用しています。
       タスク "CL"
         PDB "Debug\urg_cpp.pdb" がないため、すべてのソース ファイルを強制的に再コンパイルしています。
         ツールに渡された環境変数:
           VS_UNICODE_OUTPUT=1080
         C:\Program Files (x86)\Microsoft Visual Studio\2017\Community\VC\Tools\MSVC\14.11.25503\bin\HostX86\x86\CL.exe /c /I..\..\..\include\cpp /I..\..\..\include\c /ZI /nologo /W3 /WX- /diagnostics:classic /Od /Oy- /D WIN32 /D _DEBUG /D _LIB /D _UNICODE /D UNICODE /Gm /EHsc /RTC1 /MDd /GS /fp:precise /Zc:wchar_t /Zc:forScope /Zc:inline /Fo"Debug\\" /Fd"Debug\urg_cpp.pdb" /Gd /TP /analyze- /errorReport:prompt ..\..\..\src\ticks.cpp ..\..\..\src\Urg_driver.cpp
         トラッキング コマンド:
         C:\Program Files (x86)\Microsoft Visual Studio\2017\Community\MSBuild\15.0\Bin\Tracker.exe /d "C:\Program Files (x86)\MSBuild\15.0\FileTracker\FileTracker32.dll" /i C:\Users\Administrator\Documents\GitHub\urg_library\current\vs2010\cpp\urg_cpp\Debug\urg_cpp.tlog /r "C:\USERS\ADMINISTRATOR\DOCUMENTS\GITHUB\URG_LIBRARY\CURRENT\SRC\TICKS.CPP|C:\USERS\ADMINISTRATOR\DOCUMENTS\GITHUB\URG_LIBRARY\CURRENT\SRC\URG_DRIVER.CPP" /b MSBuildConsole_CancelEventc9698c577d0a4891a0d790b707b7862d  /c "C:\Program Files (x86)\Microsoft Visual Studio\2017\Community\VC\Tools\MSVC\14.11.25503\bin\HostX86\x86\CL.exe"  /c /I..\..\..\include\cpp /I..\..\..\include\c /ZI /nologo /W3 /WX- /diagnostics:classic /Od /Oy- /D WIN32 /D _DEBUG /D _LIB /D _UNICODE /D UNICODE /Gm /EHsc /RTC1 /MDd /GS /fp:precise /Zc:wchar_t /Zc:forScope /Zc:inline /Fo"Debug\\" /Fd"Debug\urg_cpp.pdb" /Gd /TP /analyze- /errorReport:prompt ..\..\..\src\ticks.cpp ..\..\..\src\Urg_driver.cpp
         Urg_driver.cpp
         ticks.cpp
         コードを生成中...
       タスク "CL" の実行が終了しました。
     1>プロジェクト "urg_cpp.vcxproj" 内のターゲット "ClCompile" のビルドが終了しました。
       false 条件により、ターゲット "ManagedIncrementalBuildPostProcessDependencyGraph" を省略しました。('@(ClCompile)' != '' and '$(EnableManagedIncrementalBuild)' == 'True') は ('..\..\..\src\ticks.cpp;..\..\..\src\Urg_driver.cpp' != '' and 'false' == 'True') として評価されました。
     1>ファイル "C:\Program Files (x86)\Microsoft Visual Studio\2017\Community\Common7\IDE\VC\VCTargets\Microsoft.CppBuild.targets" 内にある、プロジェクト "C:\Users\Administrator\Documents\GitHub\urg_library\current\vs2010\cpp\urg_cpp\urg_cpp.vcxproj" からのターゲット "AfterClCompile" (ターゲット "_ClCompile" は依存):
     1>プロジェクト "urg_cpp.vcxproj" 内のターゲット "AfterClCompile" のビルドが終了しました。
     1>ファイル "C:\Program Files (x86)\Microsoft Visual Studio\2017\Community\Common7\IDE\VC\VCTargets\Microsoft.CppBuild.targets" 内にある、プロジェクト "C:\Users\Administrator\Documents\GitHub\urg_library\current\vs2010\cpp\urg_cpp\urg_cpp.vcxproj" からのターゲット "_ClCompile" (ターゲット "_BuildCompileAction" は依存):
     1>プロジェクト "urg_cpp.vcxproj" 内のターゲット "_ClCompile" のビルドが終了しました。
       false 条件により、ターゲット "_ResGen" を省略しました。('@(EmbeddedResource)'!='') は (''!='') として評価されました。
     1>ファイル "C:\Program Files (x86)\Microsoft Visual Studio\2017\Community\Common7\IDE\VC\VCTargets\Microsoft.CppBuild.targets" 内にある、プロジェクト "C:\Users\Administrator\Documents\GitHub\urg_library\current\vs2010\cpp\urg_cpp\urg_cpp.vcxproj" からのターゲット "BeforeResourceCompile" (ターゲット "_ResourceCompile" は依存):
     1>プロジェクト "urg_cpp.vcxproj" 内のターゲット "BeforeResourceCompile" のビルドが終了しました。
     1>ファイル "C:\Program Files (x86)\Microsoft Visual Studio\2017\Community\Common7\IDE\VC\VCTargets\Microsoft.CppBuild.targets" 内にある、プロジェクト "C:\Users\Administrator\Documents\GitHub\urg_library\current\vs2010\cpp\urg_cpp\urg_cpp.vcxproj" からのターゲット "MakeDirsForResourceCompile" (ターゲット "_ResourceCompile" は依存):
       タスク "MakeDir"
       タスク "MakeDir" の実行が終了しました。
     1>プロジェクト "urg_cpp.vcxproj" 内のターゲット "MakeDirsForResourceCompile" のビルドが終了しました。
       false 条件により、ターゲット "ResourceCompile" を省略しました。('@(ResourceCompile)' != '') は ('' != '') として評価されました。
     1>ファイル "C:\Program Files (x86)\Microsoft Visual Studio\2017\Community\Common7\IDE\VC\VCTargets\Microsoft.CppBuild.targets" 内にある、プロジェクト "C:\Users\Administrator\Documents\GitHub\urg_library\current\vs2010\cpp\urg_cpp\urg_cpp.vcxproj" からのターゲット "AfterResourceCompile" (ターゲット "_ResourceCompile" は依存):
     1>プロジェクト "urg_cpp.vcxproj" 内のターゲット "AfterResourceCompile" のビルドが終了しました。
     1>ファイル "C:\Program Files (x86)\Microsoft Visual Studio\2017\Community\Common7\IDE\VC\VCTargets\Microsoft.CppBuild.targets" 内にある、プロジェクト "C:\Users\Administrator\Documents\GitHub\urg_library\current\vs2010\cpp\urg_cpp\urg_cpp.vcxproj" からのターゲット "_ResourceCompile" (ターゲット "_BuildCompileAction" は依存):
     1>プロジェクト "urg_cpp.vcxproj" 内のターゲット "_ResourceCompile" のビルドが終了しました。
       false 条件により、ターゲット "_ImpLib" を省略しました。('$(ImpLibCompiled)' == 'true') は ('' == 'true') として評価されました。
     1>ファイル "C:\Program Files (x86)\Microsoft Visual Studio\2017\Community\Common7\IDE\VC\VCTargets\Microsoft.CppBuild.targets" 内にある、プロジェクト "C:\Users\Administrator\Documents\GitHub\urg_library\current\vs2010\cpp\urg_cpp\urg_cpp.vcxproj" からのターゲット "BeforeLib" (ターゲット "_Lib" は依存):
     1>プロジェクト "urg_cpp.vcxproj" 内のターゲット "BeforeLib" のビルドが終了しました。
     1>ファイル "C:\Program Files (x86)\Microsoft Visual Studio\2017\Community\Common7\IDE\VC\VCTargets\Microsoft.CppBuild.targets" 内にある、プロジェクト "C:\Users\Administrator\Documents\GitHub\urg_library\current\vs2010\cpp\urg_cpp\urg_cpp.vcxproj" からのターゲット "ComputeLibAdditionalOptions" (ターゲット "_Lib" は依存):
     1>プロジェクト "urg_cpp.vcxproj" 内のターゲット "ComputeLibAdditionalOptions" のビルドが終了しました。
     1>ファイル "C:\Program Files (x86)\Microsoft Visual Studio\2017\Community\Common7\IDE\VC\VCTargets\Microsoft.CppBuild.targets" 内にある、プロジェクト "C:\Users\Administrator\Documents\GitHub\urg_library\current\vs2010\cpp\urg_cpp\urg_cpp.vcxproj" からのターゲット "ComputeRCOutputs" (ターゲット "ComputeRCGeneratedLibInputs" は依存):
     1>プロジェクト "urg_cpp.vcxproj" 内のターゲット "ComputeRCOutputs" のビルドが終了しました。
     1>ファイル "C:\Program Files (x86)\Microsoft Visual Studio\2017\Community\Common7\IDE\VC\VCTargets\Microsoft.CppBuild.targets" 内にある、プロジェクト "C:\Users\Administrator\Documents\GitHub\urg_library\current\vs2010\cpp\urg_cpp\urg_cpp.vcxproj" からのターゲット "ComputeRCGeneratedLibInputs" (ターゲット "_Lib" は依存):
     1>プロジェクト "urg_cpp.vcxproj" 内のターゲット "ComputeRCGeneratedLibInputs" のビルドが終了しました。
     1>ファイル "C:\Program Files (x86)\Microsoft Visual Studio\2017\Community\Common7\IDE\VC\VCTargets\Microsoft.CppBuild.targets" 内にある、プロジェクト "C:\Users\Administrator\Documents\GitHub\urg_library\current\vs2010\cpp\urg_cpp\urg_cpp.vcxproj" からのターゲット "ComputeCustomBuildOutput" (ターゲット "_Lib" は依存):
       false 条件のため、タスク "CreateItem" を省略しました。('%(CustomBuildDirsToMake.OutputFileToTool)'!='') は (''!='') として評価されました。
       タスク "MakeDir"
       タスク "MakeDir" の実行が終了しました。
     1>プロジェクト "urg_cpp.vcxproj" 内のターゲット "ComputeCustomBuildOutput" のビルドが終了しました。
       ターゲット "ComputeMIDLGeneratedCompileInputs" を省略しました。以前に正しくビルドされていました。
       ターゲット "ComputeCLInputPDBName" を省略しました。以前に正しくビルドされていました。
       ターゲット "ComputeReferenceCLInput" を省略しました。以前に正しくビルドされていました。
       ターゲット "WarnCompileDuplicatedFilename" を省略しました。以前に正しくビルドされていました。
       ターゲット "FixupCLCompileOptions" を省略しました。以前に正しくビルドされていました。
     1>ファイル "C:\Program Files (x86)\Microsoft Visual Studio\2017\Community\Common7\IDE\VC\VCTargets\Microsoft.CppBuild.targets" 内にある、プロジェクト "C:\Users\Administrator\Documents\GitHub\urg_library\current\vs2010\cpp\urg_cpp\urg_cpp.vcxproj" からのターゲット "ComputeCLOutputs" (ターゲット "ComputeCLGeneratedLibInputs" は依存):
     1>プロジェクト "urg_cpp.vcxproj" 内のターゲット "ComputeCLOutputs" のビルドが終了しました。
     1>ファイル "C:\Program Files (x86)\Microsoft Visual Studio\2017\Community\Common7\IDE\VC\VCTargets\Microsoft.CppBuild.targets" 内にある、プロジェクト "C:\Users\Administrator\Documents\GitHub\urg_library\current\vs2010\cpp\urg_cpp\urg_cpp.vcxproj" からのターゲット "ComputeCLGeneratedLibInputs" (ターゲット "_Lib" は依存):
     1>プロジェクト "urg_cpp.vcxproj" 内のターゲット "ComputeCLGeneratedLibInputs" のビルドが終了しました。
     1>ファイル "C:\Program Files (x86)\Microsoft Visual Studio\2017\Community\Common7\IDE\VC\VCTargets\Microsoft.CppBuild.targets" 内にある、プロジェクト "C:\Users\Administrator\Documents\GitHub\urg_library\current\vs2010\cpp\urg_cpp\urg_cpp.vcxproj" からのターゲット "ComputeLibInputsFromProject" (ターゲット "_Lib" は依存):
     1>プロジェクト "urg_cpp.vcxproj" 内のターゲット "ComputeLibInputsFromProject" のビルドが終了しました。
       false 条件により、ターゲット "ComputeReferenceLibInputs" を省略しました。(@(ProjectReference) != '') は ( != '') として評価されました。
     1>ファイル "C:\Program Files (x86)\Microsoft Visual Studio\2017\Community\Common7\IDE\VC\VCTargets\Microsoft.CppBuild.targets" 内にある、プロジェクト "C:\Users\Administrator\Documents\GitHub\urg_library\current\vs2010\cpp\urg_cpp\urg_cpp.vcxproj" からのターゲット "MakeDirsForLib" (ターゲット "_Lib" は依存):
       タスク "MakeDir"
       タスク "MakeDir" の実行が終了しました。
     1>プロジェクト "urg_cpp.vcxproj" 内のターゲット "MakeDirsForLib" のビルドが終了しました。
     1>ファイル "C:\Program Files (x86)\Microsoft Visual Studio\2017\Community\Common7\IDE\VC\VCTargets\Microsoft.CppBuild.targets" 内にある、プロジェクト "C:\Users\Administrator\Documents\GitHub\urg_library\current\vs2010\cpp\urg_cpp\urg_cpp.vcxproj" からのターゲット "DoLibOutputFilesMatch" (ターゲット "_Lib" は依存):
       false 条件のため、タスク "VCMessage" を省略しました。('@(_OutputFileFromLib)' == '') は ('C:\Users\Administrator\Documents\GitHub\urg_library\current\vs2010\cpp\Debug\urg_cpp.lib' == '') として評価されました。
       false 条件のため、タスク "VCMessage" を省略しました。('@(_OutputFileFromLib)' != '' and '%(_OutputFileFromLib.FullPath)' != '$([System.IO.Path]::GetFullPath($(TargetPath)))') は ('C:\Users\Administrator\Documents\GitHub\urg_library\current\vs2010\cpp\Debug\urg_cpp.lib' != '' and 'C:\Users\Administrator\Documents\GitHub\urg_library\current\vs2010\cpp\Debug\urg_cpp.lib' != 'C:\Users\Administrator\Documents\GitHub\urg_library\current\vs2010\cpp\Debug\urg_cpp.lib') として評価されました。
       false 条件のため、タスク "VCMessage" を省略しました。('@(_OutputFileFromLib)' != '' and '%(_OutputFileFromLib.Extension)' != '' and '%(_OutputFileFromLib.Extension)' != '$(TargetExt)') は ('C:\Users\Administrator\Documents\GitHub\urg_library\current\vs2010\cpp\Debug\urg_cpp.lib' != '' and '.lib' != '' and '.lib' != '.lib') として評価されました。
       false 条件のため、タスク "VCMessage" を省略しました。('@(_OutputFileFromLib)' != '' and '%(_OutputFileFromLib.Filename)' !=  '' and '%(_OutputFileFromLib.Filename)' != '$(TargetName)') は ('C:\Users\Administrator\Documents\GitHub\urg_library\current\vs2010\cpp\Debug\urg_cpp.lib' != '' and 'urg_cpp' !=  '' and 'urg_cpp' != 'urg_cpp') として評価されました。
     1>プロジェクト "urg_cpp.vcxproj" 内のターゲット "DoLibOutputFilesMatch" のビルドが終了しました。
     1>ファイル "C:\Program Files (x86)\Microsoft Visual Studio\2017\Community\Common7\IDE\VC\VCTargets\Microsoft.CppCommon.targets" 内にある、プロジェクト "C:\Users\Administrator\Documents\GitHub\urg_library\current\vs2010\cpp\urg_cpp\urg_cpp.vcxproj" からのターゲット "PreLinkEvent" (ターゲット "_Lib" は依存):
       false 条件のため、タスク "Message" を省略しました。('%(PreLinkEvent.Message)' != '' and '%(PreLinkEvent.Command)' != '') は ('' != '' and '' != '') として評価されました。
       false 条件のため、タスク "Exec" を省略しました。('%(PreLinkEvent.Command)' != '') は ('' != '') として評価されました。
     1>プロジェクト "urg_cpp.vcxproj" 内のターゲット "PreLinkEvent" のビルドが終了しました。
     1>ファイル "C:\Program Files (x86)\Microsoft Visual Studio\2017\Community\Common7\IDE\VC\VCTargets\Microsoft.CppCommon.targets" 内にある、プロジェクト "C:\Users\Administrator\Documents\GitHub\urg_library\current\vs2010\cpp\urg_cpp\urg_cpp.vcxproj" からのターゲット "Lib" (ターゲット "_Lib" は依存):
       "LIB" タスクをアセンブリ "C:\Program Files (x86)\Microsoft Visual Studio\2017\Community\Common7\IDE\VC\VCTargets\Microsoft.Build.CppTasks.Common.dll" から使用しています。
       タスク "LIB"
         コマンド TLog "C:\Users\Administrator\Documents\GitHub\urg_library\current\vs2010\cpp\urg_cpp\Debug\urg_cpp.tlog\Lib.command.1.tlog" がないため、すべてのソース ファイルを強制的にリビルドしています。
         C:\Program Files (x86)\Microsoft Visual Studio\2017\Community\VC\Tools\MSVC\14.11.25503\bin\HostX86\x86\Lib.exe /OUT:"C:\Users\Administrator\Documents\GitHub\urg_library\current\vs2010\cpp\Debug\urg_cpp.lib" urg.lib /LIBPATH:C:\Users\Administrator\Documents\GitHub\urg_library\current\vs2010\cpp\Debug\ /NOLOGO Debug\ticks.obj
         Debug\Urg_driver.obj
         トラッキング コマンド:
         C:\Program Files (x86)\Microsoft Visual Studio\2017\Community\MSBuild\15.0\Bin\Tracker.exe /d "C:\Program Files (x86)\MSBuild\15.0\FileTracker\FileTracker32.dll" /i C:\Users\Administrator\Documents\GitHub\urg_library\current\vs2010\cpp\urg_cpp\Debug\urg_cpp.tlog /r "C:\USERS\ADMINISTRATOR\DOCUMENTS\GITHUB\URG_LIBRARY\CURRENT\VS2010\CPP\URG_CPP\DEBUG\TICKS.OBJ|C:\USERS\ADMINISTRATOR\DOCUMENTS\GITHUB\URG_LIBRARY\CURRENT\VS2010\CPP\URG_CPP\DEBUG\URG_DRIVER.OBJ" /b MSBuildConsole_CancelEvent2bd039d23931432b99bc0e35421e98c9  /c "C:\Program Files (x86)\Microsoft Visual Studio\2017\Community\VC\Tools\MSVC\14.11.25503\bin\HostX86\x86\Lib.exe"  /OUT:"C:\Users\Administrator\Documents\GitHub\urg_library\current\vs2010\cpp\Debug\urg_cpp.lib" urg.lib /LIBPATH:C:\Users\Administrator\Documents\GitHub\urg_library\current\vs2010\cpp\Debug\ /NOLOGO Debug\ticks.obj
         Debug\Urg_driver.obj
       タスク "LIB" の実行が終了しました。
       タスク "Message"
         urg_cpp.vcxproj -> C:\Users\Administrator\Documents\GitHub\urg_library\current\vs2010\cpp\Debug\urg_cpp.lib
       タスク "Message" の実行が終了しました。
     1>プロジェクト "urg_cpp.vcxproj" 内のターゲット "Lib" のビルドが終了しました。
     1>ファイル "C:\Program Files (x86)\Microsoft Visual Studio\2017\Community\Common7\IDE\VC\VCTargets\Microsoft.CppBuild.targets" 内にある、プロジェクト "C:\Users\Administrator\Documents\GitHub\urg_library\current\vs2010\cpp\urg_cpp\urg_cpp.vcxproj" からのターゲット "AfterLib" (ターゲット "_Lib" は依存):
     1>プロジェクト "urg_cpp.vcxproj" 内のターゲット "AfterLib" のビルドが終了しました。
     1>ファイル "C:\Program Files (x86)\Microsoft Visual Studio\2017\Community\Common7\IDE\VC\VCTargets\Microsoft.CppBuild.targets" 内にある、プロジェクト "C:\Users\Administrator\Documents\GitHub\urg_library\current\vs2010\cpp\urg_cpp\urg_cpp.vcxproj" からのターゲット "_Lib" (ターゲット "_BuildCompileAction" は依存):
     1>プロジェクト "urg_cpp.vcxproj" 内のターゲット "_Lib" のビルドが終了しました。
     1>ファイル "C:\Program Files (x86)\Microsoft Visual Studio\2017\Community\Common7\IDE\VC\VCTargets\Microsoft.CppBuild.targets" 内にある、プロジェクト "C:\Users\Administrator\Documents\GitHub\urg_library\current\vs2010\cpp\urg_cpp\urg_cpp.vcxproj" からのターゲット "AfterBuildCompileEvent" (ターゲット "_BuildCompileAction" は依存):
     1>プロジェクト "urg_cpp.vcxproj" 内のターゲット "AfterBuildCompileEvent" のビルドが終了しました。
     1>ファイル "C:\Program Files (x86)\Microsoft Visual Studio\2017\Community\Common7\IDE\VC\VCTargets\Microsoft.CppBuild.targets" 内にある、プロジェクト "C:\Users\Administrator\Documents\GitHub\urg_library\current\vs2010\cpp\urg_cpp\urg_cpp.vcxproj" からのターゲット "_BuildCompileAction" (ターゲット "BuildCompile" は依存):
     1>プロジェクト "urg_cpp.vcxproj" 内のターゲット "_BuildCompileAction" のビルドが終了しました。
     1>ファイル "C:\Program Files (x86)\Microsoft Visual Studio\2017\Community\MSBuild\15.0\Bin\Microsoft.Common.CurrentVersion.targets" 内にある、プロジェクト "C:\Users\Administrator\Documents\GitHub\urg_library\current\vs2010\cpp\urg_cpp\urg_cpp.vcxproj" からのターゲット "BuildCompile" (ターゲット "Build" は依存):
     1>プロジェクト "urg_cpp.vcxproj" 内のターゲット "BuildCompile" のビルドが終了しました。
       ターゲット "PrepareProjectReferences" を省略しました。以前に正しくビルドされていました。
     1>ファイル "C:\Program Files (x86)\Microsoft Visual Studio\2017\Community\MSBuild\15.0\Bin\Microsoft.Common.CurrentVersion.targets" 内にある、プロジェクト "C:\Users\Administrator\Documents\GitHub\urg_library\current\vs2010\cpp\urg_cpp\urg_cpp.vcxproj" からのターゲット "BuildLinkTraverse" (ターゲット "BuildLink" は依存):
       false 条件のため、タスク "MSBuild" を省略しました。('$(BuildPassReferences)' == 'true' and '@(ProjectReferenceWithConfiguration)' != '' and '@(_MSBuildProjectReferenceExistent)' != ''  and '%(_MSBuildProjectReferenceExistent.BuildReference)' == 'true') は ('' == 'true' and '' != '' and '' != ''  and '' == 'true') として評価されました。
     1>プロジェクト "urg_cpp.vcxproj" 内のターゲット "BuildLinkTraverse" のビルドが終了しました。
       ターゲット "PrepareForBuild" を省略しました。以前に正しくビルドされていました。
       ターゲット "ResolveReferences" を省略しました。以前に正しくビルドされていました。
     1>ファイル "C:\Program Files (x86)\Microsoft Visual Studio\2017\Community\Common7\IDE\VC\VCTargets\Microsoft.CppBuild.targets" 内にある、プロジェクト "C:\Users\Administrator\Documents\GitHub\urg_library\current\vs2010\cpp\urg_cpp\urg_cpp.vcxproj" からのターゲット "ComputeLegacyManifestEmbedding" (ターゲット "_BuildLinkAction" は依存):
       false 条件のため、タスク "VCMessage" を省略しました。('$(RevertManifestEmbedding)' == 'true' and '$(_LegacyManifestEmbeddingDebug)' == 'true') は ('' == 'true' and '' == 'true') として評価されました。
     1>プロジェクト "urg_cpp.vcxproj" 内のターゲット "ComputeLegacyManifestEmbedding" のビルドが終了しました。
       false 条件により、ターゲット "_Link" を省略しました。('$(LinkCompiled)' == 'true') は ('' == 'true') として評価されました。
     1>ファイル "C:\Program Files (x86)\Microsoft Visual Studio\2017\Community\Common7\IDE\VC\VCTargets\Microsoft.CppBuild.targets" 内にある、プロジェクト "C:\Users\Administrator\Documents\GitHub\urg_library\current\vs2010\cpp\urg_cpp\urg_cpp.vcxproj" からのターゲット "_ALink" (ターゲット "_BuildLinkAction" は依存):
     1>プロジェクト "urg_cpp.vcxproj" 内のターゲット "_ALink" のビルドが終了しました。
       ターゲット "ComputeLegacyManifestEmbedding" を省略しました。以前に正しくビルドされていました。
     1>ファイル "C:\Program Files (x86)\Microsoft Visual Studio\2017\Community\Common7\IDE\VC\VCTargets\Microsoft.CppBuild.targets" 内にある、プロジェクト "C:\Users\Administrator\Documents\GitHub\urg_library\current\vs2010\cpp\urg_cpp\urg_cpp.vcxproj" からのターゲット "_Manifest" (ターゲット "_BuildLinkAction" は依存):
       false 条件のため、タスク "CallTarget" を省略しました。('$(LegacyManifestEmbedding)' == 'true') は ('' == 'true') として評価されました。
     1>プロジェクト "urg_cpp.vcxproj" 内のターゲット "_Manifest" のビルドが終了しました。
     1>ファイル "C:\Program Files (x86)\Microsoft Visual Studio\2017\Community\Common7\IDE\VC\VCTargets\Microsoft.CppCommon.targets" 内にある、プロジェクト "C:\Users\Administrator\Documents\GitHub\urg_library\current\vs2010\cpp\urg_cpp\urg_cpp.vcxproj" からのターゲット "RegisterOutput" (ターゲット "_BuildLinkAction" は依存):
       false 条件のため、タスク "Exec" を省略しました。('$(ConfigurationType)'=='DynamicLibrary' and '%(Link.RegisterOutput)'=='true' and '%(Link.PerUserRedirection)'!='true') は ('StaticLibrary'=='DynamicLibrary' and ''=='true' and ''!='true') として評価されました。
       false 条件のため、タスク "Exec" を省略しました。('$(ConfigurationType)'=='DynamicLibrary' and '%(Link.RegisterOutput)'=='true' and '%(Link.PerUserRedirection)'=='true') は ('StaticLibrary'=='DynamicLibrary' and ''=='true' and ''=='true') として評価されました。
       false 条件のため、タスク "Exec" を省略しました。('$(ConfigurationType)'=='Application' and '%(Link.RegisterOutput)'=='true' and '%(Link.PerUserRedirection)'!='true') は ('StaticLibrary'=='Application' and ''=='true' and ''!='true') として評価されました。
       false 条件のため、タスク "Exec" を省略しました。('$(ConfigurationType)'=='Application' and '%(Link.RegisterOutput)'=='true' and '%(Link.PerUserRedirection)'=='true') は ('StaticLibrary'=='Application' and ''=='true' and ''=='true') として評価されました。
       false 条件のため、タスク "VCMessage" を省略しました。('$(_RegisterOutputExitCode)' != '' and '$(_RegisterOutputExitCode)' != '0') は ('' != '' and '' != '0') として評価されました。
     1>プロジェクト "urg_cpp.vcxproj" 内のターゲット "RegisterOutput" のビルドが終了しました。
       ターゲット "PrepareForBuild" を省略しました。以前に正しくビルドされていました。
       ターゲット "ResolveReferences" を省略しました。以前に正しくビルドされていました。
     1>ファイル "C:\Program Files (x86)\Microsoft Visual Studio\2017\Community\Common7\IDE\VC\VCTargets\Microsoft.CppBuild.targets" 内にある、プロジェクト "C:\Users\Administrator\Documents\GitHub\urg_library\current\vs2010\cpp\urg_cpp\urg_cpp.vcxproj" からのターゲット "ResolvedXDCMake" (ターゲット "_XdcMake" は依存):
       false 条件のため、タスク "MSBuild" を省略しました。('%(_MSBuildProjectReferenceExistent.Extension)' == '.vcxproj' and '@(ProjectReferenceWithConfiguration)' != '' and '@(_MSBuildProjectReferenceExistent)' != '' and '$(_ClCompileGenerateXMLDocumentationFiles)' == 'true') は ('' == '.vcxproj' and '' != '' and '' != '' and '' == 'true') として評価されました。
     1>プロジェクト "urg_cpp.vcxproj" 内のターゲット "ResolvedXDCMake" のビルドが終了しました。
     1>ファイル "C:\Program Files (x86)\Microsoft Visual Studio\2017\Community\Common7\IDE\VC\VCTargets\Microsoft.CppBuild.targets" 内にある、プロジェクト "C:\Users\Administrator\Documents\GitHub\urg_library\current\vs2010\cpp\urg_cpp\urg_cpp.vcxproj" からのターゲット "ComputeCLCompileGeneratedXDCFiles" (ターゲット "_XdcMake" は依存):
     1>プロジェクト "urg_cpp.vcxproj" 内のターゲット "ComputeCLCompileGeneratedXDCFiles" のビルドが終了しました。
     1>ファイル "C:\Program Files (x86)\Microsoft Visual Studio\2017\Community\Common7\IDE\VC\VCTargets\Microsoft.CppBuild.targets" 内にある、プロジェクト "C:\Users\Administrator\Documents\GitHub\urg_library\current\vs2010\cpp\urg_cpp\urg_cpp.vcxproj" からのターゲット "MakeDirsForXdcMake" (ターゲット "_XdcMake" は依存):
       タスク "MakeDir"
       タスク "MakeDir" の実行が終了しました。
     1>プロジェクト "urg_cpp.vcxproj" 内のターゲット "MakeDirsForXdcMake" のビルドが終了しました。
       false 条件により、ターゲット "XdcMake" を省略しました。('@(XdcMake)' != '') は ('' != '') として評価されました。
     1>ファイル "C:\Program Files (x86)\Microsoft Visual Studio\2017\Community\Common7\IDE\VC\VCTargets\Microsoft.CppBuild.targets" 内にある、プロジェクト "C:\Users\Administrator\Documents\GitHub\urg_library\current\vs2010\cpp\urg_cpp\urg_cpp.vcxproj" からのターゲット "_XdcMake" (ターゲット "_BuildLinkAction" は依存):
     1>プロジェクト "urg_cpp.vcxproj" 内のターゲット "_XdcMake" のビルドが終了しました。
     1>ファイル "C:\Program Files (x86)\Microsoft Visual Studio\2017\Community\Common7\IDE\VC\VCTargets\Microsoft.CppBuild.targets" 内にある、プロジェクト "C:\Users\Administrator\Documents\GitHub\urg_library\current\vs2010\cpp\urg_cpp\urg_cpp.vcxproj" からのターゲット "ComputeCLCompileGeneratedSbrFiles" (ターゲット "_BscMake" は依存):
     1>プロジェクト "urg_cpp.vcxproj" 内のターゲット "ComputeCLCompileGeneratedSbrFiles" のビルドが終了しました。
     1>ファイル "C:\Program Files (x86)\Microsoft Visual Studio\2017\Community\Common7\IDE\VC\VCTargets\Microsoft.CppBuild.targets" 内にある、プロジェクト "C:\Users\Administrator\Documents\GitHub\urg_library\current\vs2010\cpp\urg_cpp\urg_cpp.vcxproj" からのターゲット "MakeDirsForBscMake" (ターゲット "_BscMake" は依存):
       タスク "MakeDir"
       タスク "MakeDir" の実行が終了しました。
     1>プロジェクト "urg_cpp.vcxproj" 内のターゲット "MakeDirsForBscMake" のビルドが終了しました。
       false 条件により、ターゲット "BscMake" を省略しました。('@(BscMake)' != '') は ('' != '') として評価されました。
       false 条件により、ターゲット "CustomBuildStep" を省略しました。('@(CustomBuildStep)' != '' and '$(SelectedFiles)'=='') は ('' != '' and ''=='') として評価されました。
     1>ファイル "C:\Program Files (x86)\Microsoft Visual Studio\2017\Community\Common7\IDE\VC\VCTargets\Microsoft.CppBuild.targets" 内にある、プロジェクト "C:\Users\Administrator\Documents\GitHub\urg_library\current\vs2010\cpp\urg_cpp\urg_cpp.vcxproj" からのターゲット "_BscMake" (ターゲット "_BuildLinkAction" は依存):
     1>プロジェクト "urg_cpp.vcxproj" 内のターゲット "_BscMake" のビルドが終了しました。
       false 条件により、ターゲット "RunMergeNativeCodeAnalysis" を省略しました。('$(Language)'=='C++' and '$(RunCodeAnalysisOnThisProject)'=='true') は ('C++'=='C++' and ''=='true') として評価されました。
       false 条件により、ターゲット "RunNativeCodeAnalysis" を省略しました。('$(Language)'=='C++' and '$(RunCodeAnalysisOnThisProject)'=='true') は ('C++'=='C++' and ''=='true') として評価されました。
     1>ファイル "C:\Program Files (x86)\Microsoft Visual Studio\2017\Community\MSBuild\15.0\Bin\Microsoft.Common.CurrentVersion.targets" 内にある、プロジェクト "C:\Users\Administrator\Documents\GitHub\urg_library\current\vs2010\cpp\urg_cpp\urg_cpp.vcxproj" からのターゲット "_GenerateSatelliteAssemblyInputs" (ターゲット "CreateSatelliteAssemblies" は依存):
       false 条件のため、タスク "Warning" を省略しました。('@(ManifestResourceWithCulture)'!='' and '%(ManifestResourceWithCulture.EmittedForCompatibilityOnly)'=='') は (''!='' and ''=='') として評価されました。
       false 条件のため、タスク "Warning" を省略しました。('@(ManifestNonResxWithCultureOnDisk)'!='' and '%(ManifestNonResxWithCultureOnDisk.EmittedForCompatibilityOnly)'=='') は (''!='' and ''=='') として評価されました。
     1>プロジェクト "urg_cpp.vcxproj" 内のターゲット "_GenerateSatelliteAssemblyInputs" のビルドが終了しました。
       false 条件により、ターゲット "ComputeIntermediateSatelliteAssemblies" を省略しました。(@(ReferenceSatellitePaths->'%(DestinationSubDirectory)') != '') は ( != '') として評価されました。
       false 条件により、ターゲット "GenerateSatelliteAssemblies" を省略しました。('@(_SatelliteAssemblyResourceInputs)' != '') は ('' != '') として評価されました。
     1>ファイル "C:\Program Files (x86)\Microsoft Visual Studio\2017\Community\MSBuild\15.0\Bin\Microsoft.Common.CurrentVersion.targets" 内にある、プロジェクト "C:\Users\Administrator\Documents\GitHub\urg_library\current\vs2010\cpp\urg_cpp\urg_cpp.vcxproj" からのターゲット "CreateSatelliteAssemblies" (ターゲット "_BuildLinkAction" は依存):
     1>プロジェクト "urg_cpp.vcxproj" 内のターゲット "CreateSatelliteAssemblies" のビルドが終了しました。
     1>ファイル "C:\Program Files (x86)\Microsoft Visual Studio\2017\Community\Common7\IDE\VC\VCTargets\Microsoft.CppBuild.targets" 内にある、プロジェクト "C:\Users\Administrator\Documents\GitHub\urg_library\current\vs2010\cpp\urg_cpp\urg_cpp.vcxproj" からのターゲット "_Appverifier" (ターゲット "_BuildLinkAction" は依存):
     1>プロジェクト "urg_cpp.vcxproj" 内のターゲット "_Appverifier" のビルドが終了しました。
     1>ファイル "C:\Program Files (x86)\Microsoft Visual Studio\2017\Community\Common7\IDE\VC\VCTargets\Microsoft.CppBuild.targets" 内にある、プロジェクト "C:\Users\Administrator\Documents\GitHub\urg_library\current\vs2010\cpp\urg_cpp\urg_cpp.vcxproj" からのターゲット "_Deploy" (ターゲット "_BuildLinkAction" は依存):
     1>プロジェクト "urg_cpp.vcxproj" 内のターゲット "_Deploy" のビルドが終了しました。
       false 条件により、ターゲット "ComputeIntermediateSatelliteAssemblies" を省略しました。(@(ReferenceSatellitePaths->'%(DestinationSubDirectory)') != '') は ( != '') として評価されました。
       false 条件により、ターゲット "_CopyFilesMarkedCopyLocal" を省略しました。('@(ReferenceCopyLocalPaths)' != '') は ('' != '') として評価されました。
     1>ファイル "C:\Program Files (x86)\Microsoft Visual Studio\2017\Community\MSBuild\15.0\Bin\Microsoft.Common.CurrentVersion.targets" 内にある、プロジェクト "C:\Users\Administrator\Documents\GitHub\urg_library\current\vs2010\cpp\urg_cpp\urg_cpp.vcxproj" からのターゲット "AssignTargetPaths" (ターゲット "GetCopyToOutputDirectoryItems" は依存):
       タスク "AssignTargetPath"
       タスク "AssignTargetPath" の実行が終了しました。
       タスク "AssignTargetPath"
       タスク "AssignTargetPath" の実行が終了しました。
       タスク "AssignTargetPath"
       タスク "AssignTargetPath" の実行が終了しました。
       タスク "AssignTargetPath"
       タスク "AssignTargetPath" の実行が終了しました。
       false 条件のため、タスク "AssignTargetPath" を省略しました。('@(_DeploymentBaseManifestWithTargetPath)'=='' and '%(None.Extension)'=='.manifest') は (''=='' and ''=='.manifest') として評価されました。
     1>プロジェクト "urg_cpp.vcxproj" 内のターゲット "AssignTargetPaths" のビルドが終了しました。
       ターゲット "_SplitProjectReferencesByFileExistence" を省略しました。以前に正しくビルドされていました。
       ターゲット "_GetProjectReferenceTargetFrameworkProperties" を省略しました。以前に正しくビルドされていました。
     1>ファイル "C:\windows\Microsoft.NET\Framework\v4.0.30319\Microsoft.Xaml.targets" 内にある、プロジェクト "C:\Users\Administrator\Documents\GitHub\urg_library\current\vs2010\cpp\urg_cpp\urg_cpp.vcxproj" からのターゲット "GetCopyToOutputDirectoryXamlAppDefs" (ターゲット "GetCopyToOutputDirectoryItems" は依存):
       タスク "AssignTargetPath"
       タスク "AssignTargetPath" の実行が終了しました。
     1>プロジェクト "urg_cpp.vcxproj" 内のターゲット "GetCopyToOutputDirectoryXamlAppDefs" のビルドが終了しました。
     1>ファイル "C:\Program Files (x86)\Microsoft Visual Studio\2017\Community\MSBuild\15.0\Bin\Microsoft.Common.CurrentVersion.targets" 内にある、プロジェクト "C:\Users\Administrator\Documents\GitHub\urg_library\current\vs2010\cpp\urg_cpp\urg_cpp.vcxproj" からのターゲット "GetCopyToOutputDirectoryItems" (ターゲット "_CopySourceItemsToOutputDirectory" は依存):
       false 条件のため、タスク "MSBuild" を省略しました。('@(_MSBuildProjectReferenceExistent)' != '' and '$(_GetChildProjectCopyToOutputDirectoryItems)' == 'true' and '%(_MSBuildProjectReferenceExistent.Private)' != 'false' and '$(UseCommonOutputDirectory)' != 'true') は ('' != '' and 'true' == 'true' and '' != 'false' and 'false' != 'true') として評価されました。
       タスク "AssignTargetPath"
       タスク "AssignTargetPath" の実行が終了しました。
     1>プロジェクト "urg_cpp.vcxproj" 内のターゲット "GetCopyToOutputDirectoryItems" のビルドが終了しました。
       false 条件により、ターゲット "_CopyOutOfDateSourceItemsToOutputDirectory" を省略しました。( '@(_SourceItemsToCopyToOutputDirectory)' != '' ) は ( '' != '' ) として評価されました。
       false 条件により、ターゲット "_CopyOutOfDateSourceItemsToOutputDirectoryAlways" を省略しました。( '@(_SourceItemsToCopyToOutputDirectoryAlways)' != '' ) は ( '' != '' ) として評価されました。
     1>ファイル "C:\Program Files (x86)\Microsoft Visual Studio\2017\Community\MSBuild\15.0\Bin\Microsoft.Common.CurrentVersion.targets" 内にある、プロジェクト "C:\Users\Administrator\Documents\GitHub\urg_library\current\vs2010\cpp\urg_cpp\urg_cpp.vcxproj" からのターゲット "_CopySourceItemsToOutputDirectory" (ターゲット "CopyFilesToOutputDirectory" は依存):
     1>プロジェクト "urg_cpp.vcxproj" 内のターゲット "_CopySourceItemsToOutputDirectory" のビルドが終了しました。
       false 条件により、ターゲット "_CopyAppConfigFile" を省略しました。( '@(AppConfigWithTargetPath)' != '' ) は ( '' != '' ) として評価されました。
       false 条件により、ターゲット "_CopyManifestFiles" を省略しました。( '$(_DeploymentCopyApplicationManifest)'=='true' or '$(GenerateClickOnceManifests)'=='true' ) は ( ''=='true' or ''=='true' ) として評価されました。
     1>ファイル "C:\Program Files (x86)\Microsoft Visual Studio\2017\Community\MSBuild\15.0\Bin\Microsoft.Common.CurrentVersion.targets" 内にある、プロジェクト "C:\Users\Administrator\Documents\GitHub\urg_library\current\vs2010\cpp\urg_cpp\urg_cpp.vcxproj" からのターゲット "_CheckForCompileOutputs" (ターゲット "CopyFilesToOutputDirectory" は依存):
     1>プロジェクト "urg_cpp.vcxproj" 内のターゲット "_CheckForCompileOutputs" のビルドが終了しました。
       false 条件により、ターゲット "_SGenCheckForOutputs" を省略しました。('$(_SGenGenerateSerializationAssembliesConfig)' == 'On' or ('@(WebReferenceUrl)'!='' and '$(_SGenGenerateSerializationAssembliesConfig)' == 'Auto')) は ('Off' == 'On' or (''!='' and 'Off' == 'Auto')) として評価されました。
     1>ファイル "C:\Program Files (x86)\Microsoft Visual Studio\2017\Community\MSBuild\15.0\Bin\Microsoft.Common.CurrentVersion.targets" 内にある、プロジェクト "C:\Users\Administrator\Documents\GitHub\urg_library\current\vs2010\cpp\urg_cpp\urg_cpp.vcxproj" からのターゲット "CopyFilesToOutputDirectory" (ターゲット "PrepareForRun" は依存):
       false 条件のため、タスク "Copy" を省略しました。('$(CopyBuildOutputToOutputDirectory)' == 'true' and '$(SkipCopyBuildProduct)' != 'true') は ('true' == 'true' and 'true' != 'true') として評価されました。
       false 条件のため、タスク "CopyRefAssembly" を省略しました。('$(ProduceReferenceAssembly)' == 'true' and '$(CopyBuildOutputToOutputDirectory)' == 'true' and '$(SkipCopyBuildProduct)' != 'true') は ('false' == 'true' and 'true' == 'true' and 'true' != 'true') として評価されました。
       false 条件のため、タスク "Message" を省略しました。('$(CopyBuildOutputToOutputDirectory)' == 'true' and '$(SkipCopyBuildProduct)'!='true') は ('true' == 'true' and 'true'!='true') として評価されました。
       false 条件のため、タスク "Copy" を省略しました。('@(AddModules)' != '') は ('' != '') として評価されました。
       false 条件のため、タスク "Copy" を省略しました。('$(_SGenDllCreated)'=='true') は ('false'=='true') として評価されました。
       タスク "Copy"
         "Debug\urg_cpp.pdb" から "C:\Users\Administrator\Documents\GitHub\urg_library\current\vs2010\cpp\Debug\urg_cpp.pdb" へファイルをコピーしています。
       タスク "Copy" の実行が終了しました。
       false 条件のため、タスク "Copy" を省略しました。('$(_DocumentationFileProduced)'=='true') は ('false'=='true') として評価されました。
       false 条件のため、タスク "Copy" を省略しました。('@(IntermediateSatelliteAssembliesWithTargetPath)' != '') は ('' != '') として評価されました。
       false 条件のため、タスク "Copy" を省略しました。('@(ReferenceComWrappersToCopyLocal)' != '' or '@(ResolvedIsolatedComModules)' != '' or '@(_DeploymentLooseManifestFile)' != '' or '@(NativeReferenceFile)' != '' ) は ('' != '' or '' != '' or '' != '' or '' != '' ) として評価されました。
       false 条件のため、タスク "Copy" を省略しました。('$(SkipCopyWinMDArtifact)' != 'true' and '@(WinMDExpArtifacts)' != '') は ('' != 'true' and '' != '') として評価されました。
       false 条件のため、タスク "Message" を省略しました。('$(SkipCopyWinMDArtifact)' != 'true' and '$(_WindowsMetadataOutputPath)' != '') は ('' != 'true' and '' != '') として評価されました。
     1>プロジェクト "urg_cpp.vcxproj" 内のターゲット "CopyFilesToOutputDirectory" のビルドが終了しました。
     1>ファイル "C:\Program Files (x86)\Microsoft Visual Studio\2017\Community\MSBuild\15.0\Bin\Microsoft.Common.CurrentVersion.targets" 内にある、プロジェクト "C:\Users\Administrator\Documents\GitHub\urg_library\current\vs2010\cpp\urg_cpp\urg_cpp.vcxproj" からのターゲット "PrepareForRun" (ターゲット "_BuildLinkAction" は依存):
     1>プロジェクト "urg_cpp.vcxproj" 内のターゲット "PrepareForRun" のビルドが終了しました。
       false 条件により、ターゲット "CustomBuildStep" を省略しました。('@(CustomBuildStep)' != '' and '$(SelectedFiles)'=='') は ('' != '' and ''=='') として評価されました。
     1>ファイル "C:\Program Files (x86)\Microsoft Visual Studio\2017\Community\Common7\IDE\VC\VCTargets\Microsoft.CppCommon.targets" 内にある、プロジェクト "C:\Users\Administrator\Documents\GitHub\urg_library\current\vs2010\cpp\urg_cpp\urg_cpp.vcxproj" からのターゲット "PostBuildEvent" (ターゲット "_BuildLinkAction" は依存):
       false 条件のため、タスク "Message" を省略しました。('%(PostBuildEvent.Message)' != '' and '%(PostBuildEvent.Command)' != '') は ('' != '' and '' != '') として評価されました。
       false 条件のため、タスク "Exec" を省略しました。('%(PostBuildEvent.Command)' != '') は ('' != '') として評価されました。
     1>プロジェクト "urg_cpp.vcxproj" 内のターゲット "PostBuildEvent" のビルドが終了しました。
     1>ファイル "C:\Program Files (x86)\Microsoft Visual Studio\2017\Community\Common7\IDE\VC\VCTargets\Microsoft.CppBuild.targets" 内にある、プロジェクト "C:\Users\Administrator\Documents\GitHub\urg_library\current\vs2010\cpp\urg_cpp\urg_cpp.vcxproj" からのターゲット "_BuildLinkAction" (ターゲット "BuildLink" は依存):
     1>プロジェクト "urg_cpp.vcxproj" 内のターゲット "_BuildLinkAction" のビルドが終了しました。
     1>ファイル "C:\Program Files (x86)\Microsoft Visual Studio\2017\Community\MSBuild\15.0\Bin\Microsoft.Common.CurrentVersion.targets" 内にある、プロジェクト "C:\Users\Administrator\Documents\GitHub\urg_library\current\vs2010\cpp\urg_cpp\urg_cpp.vcxproj" からのターゲット "BuildLink" (ターゲット "Build" は依存):
     1>プロジェクト "urg_cpp.vcxproj" 内のターゲット "BuildLink" のビルドが終了しました。
     1>ファイル "C:\Program Files (x86)\Microsoft Visual Studio\2017\Community\Common7\IDE\VC\VCTargets\Microsoft.BuildSteps.Targets" 内にある、プロジェクト "C:\Users\Administrator\Documents\GitHub\urg_library\current\vs2010\cpp\urg_cpp\urg_cpp.vcxproj" からのターゲット "AfterBuild" (ターゲット "Build" は依存):
     1>プロジェクト "urg_cpp.vcxproj" 内のターゲット "AfterBuild" のビルドが終了しました。
     1>ファイル "C:\Program Files (x86)\Microsoft Visual Studio\2017\Community\Common7\IDE\VC\VCTargets\Microsoft.CppBuild.targets" 内にある、プロジェクト "C:\Users\Administrator\Documents\GitHub\urg_library\current\vs2010\cpp\urg_cpp\urg_cpp.vcxproj" からのターゲット "FinalizeBuildStatus" (ターゲット "Build" は依存):
       タスク "Delete"
         ファイル "Debug\urg_cpp.tlog\unsuccessfulbuild" を削除しています。
       タスク "Delete" の実行が終了しました。
       タスク "Touch"
         "Debug\urg_cpp.tlog\urg_cpp.lastbuildstate" のタッチ タスクを実行しています。
       タスク "Touch" の実行が終了しました。
     1>プロジェクト "urg_cpp.vcxproj" 内のターゲット "FinalizeBuildStatus" のビルドが終了しました。
       ターゲット "_CheckForInvalidConfigurationAndPlatform" を省略しました。以前に正しくビルドされていました。
       ターゲット "_CheckForInvalidConfigurationAndPlatform" を省略しました。以前に正しくビルドされていました。
     1>ファイル "C:\Program Files (x86)\Microsoft Visual Studio\2017\Community\Common7\IDE\VC\VCTargets\Microsoft.BuildSteps.Targets" 内にある、プロジェクト "C:\Users\Administrator\Documents\GitHub\urg_library\current\vs2010\cpp\urg_cpp\urg_cpp.vcxproj" からのターゲット "Build" (エントリ ポイント):
     1>プロジェクト "urg_cpp.vcxproj" 内のターゲット "Build" のビルドが終了しました。
     1>ファイル "C:\Program Files (x86)\Microsoft Visual Studio\2017\Community\MSBuild\Microsoft\VisualStudio\Managed.Web\Microsoft.Web.IISSupport.targets" 内にある、プロジェクト "C:\Users\Administrator\Documents\GitHub\urg_library\current\vs2010\cpp\urg_cpp\urg_cpp.vcxproj" からのターゲット "CleanupEmptyRefsFolder" (エントリ ポイント):
       false 条件のため、タスク "RemoveDir" を省略しました。(@(_FilesInRefsFolder ->Count()) == 0) は (4 == 0) として評価されました。
     1>プロジェクト "urg_cpp.vcxproj" 内のターゲット "CleanupEmptyRefsFolder" のビルドが終了しました。
     1>プロジェクト "C:\Users\Administrator\Documents\GitHub\urg_library\current\vs2010\cpp\urg_cpp\urg_cpp.vcxproj" (Build ターゲット) のビルドが完了しました。
