2017/11/17 10:31:46 にビルドを開始しました。
     1>ノード 5 上のプロジェクト "C:\Users\Administrator\Documents\GitHub\urg_library\current\vs2010\c\get_multiecho\get_multiecho.vcxproj" (Rebuild ターゲット)。
     1>ツール バージョン "15.0" でビルドしています。
     1>ファイル "C:\Program Files (x86)\Microsoft Visual Studio\2017\Community\MSBuild\15.0\Bin\Microsoft.Common.CurrentVersion.targets" 内にある、プロジェクト "C:\Users\Administrator\Documents\GitHub\urg_library\current\vs2010\c\get_multiecho\get_multiecho.vcxproj" からのターゲット "_CheckForInvalidConfigurationAndPlatform" (ターゲット "_PrepareForRebuild" は依存):
       false 条件のため、タスク "Error" を省略しました。( '$(_InvalidConfigurationError)' == 'true' ) は ( '' == 'true' ) として評価されました。
       false 条件のため、タスク "Warning" を省略しました。( '$(_InvalidConfigurationWarning)' == 'true' ) は ( '' == 'true' ) として評価されました。
       "Message" タスクをアセンブリ "Microsoft.Build.Tasks.Core, Version=15.1.0.0, Culture=neutral, PublicKeyToken=b03f5f7f11d50a3a" から使用しています。
       タスク "Message"
         Configuration=Debug
       タスク "Message" の実行が終了しました。
       タスク "Message"
         Platform=Win32
       タスク "Message" の実行が終了しました。
       false 条件のため、タスク "Error" を省略しました。('$(OutDir)' != '' and !HasTrailingSlash('$(OutDir)')) は ('C:\Users\Administrator\Documents\GitHub\urg_library\current\vs2010\c\Debug\' != '' and !HasTrailingSlash('C:\Users\Administrator\Documents\GitHub\urg_library\current\vs2010\c\Debug\')) として評価されました。
       false 条件のため、タスク "Error" を省略しました。('$(BaseIntermediateOutputPath)' != '' and !HasTrailingSlash('$(BaseIntermediateOutputPath)')) は ('obj\' != '' and !HasTrailingSlash('obj\')) として評価されました。
       false 条件のため、タスク "Error" を省略しました。('$(IntermediateOutputPath)' != '' and !HasTrailingSlash('$(IntermediateOutputPath)')) は ('Debug\' != '' and !HasTrailingSlash('Debug\')) として評価されました。
     1>プロジェクト "get_multiecho.vcxproj" 内のターゲット "_CheckForInvalidConfigurationAndPlatform" のビルドが終了しました。
     1>ファイル "C:\Program Files (x86)\Microsoft Visual Studio\2017\Community\Common7\IDE\VC\VCTargets\Microsoft.BuildSteps.Targets" 内にある、プロジェクト "C:\Users\Administrator\Documents\GitHub\urg_library\current\vs2010\c\get_multiecho\get_multiecho.vcxproj" からのターゲット "_PrepareForRebuild" (ターゲット "Rebuild" は依存):
     1>プロジェクト "get_multiecho.vcxproj" 内のターゲット "_PrepareForRebuild" のビルドが終了しました。
     1>ファイル "C:\Program Files (x86)\Microsoft Visual Studio\2017\Community\MSBuild\15.0\Bin\Microsoft.Common.CurrentVersion.targets" 内にある、プロジェクト "C:\Users\Administrator\Documents\GitHub\urg_library\current\vs2010\c\get_multiecho\get_multiecho.vcxproj" からのターゲット "BeforeRebuild" (ターゲット "Rebuild" は依存):
     1>プロジェクト "get_multiecho.vcxproj" 内のターゲット "BeforeRebuild" のビルドが終了しました。
     1>ファイル "C:\Program Files (x86)\Microsoft Visual Studio\2017\Community\Common7\IDE\VC\VCTargets\Microsoft.BuildSteps.Targets" 内にある、プロジェクト "C:\Users\Administrator\Documents\GitHub\urg_library\current\vs2010\c\get_multiecho\get_multiecho.vcxproj" からのターゲット "_PrepareForClean" (ターゲット "Clean" は依存):
       false 条件のため、タスク "Delete" を省略しました。(Exists($(LastBuildState))) は (Exists(Debug\get_multiecho.tlog\get_multiecho.lastbuildstate)) として評価されました。
     1>プロジェクト "get_multiecho.vcxproj" 内のターゲット "_PrepareForClean" のビルドが終了しました。
     1>ファイル "C:\Program Files (x86)\Microsoft Visual Studio\2017\Community\MSBuild\15.0\Bin\Microsoft.Common.CurrentVersion.targets" 内にある、プロジェクト "C:\Users\Administrator\Documents\GitHub\urg_library\current\vs2010\c\get_multiecho\get_multiecho.vcxproj" からのターゲット "BeforeClean" (ターゲット "Clean" は依存):
     1>プロジェクト "get_multiecho.vcxproj" 内のターゲット "BeforeClean" のビルドが終了しました。
       false 条件により、ターゲット "UnmanagedUnregistration" を省略しました。((('$(_AssemblyTimestampBeforeCompile)' != '$(_AssemblyTimestampAfterCompile)' or '$(RegisterForComInterop)' != 'true' or '$(OutputType)' != 'library') or
                           ('$(_AssemblyTimestampBeforeCompile)' == '')) and
                          Exists('@(_UnmanagedRegistrationCache)')) は ((('' != '' or '' != 'true' or 'exe' != 'library') or
                           ('' == '')) and
                          Exists('obj\get_multiecho.vcxproj.UnmanagedRegistration.cache')) として評価されました。
     1>ファイル "C:\Program Files (x86)\Microsoft Visual Studio\2017\Community\MSBuild\15.0\Bin\Microsoft.Common.CurrentVersion.targets" 内にある、プロジェクト "C:\Users\Administrator\Documents\GitHub\urg_library\current\vs2010\c\get_multiecho\get_multiecho.vcxproj" からのターゲット "CoreClean" (ターゲット "Clean" は依存):
       "Delete" タスクをアセンブリ "Microsoft.Build.Tasks.Core, Version=15.1.0.0, Culture=neutral, PublicKeyToken=b03f5f7f11d50a3a" から使用しています。
       タスク "Delete"
         ファイル "Debug\\TempCA\get_multiecho.pdb" は存在しません。省略します。
         ファイル "Debug\\TempCA\get_multiecho.exe" は存在しません。省略します。
       タスク "Delete" の実行が終了しました。
       "ReadLinesFromFile" タスクをアセンブリ "Microsoft.Build.Tasks.Core, Version=15.1.0.0, Culture=neutral, PublicKeyToken=b03f5f7f11d50a3a" から使用しています。
       タスク "ReadLinesFromFile"
       タスク "ReadLinesFromFile" の実行が終了しました。
       "FindUnderPath" タスクをアセンブリ "Microsoft.Build.Tasks.Core, Version=15.1.0.0, Culture=neutral, PublicKeyToken=b03f5f7f11d50a3a" から使用しています。
       タスク "FindUnderPath"
         比較パスは "C:\Users\Administrator\Documents\GitHub\urg_library\current\vs2010\c\Debug\" です。
       タスク "FindUnderPath" の実行が終了しました。
       タスク "FindUnderPath"
         比較パスは "Debug\" です。
       タスク "FindUnderPath" の実行が終了しました。
       タスク "Delete"
       タスク "Delete" の実行が終了しました。
       "RemoveDuplicates" タスクをアセンブリ "Microsoft.Build.Tasks.Core, Version=15.1.0.0, Culture=neutral, PublicKeyToken=b03f5f7f11d50a3a" から使用しています。
       タスク "RemoveDuplicates"
       タスク "RemoveDuplicates" の実行が終了しました。
       "MakeDir" タスクをアセンブリ "Microsoft.Build.Tasks.Core, Version=15.1.0.0, Culture=neutral, PublicKeyToken=b03f5f7f11d50a3a" から使用しています。
       タスク "MakeDir"
       タスク "MakeDir" の実行が終了しました。
       "WriteLinesToFile" タスクをアセンブリ "Microsoft.Build.Tasks.Core, Version=15.1.0.0, Culture=neutral, PublicKeyToken=b03f5f7f11d50a3a" から使用しています。
       タスク "WriteLinesToFile"
       タスク "WriteLinesToFile" の実行が終了しました。
     1>プロジェクト "get_multiecho.vcxproj" 内のターゲット "CoreClean" のビルドが終了しました。
     1>ファイル "C:\Program Files (x86)\Microsoft Visual Studio\2017\Community\MSBuild\15.0\Bin\Microsoft.Common.CurrentVersion.targets" 内にある、プロジェクト "C:\Users\Administrator\Documents\GitHub\urg_library\current\vs2010\c\get_multiecho\get_multiecho.vcxproj" からのターゲット "AssignProjectConfiguration" (ターゲット "PrepareProjectReferences" は依存):
       "AssignProjectConfiguration" タスクをアセンブリ "Microsoft.Build.Tasks.Core, Version=15.1.0.0, Culture=neutral, PublicKeyToken=b03f5f7f11d50a3a" から使用しています。
       タスク "AssignProjectConfiguration"
         プロジェクト参照 "..\urg\urg.vcxproj" に "Debug|Win32" 構成を割り当てました。
       タスク "AssignProjectConfiguration" の実行が終了しました。
     1>プロジェクト "get_multiecho.vcxproj" 内のターゲット "AssignProjectConfiguration" のビルドが終了しました。
     1>ファイル "C:\Program Files (x86)\Microsoft Visual Studio\2017\Community\MSBuild\15.0\Bin\Microsoft.Common.CurrentVersion.targets" 内にある、プロジェクト "C:\Users\Administrator\Documents\GitHub\urg_library\current\vs2010\c\get_multiecho\get_multiecho.vcxproj" からのターゲット "_SplitProjectReferencesByFileExistence" (ターゲット "PrepareProjectReferences" は依存):
       "ResolveNonMSBuildProjectOutput" タスクをアセンブリ "Microsoft.Build.Tasks.Core, Version=15.1.0.0, Culture=neutral, PublicKeyToken=b03f5f7f11d50a3a" から使用しています。
       タスク "ResolveNonMSBuildProjectOutput"
         プロジェクト参照 "..\urg\urg.vcxproj" を解決しています。
         プロジェクト参照 "..\urg\urg.vcxproj" は解決されませんでした。
       タスク "ResolveNonMSBuildProjectOutput" の実行が終了しました。
     1>プロジェクト "get_multiecho.vcxproj" 内のターゲット "_SplitProjectReferencesByFileExistence" のビルドが終了しました。
     1>ファイル "C:\Program Files (x86)\Microsoft Visual Studio\2017\Community\MSBuild\15.0\Bin\Microsoft.Common.CurrentVersion.targets" 内にある、プロジェクト "C:\Users\Administrator\Documents\GitHub\urg_library\current\vs2010\c\get_multiecho\get_multiecho.vcxproj" からのターゲット "_GetProjectReferenceTargetFrameworkProperties" (ターゲット "PrepareProjectReferences" は依存):
       ターゲット "_GetProjectReferenceTargetFrameworkProperties" を完全にビルドしています。
       入力ファイルが指定されていません。
       false 条件のため、タスク "MSBuild" を省略しました。('%(_MSBuildProjectReferenceExistent.SkipGetTargetFrameworkProperties)' != 'true') は ('true' != 'true') として評価されました。
     1>プロジェクト "get_multiecho.vcxproj" 内のターゲット "_GetProjectReferenceTargetFrameworkProperties" のビルドが終了しました。
     1>ファイル "C:\Program Files (x86)\Microsoft Visual Studio\2017\Community\MSBuild\15.0\Bin\Microsoft.Common.CurrentVersion.targets" 内にある、プロジェクト "C:\Users\Administrator\Documents\GitHub\urg_library\current\vs2010\c\get_multiecho\get_multiecho.vcxproj" からのターゲット "PrepareProjectReferences" (ターゲット "CleanReferencedProjects" は依存):
     1>プロジェクト "get_multiecho.vcxproj" 内のターゲット "PrepareProjectReferences" のビルドが終了しました。
     1>ファイル "C:\Program Files (x86)\Microsoft Visual Studio\2017\Community\MSBuild\15.0\Bin\Microsoft.Common.CurrentVersion.targets" 内にある、プロジェクト "C:\Users\Administrator\Documents\GitHub\urg_library\current\vs2010\c\get_multiecho\get_multiecho.vcxproj" からのターゲット "CleanReferencedProjects" (ターゲット "Clean" は依存):
       false 条件のため、タスク "MSBuild" を省略しました。('$(BuildingInsideVisualStudio)' != 'true' and '$(BuildProjectReferences)' == 'true' and '@(_MSBuildProjectReferenceExistent)' != '') は ('true' != 'true' and 'true' == 'true' and '..\urg\urg.vcxproj' != '') として評価されました。
     1>プロジェクト "get_multiecho.vcxproj" 内のターゲット "CleanReferencedProjects" のビルドが終了しました。
     1>ファイル "C:\Program Files (x86)\Microsoft Visual Studio\2017\Community\MSBuild\15.0\Bin\Microsoft.Common.CurrentVersion.targets" 内にある、プロジェクト "C:\Users\Administrator\Documents\GitHub\urg_library\current\vs2010\c\get_multiecho\get_multiecho.vcxproj" からのターゲット "CleanPublishFolder" (ターゲット "Clean" は依存):
       false 条件のため、タスク "RemoveDir" を省略しました。('$(PublishDir)'=='$(OutputPath)app.publish\' and Exists('$(PublishDir)')) は ('C:\Users\Administrator\Documents\GitHub\urg_library\current\vs2010\c\Debug\app.publish\'=='C:\Users\Administrator\Documents\GitHub\urg_library\current\vs2010\c\Debug\app.publish\' and Exists('C:\Users\Administrator\Documents\GitHub\urg_library\current\vs2010\c\Debug\app.publish\')) として評価されました。
     1>プロジェクト "get_multiecho.vcxproj" 内のターゲット "CleanPublishFolder" のビルドが終了しました。
     1>ファイル "C:\Program Files (x86)\Microsoft Visual Studio\2017\Community\MSBuild\15.0\Bin\Microsoft.Common.CurrentVersion.targets" 内にある、プロジェクト "C:\Users\Administrator\Documents\GitHub\urg_library\current\vs2010\c\get_multiecho\get_multiecho.vcxproj" からのターゲット "AfterClean" (ターゲット "Clean" は依存):
     1>プロジェクト "get_multiecho.vcxproj" 内のターゲット "AfterClean" のビルドが終了しました。
       false 条件により、ターゲット "EntityClean" を省略しました。('@(EntityDeploy)' != '') は ('' != '') として評価されました。
     1>ファイル "C:\Program Files (x86)\Microsoft Visual Studio\2017\Community\Common7\IDE\VC\VCTargets\Microsoft.CppClean.targets" 内にある、プロジェクト "C:\Users\Administrator\Documents\GitHub\urg_library\current\vs2010\c\get_multiecho\get_multiecho.vcxproj" からのターゲット "BeforeCppClean" (ターゲット "CppClean" は依存):
     1>プロジェクト "get_multiecho.vcxproj" 内のターゲット "BeforeCppClean" のビルドが終了しました。
     1>ファイル "C:\Program Files (x86)\Microsoft Visual Studio\2017\Community\Common7\IDE\VC\VCTargets\Microsoft.CppClean.targets" 内にある、プロジェクト "C:\Users\Administrator\Documents\GitHub\urg_library\current\vs2010\c\get_multiecho\get_multiecho.vcxproj" からのターゲット "CoreCppClean" (ターゲット "CppClean" は依存):
       タスク "MakeDir"
       タスク "MakeDir" の実行が終了しました。
       "CppClean" タスクをアセンブリ "C:\Program Files (x86)\Microsoft Visual Studio\2017\Community\Common7\IDE\VC\VCTargets\Microsoft.Build.CppTasks.Common.dll" から使用しています。
       タスク "CppClean"
       タスク "CppClean" の実行が終了しました。
       タスク "WriteLinesToFile"
       タスク "WriteLinesToFile" の実行が終了しました。
     1>プロジェクト "get_multiecho.vcxproj" 内のターゲット "CoreCppClean" のビルドが終了しました。
     1>ファイル "C:\Program Files (x86)\Microsoft Visual Studio\2017\Community\Common7\IDE\VC\VCTargets\Microsoft.CppClean.targets" 内にある、プロジェクト "C:\Users\Administrator\Documents\GitHub\urg_library\current\vs2010\c\get_multiecho\get_multiecho.vcxproj" からのターゲット "AfterCppClean" (ターゲット "CppClean" は依存):
     1>プロジェクト "get_multiecho.vcxproj" 内のターゲット "AfterCppClean" のビルドが終了しました。
     1>ファイル "C:\Program Files (x86)\Microsoft Visual Studio\2017\Community\Common7\IDE\VC\VCTargets\Microsoft.CppClean.targets" 内にある、プロジェクト "C:\Users\Administrator\Documents\GitHub\urg_library\current\vs2010\c\get_multiecho\get_multiecho.vcxproj" からのターゲット "PGInstrumentedClean" (ターゲット "CppClean" は依存):
       タスク "Delete"
       タスク "Delete" の実行が終了しました。
     1>プロジェクト "get_multiecho.vcxproj" 内のターゲット "PGInstrumentedClean" のビルドが終了しました。
     1>ファイル "C:\Program Files (x86)\Microsoft Visual Studio\2017\Community\Common7\IDE\VC\VCTargets\Microsoft.CppClean.targets" 内にある、プロジェクト "C:\Users\Administrator\Documents\GitHub\urg_library\current\vs2010\c\get_multiecho\get_multiecho.vcxproj" からのターゲット "CppClean" (ターゲット "Clean" は依存):
     1>プロジェクト "get_multiecho.vcxproj" 内のターゲット "CppClean" のビルドが終了しました。
     1>ファイル "C:\Program Files (x86)\Microsoft Visual Studio\2017\Community\MSBuild\15.0\Bin\Microsoft.Common.CurrentVersion.targets" 内にある、プロジェクト "C:\Users\Administrator\Documents\GitHub\urg_library\current\vs2010\c\get_multiecho\get_multiecho.vcxproj" からのターゲット "Clean" (ターゲット "Rebuild" は依存):
     1>プロジェクト "get_multiecho.vcxproj" 内のターゲット "Clean" のビルドが終了しました。
     1>ファイル "C:\Program Files (x86)\Microsoft Visual Studio\2017\Community\Common7\IDE\VC\VCTargets\Microsoft.BuildSteps.Targets" 内にある、プロジェクト "C:\Users\Administrator\Documents\GitHub\urg_library\current\vs2010\c\get_multiecho\get_multiecho.vcxproj" からのターゲット "_PrepareForBuild" (ターゲット "Build" は依存):
       false 条件のため、タスク "CreateItem" を省略しました。('%(CustomBuild.IncludeFileToTool)'!='') は (''!='') として評価されました。
     1>プロジェクト "get_multiecho.vcxproj" 内のターゲット "_PrepareForBuild" のビルドが終了しました。
     1>ファイル "C:\Program Files (x86)\Microsoft Visual Studio\2017\Community\Common7\IDE\VC\VCTargets\Microsoft.CppBuild.targets" 内にある、プロジェクト "C:\Users\Administrator\Documents\GitHub\urg_library\current\vs2010\c\get_multiecho\get_multiecho.vcxproj" からのターゲット "_PrepareForReferenceResolution" (ターゲット "ResolveReferences" は依存):
       false 条件のため、タスク "Message" を省略しました。('$(_REFERENCE_DEBUG)'=='true') は (''=='true') として評価されました。
     1>プロジェクト "get_multiecho.vcxproj" 内のターゲット "_PrepareForReferenceResolution" のビルドが終了しました。
       false 条件により、ターゲット "ComputeCrtSDKReference" を省略しました。('@(ClCompile)'!='' and '$(WindowsAppContainer)'=='true' and '$(UseCrtSDKReference)' != 'false') は ('..\..\..\samples\c\get_multiecho.c;..\..\..\samples\c\open_urg_sensor.c'!='' and 'false'=='true' and '' != 'false') として評価されました。
     1>ファイル "C:\Program Files (x86)\Microsoft Visual Studio\2017\Community\MSBuild\15.0\Bin\Microsoft.Common.CurrentVersion.targets" 内にある、プロジェクト "C:\Users\Administrator\Documents\GitHub\urg_library\current\vs2010\c\get_multiecho\get_multiecho.vcxproj" からのターゲット "BeforeResolveReferences" (ターゲット "ResolveReferences" は依存):
     1>プロジェクト "get_multiecho.vcxproj" 内のターゲット "BeforeResolveReferences" のビルドが終了しました。
       ターゲット "AssignProjectConfiguration" を省略しました。以前に正しくビルドされていました。
       ターゲット "PrepareProjectReferences" を省略しました。以前に正しくビルドされていました。
     1>ファイル "C:\Program Files (x86)\Microsoft Visual Studio\2017\Community\Common7\IDE\VC\VCTargets\Microsoft.CppBuild.targets" 内にある、プロジェクト "C:\Users\Administrator\Documents\GitHub\urg_library\current\vs2010\c\get_multiecho\get_multiecho.vcxproj" からのターゲット "_RemoveNameMetadataFromProjectReferenceItems" (ターゲット "ResolveProjectReferences" は依存):
     1>プロジェクト "get_multiecho.vcxproj" 内のターゲット "_RemoveNameMetadataFromProjectReferenceItems" のビルドが終了しました。
     1>ファイル "C:\Program Files (x86)\Microsoft Visual Studio\2017\Community\MSBuild\15.0\Bin\Microsoft.Common.CurrentVersion.targets" 内にある、プロジェクト "C:\Users\Administrator\Documents\GitHub\urg_library\current\vs2010\c\get_multiecho\get_multiecho.vcxproj" からのターゲット "ResolveProjectReferences" (ターゲット "ResolveReferences" は依存):
       "MSBuild" タスクをアセンブリ "Microsoft.Build.Tasks.Core, Version=15.1.0.0, Culture=neutral, PublicKeyToken=b03f5f7f11d50a3a" から使用しています。
       タスク "MSBuild"
         グローバル プロパティ:
           Configuration=Debug
           Platform=Win32
     1>プロジェクト "C:\Users\Administrator\Documents\GitHub\urg_library\current\vs2010\c\get_multiecho\get_multiecho.vcxproj" (1) は、ノード 2 上に "C:\Users\Administrator\Documents\GitHub\urg_library\current\vs2010\c\urg\urg.vcxproj" (2) をビルドしています (GetTargetPath ターゲット)。
     2>ツール バージョン "15.0" でビルドしています。
       ターゲット "GetTargetPath" を省略しました。以前に正しくビルドされていました。
     2>プロジェクト "C:\Users\Administrator\Documents\GitHub\urg_library\current\vs2010\c\urg\urg.vcxproj" (GetTargetPath ターゲット) のビルドが完了しました。
     1>タスク "MSBuild" の実行が終了しました。
       false 条件のため、タスク "MSBuild" を省略しました。('%(_MSBuildProjectReferenceExistent.BuildReference)' == 'true' and '@(ProjectReferenceWithConfiguration)' != '' and ('$(BuildingInsideVisualStudio)' == 'true' or '$(BuildProjectReferences)' != 'true') and '$(VisualStudioVersion)' == '10.0' and '@(_MSBuildProjectReferenceExistent)' != '') は ('true' == 'true' and '..\urg\urg.vcxproj' != '' and ('true' == 'true' or 'true' != 'true') and '15.0' == '10.0' and '..\urg\urg.vcxproj' != '') として評価されました。
       false 条件のため、タスク "MSBuild" を省略しました。('%(_MSBuildProjectReferenceExistent.BuildReference)' == 'true' and '@(ProjectReferenceWithConfiguration)' != '' and '$(BuildingInsideVisualStudio)' != 'true' and '$(BuildProjectReferences)' == 'true' and '@(_MSBuildProjectReferenceExistent)' != '') は ('true' == 'true' and '..\urg\urg.vcxproj' != '' and 'true' != 'true' and 'true' == 'true' and '..\urg\urg.vcxproj' != '') として評価されました。
       タスク "MSBuild"
         グローバル プロパティ:
           Configuration=Debug
           Platform=Win32
     1>プロジェクト "C:\Users\Administrator\Documents\GitHub\urg_library\current\vs2010\c\get_multiecho\get_multiecho.vcxproj" (1) は、ノード 2 上に "C:\Users\Administrator\Documents\GitHub\urg_library\current\vs2010\c\urg\urg.vcxproj" (2:2) をビルドしています (GetNativeManifest ターゲット)。
   2:2>ツール バージョン "15.0" でビルドしています。
       ターゲット "GetNativeManifest" を省略しました。以前に正しくビルドされていました。
   2:2>プロジェクト "C:\Users\Administrator\Documents\GitHub\urg_library\current\vs2010\c\urg\urg.vcxproj" (GetNativeManifest ターゲット) のビルドが完了しました。
     1>タスク "MSBuild" の実行が終了しました。
       false 条件のため、タスク "Warning" を省略しました。('@(ProjectReferenceWithConfiguration)' != '' and '@(_MSBuildProjectReferenceNonexistent)' != '') は ('..\urg\urg.vcxproj' != '' and '' != '') として評価されました。
     1>プロジェクト "get_multiecho.vcxproj" 内のターゲット "ResolveProjectReferences" のビルドが終了しました。
       false 条件により、ターゲット "FindInvalidProjectReferences" を省略しました。('$(FindInvalidProjectReferences)' == 'true') は ('' == 'true') として評価されました。
       false 条件により、ターゲット "ResolveNativeReferences" を省略しました。('@(NativeReference)'!='') は (''!='') として評価されました。
       ターゲット "_PrepareForReferenceResolution" を省略しました。以前に正しくビルドされていました。
     1>ファイル "C:\Program Files (x86)\Microsoft Visual Studio\2017\Community\MSBuild\15.0\Bin\Microsoft.NETFramework.CurrentVersion.targets" 内にある、プロジェクト "C:\Users\Administrator\Documents\GitHub\urg_library\current\vs2010\c\get_multiecho\get_multiecho.vcxproj" からのターゲット "GetFrameworkPaths" (ターゲット "ResolveAssemblyReferences" は依存):
     1>プロジェクト "get_multiecho.vcxproj" 内のターゲット "GetFrameworkPaths" のビルドが終了しました。
       false 条件により、ターゲット "GetWinFXPath" を省略しました。(('@(Page)' != '' or '@(ApplicationDefinition)' != '' or '@(Resource)' != '') and ('$(GetWinFXNativePath)' != '' or '$(GetWinFXWoWPath)' != '' )) は (('' != '' or '' != '' or '' != '') and ('' != '' or '' != '' )) として評価されました。
     1>ファイル "C:\Program Files (x86)\Microsoft Visual Studio\2017\Community\MSBuild\15.0\Bin\Microsoft.Common.CurrentVersion.targets" 内にある、プロジェクト "C:\Users\Administrator\Documents\GitHub\urg_library\current\vs2010\c\get_multiecho\get_multiecho.vcxproj" からのターゲット "GetReferenceAssemblyPaths" (ターゲット "ResolveAssemblyReferences" は依存):
       false 条件のため、タスク "GetReferenceAssemblyPaths" を省略しました。('$(TargetFrameworkMoniker)' != '' and ('$(_TargetFrameworkDirectories)' == '' or '$(_FullFrameworkReferenceAssemblyPaths)' == '')) は ('' != '' and ('C:\Program Files (x86)\Reference Assemblies\Microsoft\Framework\.NETFramework\v4.0' == '' or 'C:\Program Files (x86)\Reference Assemblies\Microsoft\Framework\.NETFramework\v4.0' == '')) として評価されました。
     1>プロジェクト "get_multiecho.vcxproj" 内のターゲット "GetReferenceAssemblyPaths" のビルドが終了しました。
     1>ファイル "C:\Program Files (x86)\Microsoft Visual Studio\2017\Community\Common7\IDE\VC\VCTargets\Microsoft.Cpp.Current.targets" 内にある、プロジェクト "C:\Users\Administrator\Documents\GitHub\urg_library\current\vs2010\c\get_multiecho\get_multiecho.vcxproj" からのターゲット "SetBuildDefaultEnvironmentVariables" (ターゲット "PrepareForBuild" は依存):
       "SetEnv" タスクをアセンブリ "C:\Program Files (x86)\Microsoft Visual Studio\2017\Community\Common7\IDE\VC\VCTargets\Microsoft.Build.CppTasks.Common.dll" から使用しています。
       タスク "SetEnv"
         PATH=C:\Program Files (x86)\Microsoft Visual Studio\2017\Community\VC\Tools\MSVC\14.11.25503\bin\HostX86\x86;C:\Program Files (x86)\Windows Kits\10\bin\10.0.16299.0\x86;;C:\Program Files (x86)\Microsoft SDKs\Windows\v10.0A\bin\NETFX 4.6.1 Tools;C:\Program Files (x86)\Microsoft Visual Studio\2017\Community\Common7\tools;C:\Program Files (x86)\Microsoft Visual Studio\2017\Community\Common7\ide;C:\Program Files (x86)\HTML Help Workshop;;C:\Program Files (x86)\Microsoft Visual Studio\2017\Community\MSBuild\15.0\Bin;C:\windows\Microsoft.NET\Framework\v4.0.30319\;C:\windows\SysWow64;;C:\app\Administrator\product\11.2.0\client_1\bin;C:\Program Files (x86)\Intel\iCLS Client\;C:\Program Files\Intel\iCLS Client\;C:\windows\system32;C:\windows;C:\windows\System32\Wbem;C:\windows\System32\WindowsPowerShell\v1.0\;C:\Program Files (x86)\Intel\Intel(R) Management Engine Components\DAL;C:\Program Files\Intel\Intel(R) Management Engine Components\DAL;C:\Program Files (x86)\Intel\Intel(R) Management Engine Components\IPT;C:\Program Files\Intel\Intel(R) Management Engine Components\IPT;C:\Program Files (x86)\Toshiba\Bluetooth Toshiba Stack\sys\;C:\Program Files (x86)\Toshiba\Bluetooth Toshiba Stack\sys\x64\;C:\Program Files\Intel\WiFi\bin\;C:\Program Files\Common Files\Intel\WirelessCommon\;C:\Program Files\dotnet\;C:\Program Files\Microsoft SQL Server\130\Tools\Binn\;C:\Program Files\TortoiseHg\;C:\Program Files\Git\cmd;C:\Program Files\EmEditor;;C:\Program Files\UrgBenriPlus;
       タスク "SetEnv" の実行が終了しました。
       タスク "SetEnv"
         LIB=C:\Program Files (x86)\Microsoft Visual Studio\2017\Community\VC\Tools\MSVC\14.11.25503\lib\x86;;C:\Program Files (x86)\Microsoft Visual Studio\2017\Community\VC\Tools\MSVC\14.11.25503\atlmfc\lib\x86;;C:\Program Files (x86)\Microsoft Visual Studio\2017\Community\VC\Auxiliary\VS\lib\x86;;C:\Program Files (x86)\Windows Kits\10\lib\10.0.16299.0\ucrt\x86;;;C:\Program Files (x86)\Microsoft Visual Studio\2017\Community\VC\Auxiliary\VS\UnitTest\lib;C:\Program Files (x86)\Windows Kits\10\lib\10.0.16299.0\um\x86;lib\um\x86;;C:\Program Files (x86)\Windows Kits\NETFXSDK\4.6.1\Lib\um\x86
       タスク "SetEnv" の実行が終了しました。
       タスク "SetEnv"
         LIBPATH=C:\Program Files (x86)\Microsoft Visual Studio\2017\Community\VC\Tools\MSVC\14.11.25503\atlmfc\lib\x86;;C:\Program Files (x86)\Microsoft Visual Studio\2017\Community\VC\Tools\MSVC\14.11.25503\lib\x86;
       タスク "SetEnv" の実行が終了しました。
       タスク "SetEnv"
         INCLUDE=C:\Program Files (x86)\Microsoft Visual Studio\2017\Community\VC\Tools\MSVC\14.11.25503\include;;C:\Program Files (x86)\Microsoft Visual Studio\2017\Community\VC\Tools\MSVC\14.11.25503\atlmfc\include;;C:\Program Files (x86)\Microsoft Visual Studio\2017\Community\VC\Auxiliary\VS\include;;C:\Program Files (x86)\Windows Kits\10\Include\10.0.16299.0\ucrt;;;C:\Program Files (x86)\Microsoft Visual Studio\2017\Community\VC\Auxiliary\VS\UnitTest\include;C:\Program Files (x86)\Windows Kits\10\Include\10.0.16299.0\um;C:\Program Files (x86)\Windows Kits\10\Include\10.0.16299.0\shared;C:\Program Files (x86)\Windows Kits\10\Include\10.0.16299.0\winrt;Include\um;
       タスク "SetEnv" の実行が終了しました。
     1>プロジェクト "get_multiecho.vcxproj" 内のターゲット "SetBuildDefaultEnvironmentVariables" のビルドが終了しました。
       false 条件により、ターゲット "SetUserMacroEnvironmentVariables" を省略しました。('@(BuildMacro)' != '' and '$(DesignTimeBuild)' != 'true') は ('' != '' and '' != 'true') として評価されました。
     1>ファイル "C:\Program Files (x86)\Microsoft Visual Studio\2017\Community\Common7\IDE\VC\VCTargets\Microsoft.CppBuild.targets" 内にある、プロジェクト "C:\Users\Administrator\Documents\GitHub\urg_library\current\vs2010\c\get_multiecho\get_multiecho.vcxproj" からのターゲット "GetResolvedWinMD" (ターゲット "PrepareForBuild" は依存):
     1>プロジェクト "get_multiecho.vcxproj" 内のターゲット "GetResolvedWinMD" のビルドが終了しました。
     1>ファイル "C:\Program Files (x86)\Microsoft Visual Studio\2017\Community\Common7\IDE\VC\VCTargets\Microsoft.Cpp.Platform.targets" 内にある、プロジェクト "C:\Users\Administrator\Documents\GitHub\urg_library\current\vs2010\c\get_multiecho\get_multiecho.vcxproj" からのターゲット "PlatformPrepareForBuild" (ターゲット "PrepareForBuild" は依存):
       false 条件のため、タスク "VCMessage" を省略しました。('$(_Error64bitToolsNotInstalled)' == 'true') は ('' == 'true') として評価されました。
       false 条件のため、タスク "VCMessage" を省略しました。('$(DesignTimeBuild)'!='true' and '$(_ToolsetFound)' != 'true' and '$(PlatformToolset)' == 'v110') は (''!='true' and 'true' != 'true' and 'v141' == 'v110') として評価されました。
       false 条件のため、タスク "VCMessage" を省略しました。('$(DesignTimeBuild)'!='true' and '$(_ToolsetFound)' != 'true' and '$(PlatformToolset)' == 'v100') は (''!='true' and 'true' != 'true' and 'v141' == 'v100') として評価されました。
       false 条件のため、タスク "VCMessage" を省略しました。('$(DesignTimeBuild)'!='true' and '$(_ToolsetFound)' != 'true' and '$(PlatformToolset)' == 'v90') は (''!='true' and 'true' != 'true' and 'v141' == 'v90') として評価されました。
       false 条件のため、タスク "VCMessage" を省略しました。('$(DesignTimeBuild)'!='true' and '$(_ToolsetFound)' != 'true' and '$(PlatformToolset)' != 'v90' and '$(PlatformToolset)' != 'v100' and '$(PlatformToolset)' != 'v110') は (''!='true' and 'true' != 'true' and 'v141' != 'v90' and 'v141' != 'v100' and 'v141' != 'v110') として評価されました。
     1>プロジェクト "get_multiecho.vcxproj" 内のターゲット "PlatformPrepareForBuild" のビルドが終了しました。
     1>ファイル "C:\Program Files (x86)\Microsoft Visual Studio\2017\Community\Common7\IDE\VC\VCTargets\Platforms\Win32\PlatformToolsets\v141\Toolset.targets" 内にある、プロジェクト "C:\Users\Administrator\Documents\GitHub\urg_library\current\vs2010\c\get_multiecho\get_multiecho.vcxproj" からのターゲット "Desktop_PlatformPrepareForBuild" (ターゲット "PrepareForBuild" は依存):
       false 条件のため、タスク "VCMessage" を省略しました。($(MissingSDKProps) == 'true') は ( == 'true') として評価されました。
     1>プロジェクト "get_multiecho.vcxproj" 内のターゲット "Desktop_PlatformPrepareForBuild" のビルドが終了しました。
       ターゲット "GetFrameworkPaths" を省略しました。以前に正しくビルドされていました。
       ターゲット "GetReferenceAssemblyPaths" を省略しました。以前に正しくビルドされていました。
       false 条件により、ターゲット "AssignLinkMetadata" を省略しました。( '$(SynthesizeLinkMetadata)' == 'true' ) は ( '' == 'true' ) として評価されました。
     1>ファイル "C:\Program Files (x86)\Microsoft Visual Studio\2017\Community\MSBuild\Microsoft\VisualStudio\v15.0\CodeAnalysis\Microsoft.CodeAnalysis.targets" 内にある、プロジェクト "C:\Users\Administrator\Documents\GitHub\urg_library\current\vs2010\c\get_multiecho\get_multiecho.vcxproj" からのターゲット "SetCABuildNativeEnvironmentVariables" (ターゲット "PrepareForBuild" は依存):
       タスク ファクトリ "CodeTaskFactory" をアセンブリ "C:\Program Files (x86)\Microsoft Visual Studio\2017\Community\MSBuild\15.0\Bin\Microsoft.Build.Tasks.Core.dll" から初期化しています。
       タスク ファクトリ "Code Task Factory" の "SetEnvironmentVariable" タスクを使用しています。
       タスク "SetEnvironmentVariable"
       タスク "SetEnvironmentVariable" の実行が終了しました。
     1>プロジェクト "get_multiecho.vcxproj" 内のターゲット "SetCABuildNativeEnvironmentVariables" のビルドが終了しました。
     1>ファイル "C:\Program Files (x86)\Microsoft Visual Studio\2017\Community\Common7\IDE\VC\VCTargets\Microsoft.CppBuild.targets" 内にある、プロジェクト "C:\Users\Administrator\Documents\GitHub\urg_library\current\vs2010\c\get_multiecho\get_multiecho.vcxproj" からのターゲット "PrepareForBuild" (ターゲット "ResolveAssemblyReferences" は依存):
       false 条件のため、タスク "VCMessage" を省略しました。('$(DesignTimeBuild)' != 'true' and '$(ConfigurationPlatformExists)' != 'true') は ('' != 'true' and 'true' != 'true') として評価されました。
       タスク "MakeDir"
       タスク "MakeDir" の実行が終了しました。
       false 条件のため、タスク "VCMessage" を省略しました。('$(DesignTimeBuild)'!='true' and '$(WindowsAppContainer)'=='true' and '$(ConfigurationType)'!='Application' and '$(ConfigurationType)'!='DynamicLibrary' and '$(ConfigurationType)'!='StaticLibrary') は (''!='true' and 'false'=='true' and 'Application'!='Application' and 'Application'!='DynamicLibrary' and 'Application'!='StaticLibrary') として評価されました。
       false 条件のため、タスク "VCMessage" を省略しました。('$(DesignTimeBuild)'!='true' and '$(VCToolsInstallDir)'=='' and '$(UseEnv)' != 'true' and ('$(TargetFrameworkVersion)'=='v3.5' or '$(TargetFrameworkVersion)'=='v3.0' or '$(TargetFrameworkVersion)'=='v2.0' )) は (''!='true' and 'C:\Program Files (x86)\Microsoft Visual Studio\2017\Community\VC\Tools\MSVC\14.11.25503\'=='' and '' != 'true' and ('v4.0'=='v3.5' or 'v4.0'=='v3.0' or 'v4.0'=='v2.0' )) として評価されました。
       false 条件のため、タスク "VCMessage" を省略しました。('$(DesignTimeBuild)'!='true' and '$(VCToolsInstallDir)'=='' and '$(UseEnv)' != 'true' and '$(PlatformToolset)'=='v90') は (''!='true' and 'C:\Program Files (x86)\Microsoft Visual Studio\2017\Community\VC\Tools\MSVC\14.11.25503\'=='' and '' != 'true' and 'v141'=='v90') として評価されました。
       false 条件のため、タスク "VCMessage" を省略しました。('$(DesignTimeBuild)'!='true' and '$(VCToolsInstallDir)'=='' and '$(UseEnv)' != 'true') は (''!='true' and 'C:\Program Files (x86)\Microsoft Visual Studio\2017\Community\VC\Tools\MSVC\14.11.25503\'=='' and '' != 'true') として評価されました。
       false 条件のため、タスク "VCMessage" を省略しました。('$(DesignTimeBuild)'!='true' and '$(WindowsSDKDir)'=='' and '$(UseEnv)' != 'true') は (''!='true' and 'C:\Program Files (x86)\Windows Kits\10\'=='' and '' != 'true') として評価されました。
       false 条件のため、タスク "VCMessage" を省略しました。('$(DesignTimeBuild)'!='true' and '$(IntDirTrailingSlashWarning)'=='true') は (''!='true' and ''=='true') として評価されました。
       false 条件のため、タスク "VCMessage" を省略しました。('$(DesignTimeBuild)'!='true' and '$(OutDirTrailingSlashWarning)'=='true') は (''!='true' and ''=='true') として評価されました。
       false 条件のため、タスク "VCMessage" を省略しました。('%(CompatibilityIssues.Identity)' != '' and '$(DesignTimeBuild)'!='true') は ('' != '' and ''!='true') として評価されました。
       false 条件のため、タスク "VCMessage" を省略しました。('$(IgnoreWarnIntDirSharingDetected)' != 'true' and '$(IntDirSharingDetected)' == 'true') は ('' != 'true' and '' == 'true') として評価されました。
       false 条件のため、タスク "VCMessage" を省略しました。('$(DesignTimeBuild)'!='true' and '$(IgnoreWarnIntDirInTempDetected)' != 'true' and ('$(_IntDirFullpath.StartsWith($(Tmp), true, null))' == 'true' or '$(_IntDirFullpath.StartsWith($(Temp), true, null))' == 'true' or '$(_OutDirFullpath.StartsWith($(Tmp), true, null))' == 'true' or '$(_OutDirFullpath.StartsWith($(Temp), true, null))' == 'true')) は (''!='true' and '' != 'true' and ('False' == 'true' or 'False' == 'true' or 'False' == 'true' or 'False' == 'true')) として評価されました。
       タスク "MakeDir"
       タスク "MakeDir" の実行が終了しました。
     1>プロジェクト "get_multiecho.vcxproj" 内のターゲット "PrepareForBuild" のビルドが終了しました。
       ターゲット "_PrepareForReferenceResolution" を省略しました。以前に正しくビルドされていました。
       false 条件により、ターゲット "ComputeCrtSDKReference" を省略しました。('@(ClCompile)'!='' and '$(WindowsAppContainer)'=='true' and '$(UseCrtSDKReference)' != 'false') は ('..\..\..\samples\c\get_multiecho.c;..\..\..\samples\c\open_urg_sensor.c'!='' and 'false'=='true' and '' != 'false') として評価されました。
     1>ファイル "C:\Program Files (x86)\Microsoft Visual Studio\2017\Community\MSBuild\15.0\Bin\Microsoft.Common.CurrentVersion.targets" 内にある、プロジェクト "C:\Users\Administrator\Documents\GitHub\urg_library\current\vs2010\c\get_multiecho\get_multiecho.vcxproj" からのターゲット "GetInstalledSDKLocations" (ターゲット "ResolveSDKReferences" は依存):
       false 条件のため、タスク "GetInstalledSDKLocations" を省略しました。('@(SDKReference)' != '') は ('' != '') として評価されました。
       false 条件のため、タスク "GetInstalledSDKLocations" を省略しました。('@(SDKReference)' != '' and '$(SupportWindows81SDKs)' == 'true' and '$(TargetPlatformIdentifierWindows81)' != '' and '$(TargetPlatformVersionWindows81)' != '') は ('' != '' and '' == 'true' and '' != '' and '' != '') として評価されました。
       false 条件のため、タスク "GetInstalledSDKLocations" を省略しました。('@(SDKReference)' != '' and '$(SupportWindowsPhone81SDKs)' == 'true' and '$(TargetPlatformIdentifierWindowsPhone81)' != '' and '$(TargetPlatformVersionWindowsPhone81)' != '') は ('' != '' and '' == 'true' and '' != '' and '' != '') として評価されました。
     1>プロジェクト "get_multiecho.vcxproj" 内のターゲット "GetInstalledSDKLocations" のビルドが終了しました。
     1>ファイル "C:\Program Files (x86)\Microsoft Visual Studio\2017\Community\MSBuild\15.0\Bin\Microsoft.Common.CurrentVersion.targets" 内にある、プロジェクト "C:\Users\Administrator\Documents\GitHub\urg_library\current\vs2010\c\get_multiecho\get_multiecho.vcxproj" からのターゲット "ResolveSDKReferences" (ターゲット "ResolveAssemblyReferences" は依存):
       false 条件のため、タスク "ResolveSDKReference" を省略しました。('@(SDKReference)'!='') は (''!='') として評価されました。
     1>プロジェクト "get_multiecho.vcxproj" 内のターゲット "ResolveSDKReferences" のビルドが終了しました。
       ターゲット "ResolveSDKReferences" を省略しました。以前に正しくビルドされていました。
     1>ファイル "C:\Program Files (x86)\Microsoft Visual Studio\2017\Community\MSBuild\15.0\Bin\Microsoft.Common.CurrentVersion.targets" 内にある、プロジェクト "C:\Users\Administrator\Documents\GitHub\urg_library\current\vs2010\c\get_multiecho\get_multiecho.vcxproj" からのターゲット "ExpandSDKReferences" (ターゲット "ResolveAssemblyReferences" は依存):
       false 条件のため、タスク "GetSDKReferenceFiles" を省略しました。('@(ResolvedSDKReference)'!='') は (''!='') として評価されました。
     1>プロジェクト "get_multiecho.vcxproj" 内のターゲット "ExpandSDKReferences" のビルドが終了しました。
       false 条件により、ターゲット "ResolveNuGetPackageAssets" を省略しました。('$(ResolveNuGetPackages)' == 'true' and exists('$(ProjectLockFile)')) は ('true' == 'true' and exists('obj\project.assets.json')) として評価されました。
       false 条件により、ターゲット "ImplicitlyExpandNETStandardFacades" を省略しました。('$(ImplicitlyExpandNETStandardFacades)' == 'true') は ('' == 'true') として評価されました。
       false 条件により、ターゲット "ImplicitlyExpandNETStandardFacades" を省略しました。('$(ImplicitlyExpandNETStandardFacades)' == 'true') は ('' == 'true') として評価されました。
     1>ファイル "C:\Program Files (x86)\Microsoft Visual Studio\2017\Community\MSBuild\Microsoft\Microsoft.NET.Build.Extensions\Microsoft.NET.Build.Extensions.ConflictResolution.targets" 内にある、プロジェクト "C:\Users\Administrator\Documents\GitHub\urg_library\current\vs2010\c\get_multiecho\get_multiecho.vcxproj" からのターゲット "_HandlePackageFileConflicts" (ターゲット "ResolveAssemblyReferences" は依存):
       "ResolvePackageFileConflicts" タスクをアセンブリ "C:\Program Files (x86)\Microsoft Visual Studio\2017\Community\MSBuild\Microsoft\Microsoft.NET.Build.Extensions\\tools\net46\Microsoft.NET.Build.Extensions.Tasks.dll" から使用しています。
       タスク "ResolvePackageFileConflicts"
       タスク "ResolvePackageFileConflicts" の実行が終了しました。
     1>プロジェクト "get_multiecho.vcxproj" 内のターゲット "_HandlePackageFileConflicts" のビルドが終了しました。
     1>ファイル "C:\Program Files (x86)\Microsoft Visual Studio\2017\Community\MSBuild\15.0\Bin\Microsoft.Common.CurrentVersion.targets" 内にある、プロジェクト "C:\Users\Administrator\Documents\GitHub\urg_library\current\vs2010\c\get_multiecho\get_multiecho.vcxproj" からのターゲット "ResolveAssemblyReferences" (ターゲット "ResolveReferences" は依存):
       false 条件のため、タスク "ResolveAssemblyReference" を省略しました。('@(Reference)'!='' or '@(_ResolvedProjectReferencePaths)'!='' or '@(_ExplicitReference)' != '') は (''!='' or ''!='' or '' != '') として評価されました。
     1>プロジェクト "get_multiecho.vcxproj" 内のターゲット "ResolveAssemblyReferences" のビルドが終了しました。
       false 条件により、ターゲット "GenerateBindingRedirects" を省略しました。('$(AutoGenerateBindingRedirects)' == 'true' and '$(GenerateBindingRedirectsOutputType)' == 'true') は ('' == 'true' and 'true' == 'true') として評価されました。
       false 条件により、ターゲット "GenerateBindingRedirectsUpdateAppConfig" を省略しました。('$(AutoGenerateBindingRedirects)' == 'true' and '$(GenerateBindingRedirectsOutputType)' == 'true' and Exists('$(_GenerateBindingRedirectsIntermediateAppConfig)')) は ('' == 'true' and 'true' == 'true' and Exists('Debug\get_multiecho.vcxproj.get_multiecho.exe.config')) として評価されました。
       false 条件により、ターゲット "ResolveComReferences" を省略しました。('@(COMReference)'!='' or '@(COMFileReference)'!='') は (''!='' or ''!='') として評価されました。
     1>ファイル "C:\Program Files (x86)\Microsoft Visual Studio\2017\Community\MSBuild\15.0\Bin\Microsoft.Common.CurrentVersion.targets" 内にある、プロジェクト "C:\Users\Administrator\Documents\GitHub\urg_library\current\vs2010\c\get_multiecho\get_multiecho.vcxproj" からのターゲット "AfterResolveReferences" (ターゲット "ResolveReferences" は依存):
     1>プロジェクト "get_multiecho.vcxproj" 内のターゲット "AfterResolveReferences" のビルドが終了しました。
       false 条件により、ターゲット "ImplicitlyExpandDesignTimeFacades" を省略しました。('$(ImplicitlyExpandDesignTimeFacades)' == 'true') は ('' == 'true') として評価されました。
       false 条件により、ターゲット "ResolveTestReferences" を省略しました。('@(Shadow)'!='') は (''!='') として評価されました。
     1>ファイル "C:\Program Files (x86)\Microsoft Visual Studio\2017\Community\MSBuild\15.0\Bin\Microsoft.Common.CurrentVersion.targets" 内にある、プロジェクト "C:\Users\Administrator\Documents\GitHub\urg_library\current\vs2010\c\get_multiecho\get_multiecho.vcxproj" からのターゲット "ResolveReferences" (ターゲット "Build" は依存):
     1>プロジェクト "get_multiecho.vcxproj" 内のターゲット "ResolveReferences" のビルドが終了しました。
       false 条件により、ターゲット "ResolveAdditionalReferenceCopyLocalPathsForIIS" を省略しました。('$(BuildForIIS)' == 'true') は ('' == 'true') として評価されました。
       ターゲット "PrepareForBuild" を省略しました。以前に正しくビルドされていました。
       ターゲット "PrepareForBuild" を省略しました。以前に正しくビルドされていました。
     1>ファイル "C:\Program Files (x86)\Microsoft Visual Studio\2017\Community\Common7\IDE\VC\VCTargets\Microsoft.CppBuild.targets" 内にある、プロジェクト "C:\Users\Administrator\Documents\GitHub\urg_library\current\vs2010\c\get_multiecho\get_multiecho.vcxproj" からのターゲット "InitializeBuildStatus" (ターゲット "Build" は依存):
       タスク "ReadLinesFromFile"
       タスク "ReadLinesFromFile" の実行が終了しました。
       タスク "WriteLinesToFile"
       タスク "WriteLinesToFile" の実行が終了しました。
       "Touch" タスクをアセンブリ "Microsoft.Build.Tasks.Core, Version=15.1.0.0, Culture=neutral, PublicKeyToken=b03f5f7f11d50a3a" から使用しています。
       タスク "Touch"
         "AlwaysCreate" が指定されたため "Debug\get_multiecho.tlog\unsuccessfulbuild" を作成しています。
       タスク "Touch" の実行が終了しました。
     1>プロジェクト "get_multiecho.vcxproj" 内のターゲット "InitializeBuildStatus" のビルドが終了しました。
       ターゲット "PrepareProjectReferences" を省略しました。以前に正しくビルドされていました。
     1>ファイル "C:\Program Files (x86)\Microsoft Visual Studio\2017\Community\MSBuild\15.0\Bin\Microsoft.Common.CurrentVersion.targets" 内にある、プロジェクト "C:\Users\Administrator\Documents\GitHub\urg_library\current\vs2010\c\get_multiecho\get_multiecho.vcxproj" からのターゲット "BuildGenerateSourcesTraverse" (ターゲット "BuildGenerateSources" は依存):
       false 条件のため、タスク "MSBuild" を省略しました。('$(BuildPassReferences)' == 'true' and '@(ProjectReferenceWithConfiguration)' != '' and '@(_MSBuildProjectReferenceExistent)' != '' and '%(_MSBuildProjectReferenceExistent.BuildReference)' == 'true') は ('' == 'true' and '..\urg\urg.vcxproj' != '' and '..\urg\urg.vcxproj' != '' and 'true' == 'true') として評価されました。
     1>プロジェクト "get_multiecho.vcxproj" 内のターゲット "BuildGenerateSourcesTraverse" のビルドが終了しました。
       ターゲット "PrepareForBuild" を省略しました。以前に正しくビルドされていました。
       ターゲット "ResolveReferences" を省略しました。以前に正しくビルドされていました。
     1>ファイル "C:\Program Files (x86)\Microsoft Visual Studio\2017\Community\Common7\IDE\VC\VCTargets\Microsoft.BuildSteps.Targets" 内にある、プロジェクト "C:\Users\Administrator\Documents\GitHub\urg_library\current\vs2010\c\get_multiecho\get_multiecho.vcxproj" からのターゲット "BeforeBuildGenerateSources" (ターゲット "_BuildGenerateSourcesAction" は依存):
     1>プロジェクト "get_multiecho.vcxproj" 内のターゲット "BeforeBuildGenerateSources" のビルドが終了しました。
     1>ファイル "C:\Program Files (x86)\Microsoft Visual Studio\2017\Community\Common7\IDE\VC\VCTargets\Microsoft.CppCommon.targets" 内にある、プロジェクト "C:\Users\Administrator\Documents\GitHub\urg_library\current\vs2010\c\get_multiecho\get_multiecho.vcxproj" からのターゲット "PreBuildEvent" (ターゲット "_BuildGenerateSourcesAction" は依存):
       false 条件のため、タスク "Message" を省略しました。('%(PreBuildEvent.Message)' != '' and '%(PreBuildEvent.Command)' != '') は ('' != '' and '' != '') として評価されました。
       false 条件のため、タスク "Exec" を省略しました。('%(PreBuildEvent.Command)' != '') は ('' != '') として評価されました。
     1>プロジェクト "get_multiecho.vcxproj" 内のターゲット "PreBuildEvent" のビルドが終了しました。
       false 条件により、ターゲット "CustomBuild" を省略しました。('@(CustomBuild)' != '') は ('' != '') として評価されました。
       false 条件により、ターゲット "FxExport" を省略しました。('@(FxCompile)' != '') は ('' != '') として評価されました。
       false 条件により、ターゲット "FxCompile" を省略しました。('@(FxCompile)' != '') は ('' != '') として評価されました。
       false 条件により、ターゲット "Xsd" を省略しました。('@(Xsd)' != '') は ('' != '') として評価されました。
     1>ファイル "C:\Program Files (x86)\Microsoft Visual Studio\2017\Community\Common7\IDE\VC\VCTargets\Microsoft.CppBuild.targets" 内にある、プロジェクト "C:\Users\Administrator\Documents\GitHub\urg_library\current\vs2010\c\get_multiecho\get_multiecho.vcxproj" からのターゲット "_Xsd" (ターゲット "_BuildGenerateSourcesAction" は依存):
     1>プロジェクト "get_multiecho.vcxproj" 内のターゲット "_Xsd" のビルドが終了しました。
     1>ファイル "C:\Program Files (x86)\Microsoft Visual Studio\2017\Community\Common7\IDE\VC\VCTargets\Microsoft.CppBuild.targets" 内にある、プロジェクト "C:\Users\Administrator\Documents\GitHub\urg_library\current\vs2010\c\get_multiecho\get_multiecho.vcxproj" からのターゲット "MakeDirsForMidl" (ターゲット "_Midl" は依存):
       タスク "Makedir"
       タスク "Makedir" の実行が終了しました。
     1>プロジェクト "get_multiecho.vcxproj" 内のターゲット "MakeDirsForMidl" のビルドが終了しました。
       false 条件により、ターゲット "Midl" を省略しました。('@(Midl)' != '') は ('' != '') として評価されました。
       false 条件により、ターゲット "CustomBuild" を省略しました。('@(CustomBuild)' != '') は ('' != '') として評価されました。
       false 条件により、ターゲット "FxExport" を省略しました。('@(FxCompile)' != '') は ('' != '') として評価されました。
       false 条件により、ターゲット "FxCompile" を省略しました。('@(FxCompile)' != '') は ('' != '') として評価されました。
     1>ファイル "C:\Program Files (x86)\Microsoft Visual Studio\2017\Community\Common7\IDE\VC\VCTargets\Microsoft.CppBuild.targets" 内にある、プロジェクト "C:\Users\Administrator\Documents\GitHub\urg_library\current\vs2010\c\get_multiecho\get_multiecho.vcxproj" からのターゲット "ComputeMIDLGeneratedCompileInputs" (ターゲット "_Midl" は依存):
     1>プロジェクト "get_multiecho.vcxproj" 内のターゲット "ComputeMIDLGeneratedCompileInputs" のビルドが終了しました。
     1>ファイル "C:\Program Files (x86)\Microsoft Visual Studio\2017\Community\Common7\IDE\VC\VCTargets\Microsoft.CppBuild.targets" 内にある、プロジェクト "C:\Users\Administrator\Documents\GitHub\urg_library\current\vs2010\c\get_multiecho\get_multiecho.vcxproj" からのターゲット "AfterMidl" (ターゲット "_Midl" は依存):
     1>プロジェクト "get_multiecho.vcxproj" 内のターゲット "AfterMidl" のビルドが終了しました。
     1>ファイル "C:\Program Files (x86)\Microsoft Visual Studio\2017\Community\Common7\IDE\VC\VCTargets\Microsoft.CppBuild.targets" 内にある、プロジェクト "C:\Users\Administrator\Documents\GitHub\urg_library\current\vs2010\c\get_multiecho\get_multiecho.vcxproj" からのターゲット "_Midl" (ターゲット "_BuildGenerateSourcesAction" は依存):
     1>プロジェクト "get_multiecho.vcxproj" 内のターゲット "_Midl" のビルドが終了しました。
     1>ファイル "C:\Program Files (x86)\Microsoft Visual Studio\2017\Community\Common7\IDE\VC\VCTargets\Microsoft.BuildSteps.Targets" 内にある、プロジェクト "C:\Users\Administrator\Documents\GitHub\urg_library\current\vs2010\c\get_multiecho\get_multiecho.vcxproj" からのターゲット "AfterBuildGenerateSources" (ターゲット "_BuildGenerateSourcesAction" は依存):
     1>プロジェクト "get_multiecho.vcxproj" 内のターゲット "AfterBuildGenerateSources" のビルドが終了しました。
     1>ファイル "C:\Program Files (x86)\Microsoft Visual Studio\2017\Community\Common7\IDE\VC\VCTargets\Microsoft.CppBuild.targets" 内にある、プロジェクト "C:\Users\Administrator\Documents\GitHub\urg_library\current\vs2010\c\get_multiecho\get_multiecho.vcxproj" からのターゲット "AfterBuildGenerateSourcesEvent" (ターゲット "_BuildGenerateSourcesAction" は依存):
     1>プロジェクト "get_multiecho.vcxproj" 内のターゲット "AfterBuildGenerateSourcesEvent" のビルドが終了しました。
     1>ファイル "C:\Program Files (x86)\Microsoft Visual Studio\2017\Community\Common7\IDE\VC\VCTargets\Microsoft.CppBuild.targets" 内にある、プロジェクト "C:\Users\Administrator\Documents\GitHub\urg_library\current\vs2010\c\get_multiecho\get_multiecho.vcxproj" からのターゲット "_BuildGenerateSourcesAction" (ターゲット "BuildGenerateSources" は依存):
     1>プロジェクト "get_multiecho.vcxproj" 内のターゲット "_BuildGenerateSourcesAction" のビルドが終了しました。
     1>ファイル "C:\Program Files (x86)\Microsoft Visual Studio\2017\Community\MSBuild\15.0\Bin\Microsoft.Common.CurrentVersion.targets" 内にある、プロジェクト "C:\Users\Administrator\Documents\GitHub\urg_library\current\vs2010\c\get_multiecho\get_multiecho.vcxproj" からのターゲット "BuildGenerateSources" (ターゲット "Build" は依存):
     1>プロジェクト "get_multiecho.vcxproj" 内のターゲット "BuildGenerateSources" のビルドが終了しました。
       ターゲット "PrepareProjectReferences" を省略しました。以前に正しくビルドされていました。
     1>ファイル "C:\Program Files (x86)\Microsoft Visual Studio\2017\Community\MSBuild\15.0\Bin\Microsoft.Common.CurrentVersion.targets" 内にある、プロジェクト "C:\Users\Administrator\Documents\GitHub\urg_library\current\vs2010\c\get_multiecho\get_multiecho.vcxproj" からのターゲット "BuildCompileTraverse" (ターゲット "BuildCompile" は依存):
       false 条件のため、タスク "MSBuild" を省略しました。('$(BuildPassReferences)' == 'true' and '@(ProjectReferenceWithConfiguration)' != '' and '@(_MSBuildProjectReferenceExistent)' != ''  and '%(_MSBuildProjectReferenceExistent.BuildReference)' == 'true') は ('' == 'true' and '..\urg\urg.vcxproj' != '' and '..\urg\urg.vcxproj' != ''  and 'true' == 'true') として評価されました。
     1>プロジェクト "get_multiecho.vcxproj" 内のターゲット "BuildCompileTraverse" のビルドが終了しました。
       ターゲット "PrepareForBuild" を省略しました。以前に正しくビルドされていました。
       ターゲット "ResolveReferences" を省略しました。以前に正しくビルドされていました。
     1>ファイル "C:\Program Files (x86)\Microsoft Visual Studio\2017\Community\Common7\IDE\VC\VCTargets\Microsoft.CppBuild.targets" 内にある、プロジェクト "C:\Users\Administrator\Documents\GitHub\urg_library\current\vs2010\c\get_multiecho\get_multiecho.vcxproj" からのターゲット "BeforeClCompile" (ターゲット "_ClCompile" は依存):
     1>プロジェクト "get_multiecho.vcxproj" 内のターゲット "BeforeClCompile" のビルドが終了しました。
       ターゲット "ComputeMIDLGeneratedCompileInputs" を省略しました。以前に正しくビルドされていました。
     1>ファイル "C:\Program Files (x86)\Microsoft Visual Studio\2017\Community\Common7\IDE\VC\VCTargets\Microsoft.CppBuild.targets" 内にある、プロジェクト "C:\Users\Administrator\Documents\GitHub\urg_library\current\vs2010\c\get_multiecho\get_multiecho.vcxproj" からのターゲット "ComputeCLInputPDBName" (ターゲット "_ClCompile" は依存):
     1>プロジェクト "get_multiecho.vcxproj" 内のターゲット "ComputeCLInputPDBName" のビルドが終了しました。
       ターゲット "ResolveReferences" を省略しました。以前に正しくビルドされていました。
     1>ファイル "C:\Program Files (x86)\Microsoft Visual Studio\2017\Community\Common7\IDE\VC\VCTargets\Microsoft.CppBuild.targets" 内にある、プロジェクト "C:\Users\Administrator\Documents\GitHub\urg_library\current\vs2010\c\get_multiecho\get_multiecho.vcxproj" からのターゲット "ComputeReferenceCLInput" (ターゲット "_ClCompile" は依存):
       false 条件のため、タスク "WriteLinesToFile" を省略しました。(('@(_ReferenceCopyLocalPaths)'!='') and '$(DesignTimeBuild)' != 'true') は ((''!='') and '' != 'true') として評価されました。
       false 条件のため、タスク "Message" を省略しました。('$(_REFERENCE_DEBUG)'=='true') は (''=='true') として評価されました。
     1>プロジェクト "get_multiecho.vcxproj" 内のターゲット "ComputeReferenceCLInput" のビルドが終了しました。
     1>ファイル "C:\Program Files (x86)\Microsoft Visual Studio\2017\Community\Common7\IDE\VC\VCTargets\Microsoft.CppBuild.targets" 内にある、プロジェクト "C:\Users\Administrator\Documents\GitHub\urg_library\current\vs2010\c\get_multiecho\get_multiecho.vcxproj" からのターゲット "WarnCompileDuplicatedFilename" (ターゲット "_ClCompile" は依存):
       false 条件のため、タスク "VCMessage" を省略しました。('%(ClCompile.ExcludedFromBuild)' != 'true' and '%(Filename)%(Extension)' != '@(ClCompile->'%(Filename)%(Extension)')' and '%(ObjectFileName)' == '@(ClCompile->Metadata(ObjectFileName)->Distinct())') は ('' != 'true' and 'get_multiecho.c' != 'get_multiecho.c' and 'Debug\' == 'Debug\') として評価されました。
       false 条件のため、タスク "VCMessage" を省略しました。('%(ClCompile.ExcludedFromBuild)' != 'true' and '%(Filename)%(Extension)' != '@(ClCompile->'%(Filename)%(Extension)')' and '%(ObjectFileName)' == '@(ClCompile->Metadata(ObjectFileName)->Distinct())') は ('' != 'true' and 'open_urg_sensor.c' != 'open_urg_sensor.c' and 'Debug\' == 'Debug\') として評価されました。
     1>プロジェクト "get_multiecho.vcxproj" 内のターゲット "WarnCompileDuplicatedFilename" のビルドが終了しました。
     1>ファイル "C:\Program Files (x86)\Microsoft Visual Studio\2017\Community\Common7\IDE\VC\VCTargets\Microsoft.CppCommon.targets" 内にある、プロジェクト "C:\Users\Administrator\Documents\GitHub\urg_library\current\vs2010\c\get_multiecho\get_multiecho.vcxproj" からのターゲット "FixupCLCompileOptions" (ターゲット "_ClCompile" は依存):
     1>プロジェクト "get_multiecho.vcxproj" 内のターゲット "FixupCLCompileOptions" のビルドが終了しました。
     1>ファイル "C:\Program Files (x86)\Microsoft Visual Studio\2017\Community\Common7\IDE\VC\VCTargets\Microsoft.CppBuild.targets" 内にある、プロジェクト "C:\Users\Administrator\Documents\GitHub\urg_library\current\vs2010\c\get_multiecho\get_multiecho.vcxproj" からのターゲット "MakeDirsForCl" (ターゲット "_ClCompile" は依存):
       タスク "MakeDir"
       タスク "MakeDir" の実行が終了しました。
     1>プロジェクト "get_multiecho.vcxproj" 内のターゲット "MakeDirsForCl" のビルドが終了しました。
       ターゲット "PrepareForBuild" を省略しました。以前に正しくビルドされていました。
       ターゲット "SetBuildDefaultEnvironmentVariables" を省略しました。以前に正しくビルドされていました。
       false 条件により、ターゲット "SetUserMacroEnvironmentVariables" を省略しました。('@(BuildMacro)' != '' and '$(DesignTimeBuild)' != 'true') は ('' != '' and '' != 'true') として評価されました。
     1>ファイル "C:\Program Files (x86)\Microsoft Visual Studio\2017\Community\Common7\IDE\VC\VCTargets\Microsoft.CppBuild.targets" 内にある、プロジェクト "C:\Users\Administrator\Documents\GitHub\urg_library\current\vs2010\c\get_multiecho\get_multiecho.vcxproj" からのターゲット "_SelectedFiles" (ターゲット "SelectClCompile" は依存):
     1>プロジェクト "get_multiecho.vcxproj" 内のターゲット "_SelectedFiles" のビルドが終了しました。
       ターゲット "ComputeMIDLGeneratedCompileInputs" を省略しました。以前に正しくビルドされていました。
       ターゲット "ComputeCLInputPDBName" を省略しました。以前に正しくビルドされていました。
       ターゲット "ComputeReferenceCLInput" を省略しました。以前に正しくビルドされていました。
       ターゲット "WarnCompileDuplicatedFilename" を省略しました。以前に正しくビルドされていました。
       ターゲット "FixupCLCompileOptions" を省略しました。以前に正しくビルドされていました。
       ターゲット "_SelectedFiles" を省略しました。以前に正しくビルドされていました。
     1>ファイル "C:\Program Files (x86)\Microsoft Visual Studio\2017\Community\Common7\IDE\VC\VCTargets\Microsoft.CppBuild.targets" 内にある、プロジェクト "C:\Users\Administrator\Documents\GitHub\urg_library\current\vs2010\c\get_multiecho\get_multiecho.vcxproj" からのターゲット "SelectCustomBuild" (ターゲット "SelectClCompile" は依存):
     1>プロジェクト "get_multiecho.vcxproj" 内のターゲット "SelectCustomBuild" のビルドが終了しました。
     1>ファイル "C:\Program Files (x86)\Microsoft Visual Studio\2017\Community\Common7\IDE\VC\VCTargets\Microsoft.CppBuild.targets" 内にある、プロジェクト "C:\Users\Administrator\Documents\GitHub\urg_library\current\vs2010\c\get_multiecho\get_multiecho.vcxproj" からのターゲット "SelectClCompile" (ターゲット "ClCompile" は依存):
     1>プロジェクト "get_multiecho.vcxproj" 内のターゲット "SelectClCompile" のビルドが終了しました。
       false 条件により、ターゲット "GenerateTargetFrameworkMonikerAttribute" を省略しました。('$(GenerateTargetFrameworkAttribute)' == 'true') は ('false' == 'true') として評価されました。
       false 条件により、ターゲット "ManagedIncrementalBuildPreProcessDependencyGraph" を省略しました。('@(ClCompile)' != '' and '$(EnableManagedIncrementalBuild)' == 'True') は ('..\..\..\samples\c\get_multiecho.c;..\..\..\samples\c\open_urg_sensor.c' != '' and 'false' == 'True') として評価されました。
     1>ファイル "C:\Program Files (x86)\Microsoft Visual Studio\2017\Community\Common7\IDE\VC\VCTargets\Microsoft.CppCommon.targets" 内にある、プロジェクト "C:\Users\Administrator\Documents\GitHub\urg_library\current\vs2010\c\get_multiecho\get_multiecho.vcxproj" からのターゲット "ClCompile" (ターゲット "_ClCompile" は依存):
       タスク "Delete"
       タスク "Delete" の実行が終了しました。
       false 条件のため、タスク "CL" を省略しました。('%(ClCompile.PrecompiledHeader)' == 'Create' and '%(ClCompile.ExcludedFromBuild)'!='true' and '%(ClCompile.CompilerIteration)' == '') は ('' == 'Create' and ''!='true' and '' == '') として評価されました。
       "CL" タスクをアセンブリ "C:\Program Files (x86)\Microsoft Visual Studio\2017\Community\Common7\IDE\VC\VCTargets\Microsoft.Build.CppTasks.Common.dll" から使用しています。
       タスク "CL"
         PDB "Debug\vc141.pdb" がないため、すべてのソース ファイルを強制的に再コンパイルしています。
         ツールに渡された環境変数:
           VS_UNICODE_OUTPUT=1668
         C:\Program Files (x86)\Microsoft Visual Studio\2017\Community\VC\Tools\MSVC\14.11.25503\bin\HostX86\x86\CL.exe /c /I..\..\..\include\c /ZI /nologo /W3 /WX- /diagnostics:classic /Od /Oy- /D WIN32 /D _DEBUG /D _CONSOLE /D _UNICODE /D UNICODE /Gm /EHsc /RTC1 /MDd /GS /fp:precise /Zc:wchar_t /Zc:forScope /Zc:inline /Fo"Debug\\" /Fd"Debug\vc141.pdb" /Gd /TC /analyze- /errorReport:prompt ..\..\..\samples\c\get_multiecho.c ..\..\..\samples\c\open_urg_sensor.c
         トラッキング コマンド:
         C:\Program Files (x86)\Microsoft Visual Studio\2017\Community\MSBuild\15.0\Bin\Tracker.exe /d "C:\Program Files (x86)\MSBuild\15.0\FileTracker\FileTracker32.dll" /i C:\Users\Administrator\Documents\GitHub\urg_library\current\vs2010\c\get_multiecho\Debug\get_multiecho.tlog /r "C:\USERS\ADMINISTRATOR\DOCUMENTS\GITHUB\URG_LIBRARY\CURRENT\SAMPLES\C\GET_MULTIECHO.C|C:\USERS\ADMINISTRATOR\DOCUMENTS\GITHUB\URG_LIBRARY\CURRENT\SAMPLES\C\OPEN_URG_SENSOR.C" /b MSBuildConsole_CancelEventa297963694154a66aba11e8960302f25  /c "C:\Program Files (x86)\Microsoft Visual Studio\2017\Community\VC\Tools\MSVC\14.11.25503\bin\HostX86\x86\CL.exe"  /c /I..\..\..\include\c /ZI /nologo /W3 /WX- /diagnostics:classic /Od /Oy- /D WIN32 /D _DEBUG /D _CONSOLE /D _UNICODE /D UNICODE /Gm /EHsc /RTC1 /MDd /GS /fp:precise /Zc:wchar_t /Zc:forScope /Zc:inline /Fo"Debug\\" /Fd"Debug\vc141.pdb" /Gd /TC /analyze- /errorReport:prompt ..\..\..\samples\c\get_multiecho.c ..\..\..\samples\c\open_urg_sensor.c
         open_urg_sensor.c
         get_multiecho.c
         コードを生成中...
       タスク "CL" の実行が終了しました。
     1>プロジェクト "get_multiecho.vcxproj" 内のターゲット "ClCompile" のビルドが終了しました。
       false 条件により、ターゲット "ManagedIncrementalBuildPostProcessDependencyGraph" を省略しました。('@(ClCompile)' != '' and '$(EnableManagedIncrementalBuild)' == 'True') は ('..\..\..\samples\c\get_multiecho.c;..\..\..\samples\c\open_urg_sensor.c' != '' and 'false' == 'True') として評価されました。
     1>ファイル "C:\Program Files (x86)\Microsoft Visual Studio\2017\Community\Common7\IDE\VC\VCTargets\Microsoft.CppBuild.targets" 内にある、プロジェクト "C:\Users\Administrator\Documents\GitHub\urg_library\current\vs2010\c\get_multiecho\get_multiecho.vcxproj" からのターゲット "AfterClCompile" (ターゲット "_ClCompile" は依存):
     1>プロジェクト "get_multiecho.vcxproj" 内のターゲット "AfterClCompile" のビルドが終了しました。
     1>ファイル "C:\Program Files (x86)\Microsoft Visual Studio\2017\Community\Common7\IDE\VC\VCTargets\Microsoft.CppBuild.targets" 内にある、プロジェクト "C:\Users\Administrator\Documents\GitHub\urg_library\current\vs2010\c\get_multiecho\get_multiecho.vcxproj" からのターゲット "_ClCompile" (ターゲット "_BuildCompileAction" は依存):
     1>プロジェクト "get_multiecho.vcxproj" 内のターゲット "_ClCompile" のビルドが終了しました。
       false 条件により、ターゲット "_ResGen" を省略しました。('@(EmbeddedResource)'!='') は (''!='') として評価されました。
     1>ファイル "C:\Program Files (x86)\Microsoft Visual Studio\2017\Community\Common7\IDE\VC\VCTargets\Microsoft.CppBuild.targets" 内にある、プロジェクト "C:\Users\Administrator\Documents\GitHub\urg_library\current\vs2010\c\get_multiecho\get_multiecho.vcxproj" からのターゲット "BeforeResourceCompile" (ターゲット "_ResourceCompile" は依存):
     1>プロジェクト "get_multiecho.vcxproj" 内のターゲット "BeforeResourceCompile" のビルドが終了しました。
     1>ファイル "C:\Program Files (x86)\Microsoft Visual Studio\2017\Community\Common7\IDE\VC\VCTargets\Microsoft.CppBuild.targets" 内にある、プロジェクト "C:\Users\Administrator\Documents\GitHub\urg_library\current\vs2010\c\get_multiecho\get_multiecho.vcxproj" からのターゲット "MakeDirsForResourceCompile" (ターゲット "_ResourceCompile" は依存):
       タスク "MakeDir"
       タスク "MakeDir" の実行が終了しました。
     1>プロジェクト "get_multiecho.vcxproj" 内のターゲット "MakeDirsForResourceCompile" のビルドが終了しました。
       false 条件により、ターゲット "ResourceCompile" を省略しました。('@(ResourceCompile)' != '') は ('' != '') として評価されました。
     1>ファイル "C:\Program Files (x86)\Microsoft Visual Studio\2017\Community\Common7\IDE\VC\VCTargets\Microsoft.CppBuild.targets" 内にある、プロジェクト "C:\Users\Administrator\Documents\GitHub\urg_library\current\vs2010\c\get_multiecho\get_multiecho.vcxproj" からのターゲット "AfterResourceCompile" (ターゲット "_ResourceCompile" は依存):
     1>プロジェクト "get_multiecho.vcxproj" 内のターゲット "AfterResourceCompile" のビルドが終了しました。
     1>ファイル "C:\Program Files (x86)\Microsoft Visual Studio\2017\Community\Common7\IDE\VC\VCTargets\Microsoft.CppBuild.targets" 内にある、プロジェクト "C:\Users\Administrator\Documents\GitHub\urg_library\current\vs2010\c\get_multiecho\get_multiecho.vcxproj" からのターゲット "_ResourceCompile" (ターゲット "_BuildCompileAction" は依存):
     1>プロジェクト "get_multiecho.vcxproj" 内のターゲット "_ResourceCompile" のビルドが終了しました。
       false 条件により、ターゲット "_ImpLib" を省略しました。('$(ImpLibCompiled)' == 'true') は ('' == 'true') として評価されました。
       false 条件により、ターゲット "_Lib" を省略しました。('$(LibCompiled)' == 'true') は ('' == 'true') として評価されました。
     1>ファイル "C:\Program Files (x86)\Microsoft Visual Studio\2017\Community\Common7\IDE\VC\VCTargets\Microsoft.CppBuild.targets" 内にある、プロジェクト "C:\Users\Administrator\Documents\GitHub\urg_library\current\vs2010\c\get_multiecho\get_multiecho.vcxproj" からのターゲット "AfterBuildCompileEvent" (ターゲット "_BuildCompileAction" は依存):
     1>プロジェクト "get_multiecho.vcxproj" 内のターゲット "AfterBuildCompileEvent" のビルドが終了しました。
     1>ファイル "C:\Program Files (x86)\Microsoft Visual Studio\2017\Community\Common7\IDE\VC\VCTargets\Microsoft.CppBuild.targets" 内にある、プロジェクト "C:\Users\Administrator\Documents\GitHub\urg_library\current\vs2010\c\get_multiecho\get_multiecho.vcxproj" からのターゲット "_BuildCompileAction" (ターゲット "BuildCompile" は依存):
     1>プロジェクト "get_multiecho.vcxproj" 内のターゲット "_BuildCompileAction" のビルドが終了しました。
     1>ファイル "C:\Program Files (x86)\Microsoft Visual Studio\2017\Community\MSBuild\15.0\Bin\Microsoft.Common.CurrentVersion.targets" 内にある、プロジェクト "C:\Users\Administrator\Documents\GitHub\urg_library\current\vs2010\c\get_multiecho\get_multiecho.vcxproj" からのターゲット "BuildCompile" (ターゲット "Build" は依存):
     1>プロジェクト "get_multiecho.vcxproj" 内のターゲット "BuildCompile" のビルドが終了しました。
       ターゲット "PrepareProjectReferences" を省略しました。以前に正しくビルドされていました。
     1>ファイル "C:\Program Files (x86)\Microsoft Visual Studio\2017\Community\MSBuild\15.0\Bin\Microsoft.Common.CurrentVersion.targets" 内にある、プロジェクト "C:\Users\Administrator\Documents\GitHub\urg_library\current\vs2010\c\get_multiecho\get_multiecho.vcxproj" からのターゲット "BuildLinkTraverse" (ターゲット "BuildLink" は依存):
       false 条件のため、タスク "MSBuild" を省略しました。('$(BuildPassReferences)' == 'true' and '@(ProjectReferenceWithConfiguration)' != '' and '@(_MSBuildProjectReferenceExistent)' != ''  and '%(_MSBuildProjectReferenceExistent.BuildReference)' == 'true') は ('' == 'true' and '..\urg\urg.vcxproj' != '' and '..\urg\urg.vcxproj' != ''  and 'true' == 'true') として評価されました。
     1>プロジェクト "get_multiecho.vcxproj" 内のターゲット "BuildLinkTraverse" のビルドが終了しました。
       ターゲット "PrepareForBuild" を省略しました。以前に正しくビルドされていました。
       ターゲット "ResolveReferences" を省略しました。以前に正しくビルドされていました。
     1>ファイル "C:\Program Files (x86)\Microsoft Visual Studio\2017\Community\Common7\IDE\VC\VCTargets\Microsoft.CppBuild.targets" 内にある、プロジェクト "C:\Users\Administrator\Documents\GitHub\urg_library\current\vs2010\c\get_multiecho\get_multiecho.vcxproj" からのターゲット "ComputeLegacyManifestEmbedding" (ターゲット "_BuildLinkAction" は依存):
       false 条件のため、タスク "VCMessage" を省略しました。('$(RevertManifestEmbedding)' == 'true' and '$(_LegacyManifestEmbeddingDebug)' == 'true') は ('' == 'true' and '' == 'true') として評価されました。
     1>プロジェクト "get_multiecho.vcxproj" 内のターゲット "ComputeLegacyManifestEmbedding" のビルドが終了しました。
     1>ファイル "C:\Program Files (x86)\Microsoft Visual Studio\2017\Community\Common7\IDE\VC\VCTargets\Microsoft.CppBuild.targets" 内にある、プロジェクト "C:\Users\Administrator\Documents\GitHub\urg_library\current\vs2010\c\get_multiecho\get_multiecho.vcxproj" からのターゲット "BeforeLink" (ターゲット "_Link" は依存):
     1>プロジェクト "get_multiecho.vcxproj" 内のターゲット "BeforeLink" のビルドが終了しました。
     1>ファイル "C:\Program Files (x86)\Microsoft Visual Studio\2017\Community\Common7\IDE\VC\VCTargets\Microsoft.CppBuild.targets" 内にある、プロジェクト "C:\Users\Administrator\Documents\GitHub\urg_library\current\vs2010\c\get_multiecho\get_multiecho.vcxproj" からのターゲット "ComputeRCOutputs" (ターゲット "ComputeRCGeneratedLinkInputs" は依存):
     1>プロジェクト "get_multiecho.vcxproj" 内のターゲット "ComputeRCOutputs" のビルドが終了しました。
     1>ファイル "C:\Program Files (x86)\Microsoft Visual Studio\2017\Community\Common7\IDE\VC\VCTargets\Microsoft.CppBuild.targets" 内にある、プロジェクト "C:\Users\Administrator\Documents\GitHub\urg_library\current\vs2010\c\get_multiecho\get_multiecho.vcxproj" からのターゲット "ComputeRCGeneratedLinkInputs" (ターゲット "_Link" は依存):
     1>プロジェクト "get_multiecho.vcxproj" 内のターゲット "ComputeRCGeneratedLinkInputs" のビルドが終了しました。
     1>ファイル "C:\Program Files (x86)\Microsoft Visual Studio\2017\Community\Common7\IDE\VC\VCTargets\Microsoft.CppBuild.targets" 内にある、プロジェクト "C:\Users\Administrator\Documents\GitHub\urg_library\current\vs2010\c\get_multiecho\get_multiecho.vcxproj" からのターゲット "ComputeManifestGeneratedLinkerInputs" (ターゲット "_Link" は依存):
     1>プロジェクト "get_multiecho.vcxproj" 内のターゲット "ComputeManifestGeneratedLinkerInputs" のビルドが終了しました。
     1>ファイル "C:\Program Files (x86)\Microsoft Visual Studio\2017\Community\Common7\IDE\VC\VCTargets\Microsoft.CppBuild.targets" 内にある、プロジェクト "C:\Users\Administrator\Documents\GitHub\urg_library\current\vs2010\c\get_multiecho\get_multiecho.vcxproj" からのターゲット "ComputeCustomBuildOutput" (ターゲット "_Link" は依存):
       false 条件のため、タスク "CreateItem" を省略しました。('%(CustomBuildDirsToMake.OutputFileToTool)'!='') は (''!='') として評価されました。
       タスク "MakeDir"
       タスク "MakeDir" の実行が終了しました。
     1>プロジェクト "get_multiecho.vcxproj" 内のターゲット "ComputeCustomBuildOutput" のビルドが終了しました。
       ターゲット "ComputeMIDLGeneratedCompileInputs" を省略しました。以前に正しくビルドされていました。
       ターゲット "ComputeCLInputPDBName" を省略しました。以前に正しくビルドされていました。
       ターゲット "ComputeReferenceCLInput" を省略しました。以前に正しくビルドされていました。
       ターゲット "WarnCompileDuplicatedFilename" を省略しました。以前に正しくビルドされていました。
       ターゲット "FixupCLCompileOptions" を省略しました。以前に正しくビルドされていました。
     1>ファイル "C:\Program Files (x86)\Microsoft Visual Studio\2017\Community\Common7\IDE\VC\VCTargets\Microsoft.CppBuild.targets" 内にある、プロジェクト "C:\Users\Administrator\Documents\GitHub\urg_library\current\vs2010\c\get_multiecho\get_multiecho.vcxproj" からのターゲット "ComputeCLOutputs" (ターゲット "ComputeCLGeneratedLinkInputs" は依存):
     1>プロジェクト "get_multiecho.vcxproj" 内のターゲット "ComputeCLOutputs" のビルドが終了しました。
     1>ファイル "C:\Program Files (x86)\Microsoft Visual Studio\2017\Community\Common7\IDE\VC\VCTargets\Microsoft.CppBuild.targets" 内にある、プロジェクト "C:\Users\Administrator\Documents\GitHub\urg_library\current\vs2010\c\get_multiecho\get_multiecho.vcxproj" からのターゲット "ComputeCLGeneratedLinkInputs" (ターゲット "_Link" は依存):
     1>プロジェクト "get_multiecho.vcxproj" 内のターゲット "ComputeCLGeneratedLinkInputs" のビルドが終了しました。
     1>ファイル "C:\Program Files (x86)\Microsoft Visual Studio\2017\Community\Common7\IDE\VC\VCTargets\Microsoft.CppBuild.targets" 内にある、プロジェクト "C:\Users\Administrator\Documents\GitHub\urg_library\current\vs2010\c\get_multiecho\get_multiecho.vcxproj" からのターゲット "ComputeLinkInputsFromProject" (ターゲット "_Link" は依存):
     1>プロジェクト "get_multiecho.vcxproj" 内のターゲット "ComputeLinkInputsFromProject" のビルドが終了しました。
       ターゲット "PrepareForBuild" を省略しました。以前に正しくビルドされていました。
       ターゲット "ResolveReferences" を省略しました。以前に正しくビルドされていました。
     1>ファイル "C:\Program Files (x86)\Microsoft Visual Studio\2017\Community\Common7\IDE\VC\VCTargets\Microsoft.CppBuild.targets" 内にある、プロジェクト "C:\Users\Administrator\Documents\GitHub\urg_library\current\vs2010\c\get_multiecho\get_multiecho.vcxproj" からのターゲット "ResolvedLinkLib" (ターゲット "ComputeReferenceLinkInputs" は依存):
       タスク "MSBuild"
         グローバル プロパティ:
           Configuration=Debug
           Platform=Win32
     1>プロジェクト "C:\Users\Administrator\Documents\GitHub\urg_library\current\vs2010\c\get_multiecho\get_multiecho.vcxproj" (1) は、ノード 2 上に "C:\Users\Administrator\Documents\GitHub\urg_library\current\vs2010\c\urg\urg.vcxproj" (2:3) をビルドしています (GetResolvedLinkLibs ターゲット)。
   2:3>ツール バージョン "15.0" でビルドしています。
       ターゲット "GetResolvedLinkLibs" を省略しました。以前に正しくビルドされていました。
   2:3>プロジェクト "C:\Users\Administrator\Documents\GitHub\urg_library\current\vs2010\c\urg\urg.vcxproj" (GetResolvedLinkLibs ターゲット) のビルドが完了しました。
     1>タスク "MSBuild" の実行が終了しました。
     1>プロジェクト "get_multiecho.vcxproj" 内のターゲット "ResolvedLinkLib" のビルドが終了しました。
     1>ファイル "C:\Program Files (x86)\Microsoft Visual Studio\2017\Community\Common7\IDE\VC\VCTargets\Microsoft.CppBuild.targets" 内にある、プロジェクト "C:\Users\Administrator\Documents\GitHub\urg_library\current\vs2010\c\get_multiecho\get_multiecho.vcxproj" からのターゲット "ComputeResolveLinkObj" (ターゲット "ComputeReferenceLinkInputs" は依存):
       false 条件のため、タスク "CallTarget" を省略しました。('%(_MSBuildProjectReferenceExistent.UseLibraryDependencyInputs)'=='true') は ('false'=='true') として評価されました。
     1>プロジェクト "get_multiecho.vcxproj" 内のターゲット "ComputeResolveLinkObj" のビルドが終了しました。
     1>ファイル "C:\Program Files (x86)\Microsoft Visual Studio\2017\Community\Common7\IDE\VC\VCTargets\Microsoft.CppBuild.targets" 内にある、プロジェクト "C:\Users\Administrator\Documents\GitHub\urg_library\current\vs2010\c\get_multiecho\get_multiecho.vcxproj" からのターゲット "ComputeReferenceLinkInputs" (ターゲット "_Link" は依存):
       false 条件のため、タスク "VCMessage" を省略しました。('%(ProjectReferenceToLink.ProjectType)' == 'DynamicLibrary' and '$(WindowsAppContainer)' == 'true' and '%(ProjectReferenceToLink.WindowsAppContainer)' != 'true') は ('StaticLibrary' == 'DynamicLibrary' and 'false' == 'true' and '' != 'true') として評価されました。
       false 条件のため、タスク "Message" を省略しました。('$(_REFERENCE_DEBUG)'=='true') は (''=='true') として評価されました。
     1>プロジェクト "get_multiecho.vcxproj" 内のターゲット "ComputeReferenceLinkInputs" のビルドが終了しました。
     1>ファイル "C:\Program Files (x86)\Microsoft Visual Studio\2017\Community\Common7\IDE\VC\VCTargets\Microsoft.CppBuild.targets" 内にある、プロジェクト "C:\Users\Administrator\Documents\GitHub\urg_library\current\vs2010\c\get_multiecho\get_multiecho.vcxproj" からのターゲット "ComputeManifestInputsTargets" (ターゲット "_Link" は依存):
     1>プロジェクト "get_multiecho.vcxproj" 内のターゲット "ComputeManifestInputsTargets" のビルドが終了しました。
       false 条件により、ターゲット "ManifestResourceCompile" を省略しました。('$(EmbedManifestBy)' == 'LINK' and '@(Manifest)' != '') は ('LINK' == 'LINK' and '' != '') として評価されました。
       false 条件により、ターゲット "AssignWinFXEmbeddedResource" を省略しました。('@(WinFXEmbeddedResource)' != '') は ('' != '') として評価されました。
     1>ファイル "C:\Program Files (x86)\Microsoft Visual Studio\2017\Community\MSBuild\15.0\Bin\Microsoft.Common.CurrentVersion.targets" 内にある、プロジェクト "C:\Users\Administrator\Documents\GitHub\urg_library\current\vs2010\c\get_multiecho\get_multiecho.vcxproj" からのターゲット "AssignTargetPaths" (ターゲット "PrepareResourceNames" は依存):
       "AssignTargetPath" タスクをアセンブリ "Microsoft.Build.Tasks.Core, Version=15.1.0.0, Culture=neutral, PublicKeyToken=b03f5f7f11d50a3a" から使用しています。
       タスク "AssignTargetPath"
       タスク "AssignTargetPath" の実行が終了しました。
       タスク "AssignTargetPath"
       タスク "AssignTargetPath" の実行が終了しました。
       タスク "AssignTargetPath"
       タスク "AssignTargetPath" の実行が終了しました。
       タスク "AssignTargetPath"
       タスク "AssignTargetPath" の実行が終了しました。
       false 条件のため、タスク "AssignTargetPath" を省略しました。('@(_DeploymentBaseManifestWithTargetPath)'=='' and '%(None.Extension)'=='.manifest') は (''=='' and ''=='.manifest') として評価されました。
     1>プロジェクト "get_multiecho.vcxproj" 内のターゲット "AssignTargetPaths" のビルドが終了しました。
       ターゲット "AssignTargetPaths" を省略しました。以前に正しくビルドされていました。
     1>ファイル "C:\Program Files (x86)\Microsoft Visual Studio\2017\Community\MSBuild\15.0\Bin\Microsoft.Common.CurrentVersion.targets" 内にある、プロジェクト "C:\Users\Administrator\Documents\GitHub\urg_library\current\vs2010\c\get_multiecho\get_multiecho.vcxproj" からのターゲット "SplitResourcesByCulture" (ターゲット "PrepareResourceNames" は依存):
       false 条件のため、タスク "Warning" を省略しました。('@(ResxWithNoCulture)'!='') は (''!='') として評価されました。
       false 条件のため、タスク "Warning" を省略しました。('@(ResxWithCulture)'!='') は (''!='') として評価されました。
       false 条件のため、タスク "Warning" を省略しました。('@(NonResxWithCulture)'!='') は (''!='') として評価されました。
       false 条件のため、タスク "Warning" を省略しました。('@(NonResxWithNoCulture)'!='') は (''!='') として評価されました。
       "AssignCulture" タスクをアセンブリ "Microsoft.Build.Tasks.Core, Version=15.1.0.0, Culture=neutral, PublicKeyToken=b03f5f7f11d50a3a" から使用しています。
       タスク "AssignCulture"
       タスク "AssignCulture" の実行が終了しました。
     1>プロジェクト "get_multiecho.vcxproj" 内のターゲット "SplitResourcesByCulture" のビルドが終了しました。
       false 条件により、ターゲット "CreateManifestResourceNames" を省略しました。('@(EmbeddedResource)' != '') は ('' != '') として評価されました。
     1>ファイル "C:\Program Files (x86)\Microsoft Visual Studio\2017\Community\MSBuild\15.0\Bin\Microsoft.Common.CurrentVersion.targets" 内にある、プロジェクト "C:\Users\Administrator\Documents\GitHub\urg_library\current\vs2010\c\get_multiecho\get_multiecho.vcxproj" からのターゲット "CreateCustomManifestResourceNames" (ターゲット "PrepareResourceNames" は依存):
     1>プロジェクト "get_multiecho.vcxproj" 内のターゲット "CreateCustomManifestResourceNames" のビルドが終了しました。
     1>ファイル "C:\Program Files (x86)\Microsoft Visual Studio\2017\Community\MSBuild\15.0\Bin\Microsoft.Common.CurrentVersion.targets" 内にある、プロジェクト "C:\Users\Administrator\Documents\GitHub\urg_library\current\vs2010\c\get_multiecho\get_multiecho.vcxproj" からのターゲット "PrepareResourceNames" (ターゲット "_Link" は依存):
     1>プロジェクト "get_multiecho.vcxproj" 内のターゲット "PrepareResourceNames" のビルドが終了しました。
     1>ファイル "C:\Program Files (x86)\Microsoft Visual Studio\2017\Community\Common7\IDE\VC\VCTargets\Microsoft.CppBuild.targets" 内にある、プロジェクト "C:\Users\Administrator\Documents\GitHub\urg_library\current\vs2010\c\get_multiecho\get_multiecho.vcxproj" からのターゲット "MakeDirsForLink" (ターゲット "_Link" は依存):
       タスク "MakeDir"
       タスク "MakeDir" の実行が終了しました。
     1>プロジェクト "get_multiecho.vcxproj" 内のターゲット "MakeDirsForLink" のビルドが終了しました。
     1>ファイル "C:\Program Files (x86)\Microsoft Visual Studio\2017\Community\Common7\IDE\VC\VCTargets\Microsoft.CppBuild.targets" 内にある、プロジェクト "C:\Users\Administrator\Documents\GitHub\urg_library\current\vs2010\c\get_multiecho\get_multiecho.vcxproj" からのターゲット "DoLinkOutputFilesMatch" (ターゲット "_Link" は依存):
       false 条件のため、タスク "VCMessage" を省略しました。('@(_OutputFileFromLink)' == '') は ('C:\Users\Administrator\Documents\GitHub\urg_library\current\vs2010\c\Debug\get_multiecho.exe' == '') として評価されました。
       false 条件のため、タスク "VCMessage" を省略しました。('@(_OutputFileFromLink)' != '' and '%(_OutputFileFromLink.FullPath)' != '$([System.IO.Path]::GetFullPath($(TargetPath)))') は ('C:\Users\Administrator\Documents\GitHub\urg_library\current\vs2010\c\Debug\get_multiecho.exe' != '' and 'C:\Users\Administrator\Documents\GitHub\urg_library\current\vs2010\c\Debug\get_multiecho.exe' != 'C:\Users\Administrator\Documents\GitHub\urg_library\current\vs2010\c\Debug\get_multiecho.exe') として評価されました。
       false 条件のため、タスク "VCMessage" を省略しました。('@(_OutputFileFromLink)' != '' and '%(_OutputFileFromLink.Extension)' != '' and '%(_OutputFileFromLink.Extension)' != '$(TargetExt)') は ('C:\Users\Administrator\Documents\GitHub\urg_library\current\vs2010\c\Debug\get_multiecho.exe' != '' and '.exe' != '' and '.exe' != '.exe') として評価されました。
       false 条件のため、タスク "VCMessage" を省略しました。('@(_OutputFileFromLink)' != '' and '%(_OutputFileFromLink.Filename)' != '' and '%(_OutputFileFromLink.Filename)' != '$(TargetName)') は ('C:\Users\Administrator\Documents\GitHub\urg_library\current\vs2010\c\Debug\get_multiecho.exe' != '' and 'get_multiecho' != '' and 'get_multiecho' != 'get_multiecho') として評価されました。
       false 条件のため、タスク "VCMessage" を省略しました。('%(Link.MinimumRequiredVersion)' != '' and ('%(Link.Subsystem)' == '' or '%(Link.Subsystem)' == 'NotSet')) は ('' != '' and ('Console' == '' or 'Console' == 'NotSet')) として評価されました。
     1>プロジェクト "get_multiecho.vcxproj" 内のターゲット "DoLinkOutputFilesMatch" のビルドが終了しました。
     1>ファイル "C:\Program Files (x86)\Microsoft Visual Studio\2017\Community\Common7\IDE\VC\VCTargets\Microsoft.CppCommon.targets" 内にある、プロジェクト "C:\Users\Administrator\Documents\GitHub\urg_library\current\vs2010\c\get_multiecho\get_multiecho.vcxproj" からのターゲット "PreLinkEvent" (ターゲット "_Link" は依存):
       false 条件のため、タスク "Message" を省略しました。('%(PreLinkEvent.Message)' != '' and '%(PreLinkEvent.Command)' != '') は ('' != '' and '' != '') として評価されました。
       false 条件のため、タスク "Exec" を省略しました。('%(PreLinkEvent.Command)' != '') は ('' != '') として評価されました。
     1>プロジェクト "get_multiecho.vcxproj" 内のターゲット "PreLinkEvent" のビルドが終了しました。
     1>ファイル "C:\Program Files (x86)\Microsoft Visual Studio\2017\Community\Common7\IDE\VC\VCTargets\Microsoft.CppCommon.targets" 内にある、プロジェクト "C:\Users\Administrator\Documents\GitHub\urg_library\current\vs2010\c\get_multiecho\get_multiecho.vcxproj" からのターゲット "ComputeLinkSwitches" (ターゲット "Link" は依存):
     1>プロジェクト "get_multiecho.vcxproj" 内のターゲット "ComputeLinkSwitches" のビルドが終了しました。
     1>ファイル "C:\Program Files (x86)\Microsoft Visual Studio\2017\Community\Common7\IDE\VC\VCTargets\Microsoft.CppCommon.targets" 内にある、プロジェクト "C:\Users\Administrator\Documents\GitHub\urg_library\current\vs2010\c\get_multiecho\get_multiecho.vcxproj" からのターゲット "Link" (ターゲット "_Link" は依存):
       "Link" タスクをアセンブリ "C:\Program Files (x86)\Microsoft Visual Studio\2017\Community\Common7\IDE\VC\VCTargets\Microsoft.Build.CppTasks.Common.dll" から使用しています。
       タスク "Link"
         ツールに渡された環境変数:
           VS_UNICODE_OUTPUT=1600
         C:\Program Files (x86)\Microsoft Visual Studio\2017\Community\VC\Tools\MSVC\14.11.25503\bin\HostX86\x86\link.exe /ERRORREPORT:PROMPT /OUT:"C:\Users\Administrator\Documents\GitHub\urg_library\current\vs2010\c\Debug\get_multiecho.exe" /INCREMENTAL /NOLOGO /LIBPATH:C:\Users\Administrator\Documents\GitHub\urg_library\current\vs2010\c\Debug urg.lib ws2_32.lib setupapi.lib kernel32.lib user32.lib gdi32.lib winspool.lib comdlg32.lib advapi32.lib shell32.lib ole32.lib oleaut32.lib uuid.lib odbc32.lib odbccp32.lib /MANIFEST /MANIFESTUAC:"level='asInvoker' uiAccess='false'" /manifest:embed /DEBUG /PDB:"C:\Users\Administrator\Documents\GitHub\urg_library\current\vs2010\c\Debug\get_multiecho.pdb" /SUBSYSTEM:CONSOLE /TLBID:1 /DYNAMICBASE /NXCOMPAT /IMPLIB:"C:\Users\Administrator\Documents\GitHub\urg_library\current\vs2010\c\Debug\get_multiecho.lib" /MACHINE:X86 /SAFESEH Debug\get_multiecho.obj
         Debug\open_urg_sensor.obj
         C:\Users\Administrator\Documents\GitHub\urg_library\current\vs2010\c\Debug\urg.lib
         トラッキング コマンド:
         C:\Program Files (x86)\Microsoft Visual Studio\2017\Community\MSBuild\15.0\Bin\Tracker.exe /a /d "C:\Program Files (x86)\MSBuild\15.0\FileTracker\FileTracker32.dll" /i C:\Users\Administrator\Documents\GitHub\urg_library\current\vs2010\c\get_multiecho\Debug\get_multiecho.tlog /r "C:\USERS\ADMINISTRATOR\DOCUMENTS\GITHUB\URG_LIBRARY\CURRENT\VS2010\C\DEBUG\URG.LIB|C:\USERS\ADMINISTRATOR\DOCUMENTS\GITHUB\URG_LIBRARY\CURRENT\VS2010\C\GET_MULTIECHO\DEBUG\GET_MULTIECHO.OBJ|C:\USERS\ADMINISTRATOR\DOCUMENTS\GITHUB\URG_LIBRARY\CURRENT\VS2010\C\GET_MULTIECHO\DEBUG\OPEN_URG_SENSOR.OBJ" /b MSBuildConsole_CancelEvent8e2a6826c640470f9f18703ec41076bd  /c "C:\Program Files (x86)\Microsoft Visual Studio\2017\Community\VC\Tools\MSVC\14.11.25503\bin\HostX86\x86\link.exe"  /ERRORREPORT:PROMPT /OUT:"C:\Users\Administrator\Documents\GitHub\urg_library\current\vs2010\c\Debug\get_multiecho.exe" /INCREMENTAL /NOLOGO /LIBPATH:C:\Users\Administrator\Documents\GitHub\urg_library\current\vs2010\c\Debug urg.lib ws2_32.lib setupapi.lib kernel32.lib user32.lib gdi32.lib winspool.lib comdlg32.lib advapi32.lib shell32.lib ole32.lib oleaut32.lib uuid.lib odbc32.lib odbccp32.lib /MANIFEST /MANIFESTUAC:"level='asInvoker' uiAccess='false'" /manifest:embed /DEBUG /PDB:"C:\Users\Administrator\Documents\GitHub\urg_library\current\vs2010\c\Debug\get_multiecho.pdb" /SUBSYSTEM:CONSOLE /TLBID:1 /DYNAMICBASE /NXCOMPAT /IMPLIB:"C:\Users\Administrator\Documents\GitHub\urg_library\current\vs2010\c\Debug\get_multiecho.lib" /MACHINE:X86 /SAFESEH Debug\get_multiecho.obj
         Debug\open_urg_sensor.obj
         C:\Users\Administrator\Documents\GitHub\urg_library\current\vs2010\c\Debug\urg.lib
     1>get_multiecho.obj : warning LNK4075: /EDITANDCONTINUE は /SAFESEH の指定によって無視されます。
       タスク "Link" の実行が終了しました。
       タスク "Message"
         get_multiecho.vcxproj -> C:\Users\Administrator\Documents\GitHub\urg_library\current\vs2010\c\Debug\get_multiecho.exe
       タスク "Message" の実行が終了しました。
       false 条件のため、タスク "VCMessage" を省略しました。(('$(EmbedManifestBy)' != 'LINK' or '$(LegacyManifestEmbedding)' != 'true' or '$(LinkSkippedExecution)' == 'true') and
                    %(Link.GenerateDebugInformation) == 'DebugFastLink' and %(Link.ProgramDataBaseFileName) != '') は (('LINK' != 'LINK' or '' != 'true' or 'False' == 'true') and
                    true == 'DebugFastLink' and  != '') として評価されました。
       false 条件のため、タスク "VCMessage" を省略しました。(('$(EmbedManifestBy)' != 'LINK' or '$(LegacyManifestEmbedding)' != 'true' or '$(LinkSkippedExecution)' == 'true') and
                    %(Link.GenerateDebugInformation) == 'true' and %(Link.ProgramDataBaseFileName) != '') は (('LINK' != 'LINK' or '' != 'true' or 'False' == 'true') and
                    true == 'true' and  != '') として評価されました。
     1>プロジェクト "get_multiecho.vcxproj" 内のターゲット "Link" のビルドが終了しました。
       false 条件により、ターゲット "MetaGenInputsOutputs" を省略しました。('$(EnableManagedIncrementalBuild)' == 'True') は ('false' == 'True') として評価されました。
       false 条件により、ターゲット "ComputeMetaGenInputs" を省略しました。('$(CLRSupport)'!='' and '$(CLRSupport)'!='false') は ('false'!='' and 'false'!='false') として評価されました。
       false 条件により、ターゲット "MetaGen" を省略しました。('@(MetaGen)' != '') は ('' != '') として評価されました。
     1>ファイル "C:\Program Files (x86)\Microsoft Visual Studio\2017\Community\Common7\IDE\VC\VCTargets\Microsoft.CppBuild.targets" 内にある、プロジェクト "C:\Users\Administrator\Documents\GitHub\urg_library\current\vs2010\c\get_multiecho\get_multiecho.vcxproj" からのターゲット "ComputeLinkImportLibraryOutputsForClean" (ターゲット "_Link" は依存):
       false 条件のため、タスク "WriteLinesToFile" を省略しました。('@(_LinkSecondaryOutput)' != '') は ('' != '') として評価されました。
     1>プロジェクト "get_multiecho.vcxproj" 内のターゲット "ComputeLinkImportLibraryOutputsForClean" のビルドが終了しました。
     1>ファイル "C:\Program Files (x86)\Microsoft Visual Studio\2017\Community\Common7\IDE\VC\VCTargets\Microsoft.CppBuild.targets" 内にある、プロジェクト "C:\Users\Administrator\Documents\GitHub\urg_library\current\vs2010\c\get_multiecho\get_multiecho.vcxproj" からのターゲット "AfterLink" (ターゲット "_Link" は依存):
     1>プロジェクト "get_multiecho.vcxproj" 内のターゲット "AfterLink" のビルドが終了しました。
     1>ファイル "C:\Program Files (x86)\Microsoft Visual Studio\2017\Community\Common7\IDE\VC\VCTargets\Microsoft.CppBuild.targets" 内にある、プロジェクト "C:\Users\Administrator\Documents\GitHub\urg_library\current\vs2010\c\get_multiecho\get_multiecho.vcxproj" からのターゲット "_Link" (ターゲット "_BuildLinkAction" は依存):
     1>プロジェクト "get_multiecho.vcxproj" 内のターゲット "_Link" のビルドが終了しました。
     1>ファイル "C:\Program Files (x86)\Microsoft Visual Studio\2017\Community\Common7\IDE\VC\VCTargets\Microsoft.CppBuild.targets" 内にある、プロジェクト "C:\Users\Administrator\Documents\GitHub\urg_library\current\vs2010\c\get_multiecho\get_multiecho.vcxproj" からのターゲット "_ALink" (ターゲット "_BuildLinkAction" は依存):
     1>プロジェクト "get_multiecho.vcxproj" 内のターゲット "_ALink" のビルドが終了しました。
       ターゲット "ComputeLegacyManifestEmbedding" を省略しました。以前に正しくビルドされていました。
     1>ファイル "C:\Program Files (x86)\Microsoft Visual Studio\2017\Community\Common7\IDE\VC\VCTargets\Microsoft.CppBuild.targets" 内にある、プロジェクト "C:\Users\Administrator\Documents\GitHub\urg_library\current\vs2010\c\get_multiecho\get_multiecho.vcxproj" からのターゲット "_Manifest" (ターゲット "_BuildLinkAction" は依存):
       false 条件のため、タスク "CallTarget" を省略しました。('$(LegacyManifestEmbedding)' == 'true') は ('' == 'true') として評価されました。
     1>プロジェクト "get_multiecho.vcxproj" 内のターゲット "_Manifest" のビルドが終了しました。
     1>ファイル "C:\Program Files (x86)\Microsoft Visual Studio\2017\Community\Common7\IDE\VC\VCTargets\Microsoft.CppCommon.targets" 内にある、プロジェクト "C:\Users\Administrator\Documents\GitHub\urg_library\current\vs2010\c\get_multiecho\get_multiecho.vcxproj" からのターゲット "RegisterOutput" (ターゲット "_BuildLinkAction" は依存):
       false 条件のため、タスク "Exec" を省略しました。('$(ConfigurationType)'=='DynamicLibrary' and '%(Link.RegisterOutput)'=='true' and '%(Link.PerUserRedirection)'!='true') は ('Application'=='DynamicLibrary' and 'false'=='true' and 'false'!='true') として評価されました。
       false 条件のため、タスク "Exec" を省略しました。('$(ConfigurationType)'=='DynamicLibrary' and '%(Link.RegisterOutput)'=='true' and '%(Link.PerUserRedirection)'=='true') は ('Application'=='DynamicLibrary' and 'false'=='true' and 'false'=='true') として評価されました。
       false 条件のため、タスク "Exec" を省略しました。('$(ConfigurationType)'=='Application' and '%(Link.RegisterOutput)'=='true' and '%(Link.PerUserRedirection)'!='true') は ('Application'=='Application' and 'false'=='true' and 'false'!='true') として評価されました。
       false 条件のため、タスク "Exec" を省略しました。('$(ConfigurationType)'=='Application' and '%(Link.RegisterOutput)'=='true' and '%(Link.PerUserRedirection)'=='true') は ('Application'=='Application' and 'false'=='true' and 'false'=='true') として評価されました。
       false 条件のため、タスク "VCMessage" を省略しました。('$(_RegisterOutputExitCode)' != '' and '$(_RegisterOutputExitCode)' != '0') は ('' != '' and '' != '0') として評価されました。
     1>プロジェクト "get_multiecho.vcxproj" 内のターゲット "RegisterOutput" のビルドが終了しました。
       ターゲット "PrepareForBuild" を省略しました。以前に正しくビルドされていました。
       ターゲット "ResolveReferences" を省略しました。以前に正しくビルドされていました。
     1>ファイル "C:\Program Files (x86)\Microsoft Visual Studio\2017\Community\Common7\IDE\VC\VCTargets\Microsoft.CppBuild.targets" 内にある、プロジェクト "C:\Users\Administrator\Documents\GitHub\urg_library\current\vs2010\c\get_multiecho\get_multiecho.vcxproj" からのターゲット "ResolvedXDCMake" (ターゲット "_XdcMake" は依存):
       false 条件のため、タスク "MSBuild" を省略しました。('%(_MSBuildProjectReferenceExistent.Extension)' == '.vcxproj' and '@(ProjectReferenceWithConfiguration)' != '' and '@(_MSBuildProjectReferenceExistent)' != '' and '$(_ClCompileGenerateXMLDocumentationFiles)' == 'true') は ('.vcxproj' == '.vcxproj' and '..\urg\urg.vcxproj' != '' and '..\urg\urg.vcxproj' != '' and '' == 'true') として評価されました。
     1>プロジェクト "get_multiecho.vcxproj" 内のターゲット "ResolvedXDCMake" のビルドが終了しました。
     1>ファイル "C:\Program Files (x86)\Microsoft Visual Studio\2017\Community\Common7\IDE\VC\VCTargets\Microsoft.CppBuild.targets" 内にある、プロジェクト "C:\Users\Administrator\Documents\GitHub\urg_library\current\vs2010\c\get_multiecho\get_multiecho.vcxproj" からのターゲット "ComputeCLCompileGeneratedXDCFiles" (ターゲット "_XdcMake" は依存):
     1>プロジェクト "get_multiecho.vcxproj" 内のターゲット "ComputeCLCompileGeneratedXDCFiles" のビルドが終了しました。
     1>ファイル "C:\Program Files (x86)\Microsoft Visual Studio\2017\Community\Common7\IDE\VC\VCTargets\Microsoft.CppBuild.targets" 内にある、プロジェクト "C:\Users\Administrator\Documents\GitHub\urg_library\current\vs2010\c\get_multiecho\get_multiecho.vcxproj" からのターゲット "MakeDirsForXdcMake" (ターゲット "_XdcMake" は依存):
       タスク "MakeDir"
       タスク "MakeDir" の実行が終了しました。
     1>プロジェクト "get_multiecho.vcxproj" 内のターゲット "MakeDirsForXdcMake" のビルドが終了しました。
       false 条件により、ターゲット "XdcMake" を省略しました。('@(XdcMake)' != '') は ('' != '') として評価されました。
     1>ファイル "C:\Program Files (x86)\Microsoft Visual Studio\2017\Community\Common7\IDE\VC\VCTargets\Microsoft.CppBuild.targets" 内にある、プロジェクト "C:\Users\Administrator\Documents\GitHub\urg_library\current\vs2010\c\get_multiecho\get_multiecho.vcxproj" からのターゲット "_XdcMake" (ターゲット "_BuildLinkAction" は依存):
     1>プロジェクト "get_multiecho.vcxproj" 内のターゲット "_XdcMake" のビルドが終了しました。
     1>ファイル "C:\Program Files (x86)\Microsoft Visual Studio\2017\Community\Common7\IDE\VC\VCTargets\Microsoft.CppBuild.targets" 内にある、プロジェクト "C:\Users\Administrator\Documents\GitHub\urg_library\current\vs2010\c\get_multiecho\get_multiecho.vcxproj" からのターゲット "ComputeCLCompileGeneratedSbrFiles" (ターゲット "_BscMake" は依存):
     1>プロジェクト "get_multiecho.vcxproj" 内のターゲット "ComputeCLCompileGeneratedSbrFiles" のビルドが終了しました。
     1>ファイル "C:\Program Files (x86)\Microsoft Visual Studio\2017\Community\Common7\IDE\VC\VCTargets\Microsoft.CppBuild.targets" 内にある、プロジェクト "C:\Users\Administrator\Documents\GitHub\urg_library\current\vs2010\c\get_multiecho\get_multiecho.vcxproj" からのターゲット "MakeDirsForBscMake" (ターゲット "_BscMake" は依存):
       タスク "MakeDir"
       タスク "MakeDir" の実行が終了しました。
     1>プロジェクト "get_multiecho.vcxproj" 内のターゲット "MakeDirsForBscMake" のビルドが終了しました。
       false 条件により、ターゲット "BscMake" を省略しました。('@(BscMake)' != '') は ('' != '') として評価されました。
       false 条件により、ターゲット "CustomBuildStep" を省略しました。('@(CustomBuildStep)' != '' and '$(SelectedFiles)'=='') は ('' != '' and ''=='') として評価されました。
     1>ファイル "C:\Program Files (x86)\Microsoft Visual Studio\2017\Community\Common7\IDE\VC\VCTargets\Microsoft.CppBuild.targets" 内にある、プロジェクト "C:\Users\Administrator\Documents\GitHub\urg_library\current\vs2010\c\get_multiecho\get_multiecho.vcxproj" からのターゲット "_BscMake" (ターゲット "_BuildLinkAction" は依存):
     1>プロジェクト "get_multiecho.vcxproj" 内のターゲット "_BscMake" のビルドが終了しました。
       false 条件により、ターゲット "RunMergeNativeCodeAnalysis" を省略しました。('$(Language)'=='C++' and '$(RunCodeAnalysisOnThisProject)'=='true') は ('C++'=='C++' and ''=='true') として評価されました。
       false 条件により、ターゲット "RunNativeCodeAnalysis" を省略しました。('$(Language)'=='C++' and '$(RunCodeAnalysisOnThisProject)'=='true') は ('C++'=='C++' and ''=='true') として評価されました。
     1>ファイル "C:\Program Files (x86)\Microsoft Visual Studio\2017\Community\MSBuild\15.0\Bin\Microsoft.Common.CurrentVersion.targets" 内にある、プロジェクト "C:\Users\Administrator\Documents\GitHub\urg_library\current\vs2010\c\get_multiecho\get_multiecho.vcxproj" からのターゲット "_GenerateSatelliteAssemblyInputs" (ターゲット "CreateSatelliteAssemblies" は依存):
       false 条件のため、タスク "Warning" を省略しました。('@(ManifestResourceWithCulture)'!='' and '%(ManifestResourceWithCulture.EmittedForCompatibilityOnly)'=='') は (''!='' and ''=='') として評価されました。
       false 条件のため、タスク "Warning" を省略しました。('@(ManifestNonResxWithCultureOnDisk)'!='' and '%(ManifestNonResxWithCultureOnDisk.EmittedForCompatibilityOnly)'=='') は (''!='' and ''=='') として評価されました。
     1>プロジェクト "get_multiecho.vcxproj" 内のターゲット "_GenerateSatelliteAssemblyInputs" のビルドが終了しました。
       false 条件により、ターゲット "ComputeIntermediateSatelliteAssemblies" を省略しました。(@(ReferenceSatellitePaths->'%(DestinationSubDirectory)') != '') は ( != '') として評価されました。
       false 条件により、ターゲット "GenerateSatelliteAssemblies" を省略しました。('@(_SatelliteAssemblyResourceInputs)' != '') は ('' != '') として評価されました。
     1>ファイル "C:\Program Files (x86)\Microsoft Visual Studio\2017\Community\MSBuild\15.0\Bin\Microsoft.Common.CurrentVersion.targets" 内にある、プロジェクト "C:\Users\Administrator\Documents\GitHub\urg_library\current\vs2010\c\get_multiecho\get_multiecho.vcxproj" からのターゲット "CreateSatelliteAssemblies" (ターゲット "_BuildLinkAction" は依存):
     1>プロジェクト "get_multiecho.vcxproj" 内のターゲット "CreateSatelliteAssemblies" のビルドが終了しました。
     1>ファイル "C:\Program Files (x86)\Microsoft Visual Studio\2017\Community\Common7\IDE\VC\VCTargets\Microsoft.CppBuild.targets" 内にある、プロジェクト "C:\Users\Administrator\Documents\GitHub\urg_library\current\vs2010\c\get_multiecho\get_multiecho.vcxproj" からのターゲット "_Appverifier" (ターゲット "_BuildLinkAction" は依存):
     1>プロジェクト "get_multiecho.vcxproj" 内のターゲット "_Appverifier" のビルドが終了しました。
     1>ファイル "C:\Program Files (x86)\Microsoft Visual Studio\2017\Community\Common7\IDE\VC\VCTargets\Microsoft.CppBuild.targets" 内にある、プロジェクト "C:\Users\Administrator\Documents\GitHub\urg_library\current\vs2010\c\get_multiecho\get_multiecho.vcxproj" からのターゲット "_Deploy" (ターゲット "_BuildLinkAction" は依存):
     1>プロジェクト "get_multiecho.vcxproj" 内のターゲット "_Deploy" のビルドが終了しました。
       false 条件により、ターゲット "ComputeIntermediateSatelliteAssemblies" を省略しました。(@(ReferenceSatellitePaths->'%(DestinationSubDirectory)') != '') は ( != '') として評価されました。
       false 条件により、ターゲット "_CopyFilesMarkedCopyLocal" を省略しました。('@(ReferenceCopyLocalPaths)' != '') は ('' != '') として評価されました。
       ターゲット "AssignTargetPaths" を省略しました。以前に正しくビルドされていました。
       ターゲット "_SplitProjectReferencesByFileExistence" を省略しました。以前に正しくビルドされていました。
       ターゲット "_GetProjectReferenceTargetFrameworkProperties" を省略しました。以前に正しくビルドされていました。
     1>ファイル "C:\windows\Microsoft.NET\Framework\v4.0.30319\Microsoft.Xaml.targets" 内にある、プロジェクト "C:\Users\Administrator\Documents\GitHub\urg_library\current\vs2010\c\get_multiecho\get_multiecho.vcxproj" からのターゲット "GetCopyToOutputDirectoryXamlAppDefs" (ターゲット "GetCopyToOutputDirectoryItems" は依存):
       タスク "AssignTargetPath"
       タスク "AssignTargetPath" の実行が終了しました。
     1>プロジェクト "get_multiecho.vcxproj" 内のターゲット "GetCopyToOutputDirectoryXamlAppDefs" のビルドが終了しました。
     1>ファイル "C:\Program Files (x86)\Microsoft Visual Studio\2017\Community\MSBuild\15.0\Bin\Microsoft.Common.CurrentVersion.targets" 内にある、プロジェクト "C:\Users\Administrator\Documents\GitHub\urg_library\current\vs2010\c\get_multiecho\get_multiecho.vcxproj" からのターゲット "GetCopyToOutputDirectoryItems" (ターゲット "_CopySourceItemsToOutputDirectory" は依存):
       タスク "MSBuild"
         グローバル プロパティ:
           Configuration=Debug
           Platform=Win32
     1>プロジェクト "C:\Users\Administrator\Documents\GitHub\urg_library\current\vs2010\c\get_multiecho\get_multiecho.vcxproj" (1) は、ノード 2 上に "C:\Users\Administrator\Documents\GitHub\urg_library\current\vs2010\c\urg\urg.vcxproj" (2:4) をビルドしています (GetCopyToOutputDirectoryItems ターゲット)。
   2:4>ツール バージョン "15.0" でビルドしています。
       ターゲット "GetCopyToOutputDirectoryItems" を省略しました。以前に正しくビルドされていました。
   2:4>プロジェクト "C:\Users\Administrator\Documents\GitHub\urg_library\current\vs2010\c\urg\urg.vcxproj" (GetCopyToOutputDirectoryItems ターゲット) のビルドが完了しました。
     1>タスク "MSBuild" の実行が終了しました。
       タスク "AssignTargetPath"
       タスク "AssignTargetPath" の実行が終了しました。
     1>プロジェクト "get_multiecho.vcxproj" 内のターゲット "GetCopyToOutputDirectoryItems" のビルドが終了しました。
       false 条件により、ターゲット "_CopyOutOfDateSourceItemsToOutputDirectory" を省略しました。( '@(_SourceItemsToCopyToOutputDirectory)' != '' ) は ( '' != '' ) として評価されました。
       false 条件により、ターゲット "_CopyOutOfDateSourceItemsToOutputDirectoryAlways" を省略しました。( '@(_SourceItemsToCopyToOutputDirectoryAlways)' != '' ) は ( '' != '' ) として評価されました。
     1>ファイル "C:\Program Files (x86)\Microsoft Visual Studio\2017\Community\MSBuild\15.0\Bin\Microsoft.Common.CurrentVersion.targets" 内にある、プロジェクト "C:\Users\Administrator\Documents\GitHub\urg_library\current\vs2010\c\get_multiecho\get_multiecho.vcxproj" からのターゲット "_CopySourceItemsToOutputDirectory" (ターゲット "CopyFilesToOutputDirectory" は依存):
     1>プロジェクト "get_multiecho.vcxproj" 内のターゲット "_CopySourceItemsToOutputDirectory" のビルドが終了しました。
       false 条件により、ターゲット "_CopyAppConfigFile" を省略しました。( '@(AppConfigWithTargetPath)' != '' ) は ( '' != '' ) として評価されました。
       false 条件により、ターゲット "_CopyManifestFiles" を省略しました。( '$(_DeploymentCopyApplicationManifest)'=='true' or '$(GenerateClickOnceManifests)'=='true' ) は ( ''=='true' or ''=='true' ) として評価されました。
     1>ファイル "C:\Program Files (x86)\Microsoft Visual Studio\2017\Community\MSBuild\15.0\Bin\Microsoft.Common.CurrentVersion.targets" 内にある、プロジェクト "C:\Users\Administrator\Documents\GitHub\urg_library\current\vs2010\c\get_multiecho\get_multiecho.vcxproj" からのターゲット "_CheckForCompileOutputs" (ターゲット "CopyFilesToOutputDirectory" は依存):
     1>プロジェクト "get_multiecho.vcxproj" 内のターゲット "_CheckForCompileOutputs" のビルドが終了しました。
       false 条件により、ターゲット "_SGenCheckForOutputs" を省略しました。('$(_SGenGenerateSerializationAssembliesConfig)' == 'On' or ('@(WebReferenceUrl)'!='' and '$(_SGenGenerateSerializationAssembliesConfig)' == 'Auto')) は ('Off' == 'On' or (''!='' and 'Off' == 'Auto')) として評価されました。
     1>ファイル "C:\Program Files (x86)\Microsoft Visual Studio\2017\Community\MSBuild\15.0\Bin\Microsoft.Common.CurrentVersion.targets" 内にある、プロジェクト "C:\Users\Administrator\Documents\GitHub\urg_library\current\vs2010\c\get_multiecho\get_multiecho.vcxproj" からのターゲット "CopyFilesToOutputDirectory" (ターゲット "PrepareForRun" は依存):
       false 条件のため、タスク "Copy" を省略しました。('$(CopyBuildOutputToOutputDirectory)' == 'true' and '$(SkipCopyBuildProduct)' != 'true') は ('true' == 'true' and 'true' != 'true') として評価されました。
       false 条件のため、タスク "CopyRefAssembly" を省略しました。('$(ProduceReferenceAssembly)' == 'true' and '$(CopyBuildOutputToOutputDirectory)' == 'true' and '$(SkipCopyBuildProduct)' != 'true') は ('false' == 'true' and 'true' == 'true' and 'true' != 'true') として評価されました。
       false 条件のため、タスク "Message" を省略しました。('$(CopyBuildOutputToOutputDirectory)' == 'true' and '$(SkipCopyBuildProduct)'!='true') は ('true' == 'true' and 'true'!='true') として評価されました。
       false 条件のため、タスク "Copy" を省略しました。('@(AddModules)' != '') は ('' != '') として評価されました。
       false 条件のため、タスク "Copy" を省略しました。('$(_SGenDllCreated)'=='true') は ('false'=='true') として評価されました。
       false 条件のため、タスク "Copy" を省略しました。('$(_DebugSymbolsProduced)'=='true' and '$(SkipCopyingSymbolsToOutputDirectory)' != 'true' and '$(CopyOutputSymbolsToOutputDirectory)'=='true') は ('false'=='true' and '' != 'true' and 'true'=='true') として評価されました。
       false 条件のため、タスク "Copy" を省略しました。('$(_DocumentationFileProduced)'=='true') は ('false'=='true') として評価されました。
       false 条件のため、タスク "Copy" を省略しました。('@(IntermediateSatelliteAssembliesWithTargetPath)' != '') は ('' != '') として評価されました。
       false 条件のため、タスク "Copy" を省略しました。('@(ReferenceComWrappersToCopyLocal)' != '' or '@(ResolvedIsolatedComModules)' != '' or '@(_DeploymentLooseManifestFile)' != '' or '@(NativeReferenceFile)' != '' ) は ('' != '' or '' != '' or '' != '' or '' != '' ) として評価されました。
       false 条件のため、タスク "Copy" を省略しました。('$(SkipCopyWinMDArtifact)' != 'true' and '@(WinMDExpArtifacts)' != '') は ('' != 'true' and '' != '') として評価されました。
       false 条件のため、タスク "Message" を省略しました。('$(SkipCopyWinMDArtifact)' != 'true' and '$(_WindowsMetadataOutputPath)' != '') は ('' != 'true' and '' != '') として評価されました。
     1>プロジェクト "get_multiecho.vcxproj" 内のターゲット "CopyFilesToOutputDirectory" のビルドが終了しました。
     1>ファイル "C:\Program Files (x86)\Microsoft Visual Studio\2017\Community\MSBuild\15.0\Bin\Microsoft.Common.CurrentVersion.targets" 内にある、プロジェクト "C:\Users\Administrator\Documents\GitHub\urg_library\current\vs2010\c\get_multiecho\get_multiecho.vcxproj" からのターゲット "PrepareForRun" (ターゲット "_BuildLinkAction" は依存):
     1>プロジェクト "get_multiecho.vcxproj" 内のターゲット "PrepareForRun" のビルドが終了しました。
       false 条件により、ターゲット "CustomBuildStep" を省略しました。('@(CustomBuildStep)' != '' and '$(SelectedFiles)'=='') は ('' != '' and ''=='') として評価されました。
     1>ファイル "C:\Program Files (x86)\Microsoft Visual Studio\2017\Community\Common7\IDE\VC\VCTargets\Microsoft.CppCommon.targets" 内にある、プロジェクト "C:\Users\Administrator\Documents\GitHub\urg_library\current\vs2010\c\get_multiecho\get_multiecho.vcxproj" からのターゲット "PostBuildEvent" (ターゲット "_BuildLinkAction" は依存):
       false 条件のため、タスク "Message" を省略しました。('%(PostBuildEvent.Message)' != '' and '%(PostBuildEvent.Command)' != '') は ('' != '' and '' != '') として評価されました。
       false 条件のため、タスク "Exec" を省略しました。('%(PostBuildEvent.Command)' != '') は ('' != '') として評価されました。
     1>プロジェクト "get_multiecho.vcxproj" 内のターゲット "PostBuildEvent" のビルドが終了しました。
     1>ファイル "C:\Program Files (x86)\Microsoft Visual Studio\2017\Community\Common7\IDE\VC\VCTargets\Microsoft.CppBuild.targets" 内にある、プロジェクト "C:\Users\Administrator\Documents\GitHub\urg_library\current\vs2010\c\get_multiecho\get_multiecho.vcxproj" からのターゲット "_BuildLinkAction" (ターゲット "BuildLink" は依存):
     1>プロジェクト "get_multiecho.vcxproj" 内のターゲット "_BuildLinkAction" のビルドが終了しました。
     1>ファイル "C:\Program Files (x86)\Microsoft Visual Studio\2017\Community\MSBuild\15.0\Bin\Microsoft.Common.CurrentVersion.targets" 内にある、プロジェクト "C:\Users\Administrator\Documents\GitHub\urg_library\current\vs2010\c\get_multiecho\get_multiecho.vcxproj" からのターゲット "BuildLink" (ターゲット "Build" は依存):
     1>プロジェクト "get_multiecho.vcxproj" 内のターゲット "BuildLink" のビルドが終了しました。
     1>ファイル "C:\Program Files (x86)\Microsoft Visual Studio\2017\Community\Common7\IDE\VC\VCTargets\Microsoft.BuildSteps.Targets" 内にある、プロジェクト "C:\Users\Administrator\Documents\GitHub\urg_library\current\vs2010\c\get_multiecho\get_multiecho.vcxproj" からのターゲット "AfterBuild" (ターゲット "Build" は依存):
     1>プロジェクト "get_multiecho.vcxproj" 内のターゲット "AfterBuild" のビルドが終了しました。
     1>ファイル "C:\Program Files (x86)\Microsoft Visual Studio\2017\Community\Common7\IDE\VC\VCTargets\Microsoft.CppBuild.targets" 内にある、プロジェクト "C:\Users\Administrator\Documents\GitHub\urg_library\current\vs2010\c\get_multiecho\get_multiecho.vcxproj" からのターゲット "FinalizeBuildStatus" (ターゲット "Build" は依存):
       タスク "Delete"
         ファイル "Debug\get_multiecho.tlog\unsuccessfulbuild" を削除しています。
       タスク "Delete" の実行が終了しました。
       タスク "Touch"
         "Debug\get_multiecho.tlog\get_multiecho.lastbuildstate" のタッチ タスクを実行しています。
       タスク "Touch" の実行が終了しました。
     1>プロジェクト "get_multiecho.vcxproj" 内のターゲット "FinalizeBuildStatus" のビルドが終了しました。
     1>ファイル "C:\Program Files (x86)\Microsoft Visual Studio\2017\Community\Common7\IDE\VC\VCTargets\Microsoft.BuildSteps.Targets" 内にある、プロジェクト "C:\Users\Administrator\Documents\GitHub\urg_library\current\vs2010\c\get_multiecho\get_multiecho.vcxproj" からのターゲット "Build" (ターゲット "Rebuild" は依存):
     1>プロジェクト "get_multiecho.vcxproj" 内のターゲット "Build" のビルドが終了しました。
     1>ファイル "C:\Program Files (x86)\Microsoft Visual Studio\2017\Community\MSBuild\Microsoft\VisualStudio\Managed.Web\Microsoft.Web.IISSupport.targets" 内にある、プロジェクト "C:\Users\Administrator\Documents\GitHub\urg_library\current\vs2010\c\get_multiecho\get_multiecho.vcxproj" からのターゲット "CleanupEmptyRefsFolder" (ターゲット "Rebuild" は依存):
       false 条件のため、タスク "RemoveDir" を省略しました。(@(_FilesInRefsFolder ->Count()) == 0) は (14 == 0) として評価されました。
     1>プロジェクト "get_multiecho.vcxproj" 内のターゲット "CleanupEmptyRefsFolder" のビルドが終了しました。
     1>ファイル "C:\Program Files (x86)\Microsoft Visual Studio\2017\Community\MSBuild\15.0\Bin\Microsoft.Common.CurrentVersion.targets" 内にある、プロジェクト "C:\Users\Administrator\Documents\GitHub\urg_library\current\vs2010\c\get_multiecho\get_multiecho.vcxproj" からのターゲット "AfterRebuild" (ターゲット "Rebuild" は依存):
     1>プロジェクト "get_multiecho.vcxproj" 内のターゲット "AfterRebuild" のビルドが終了しました。
       ターゲット "_CheckForInvalidConfigurationAndPlatform" を省略しました。以前に正しくビルドされていました。
     1>ファイル "C:\Program Files (x86)\Microsoft Visual Studio\2017\Community\Common7\IDE\VC\VCTargets\Microsoft.BuildSteps.Targets" 内にある、プロジェクト "C:\Users\Administrator\Documents\GitHub\urg_library\current\vs2010\c\get_multiecho\get_multiecho.vcxproj" からのターゲット "Rebuild" (エントリ ポイント):
     1>プロジェクト "get_multiecho.vcxproj" 内のターゲット "Rebuild" のビルドが終了しました。
     1>プロジェクト "C:\Users\Administrator\Documents\GitHub\urg_library\current\vs2010\c\get_multiecho\get_multiecho.vcxproj" (Rebuild ターゲット) のビルドが完了しました。
